{"/workspace/projects/server/src/modules/ai/ai.service.ts": {"path":"/workspace/projects/server/src/modules/ai/ai.service.ts","statementMap":{"0":{"start":{"line":1,"column":0},"end":{"line":1,"column":51}},"1":{"start":{"line":2,"column":0},"end":{"line":2,"column":55}},"2":{"start":{"line":5,"column":22},"end":{"line":121,"column":null}},"3":{"start":{"line":6,"column":19},"end":{"line":6,"column":null}},"4":{"start":{"line":10,"column":19},"end":{"line":10,"column":31}},"5":{"start":{"line":11,"column":4},"end":{"line":11,"column":null}},"6":{"start":{"line":18,"column":4},"end":{"line":47,"column":5}},"7":{"start":{"line":19,"column":21},"end":{"line":24,"column":null}},"8":{"start":{"line":26,"column":23},"end":{"line":26,"column":67}},"9":{"start":{"line":28,"column":23},"end":{"line":31,"column":8}},"10":{"start":{"line":33,"column":6},"end":{"line":39,"column":null}},"11":{"start":{"line":41,"column":6},"end":{"line":41,"column":null}},"12":{"start":{"line":42,"column":6},"end":{"line":46,"column":null}},"13":{"start":{"line":54,"column":4},"end":{"line":83,"column":5}},"14":{"start":{"line":55,"column":21},"end":{"line":60,"column":null}},"15":{"start":{"line":62,"column":23},"end":{"line":62,"column":67}},"16":{"start":{"line":64,"column":23},"end":{"line":67,"column":8}},"17":{"start":{"line":69,"column":6},"end":{"line":75,"column":null}},"18":{"start":{"line":77,"column":6},"end":{"line":77,"column":null}},"19":{"start":{"line":78,"column":6},"end":{"line":82,"column":null}},"20":{"start":{"line":90,"column":4},"end":{"line":119,"column":5}},"21":{"start":{"line":91,"column":21},"end":{"line":96,"column":null}},"22":{"start":{"line":98,"column":23},"end":{"line":98,"column":67}},"23":{"start":{"line":100,"column":23},"end":{"line":103,"column":8}},"24":{"start":{"line":105,"column":6},"end":{"line":111,"column":null}},"25":{"start":{"line":113,"column":6},"end":{"line":113,"column":null}},"26":{"start":{"line":114,"column":6},"end":{"line":118,"column":null}},"27":{"start":{"line":5,"column":13},"end":{"line":5,"column":22}},"28":{"start":{"line":5,"column":13},"end":{"line":121,"column":null}}},"fnMap":{"0":{"name":"(anonymous_2)","decl":{"start":{"line":9,"column":2},"end":{"line":9,"column":null}},"loc":{"start":{"line":9,"column":2},"end":{"line":12,"column":3}}},"1":{"name":"(anonymous_3)","decl":{"start":{"line":17,"column":2},"end":{"line":17,"column":7}},"loc":{"start":{"line":17,"column":94},"end":{"line":48,"column":3}}},"2":{"name":"(anonymous_4)","decl":{"start":{"line":53,"column":2},"end":{"line":53,"column":7}},"loc":{"start":{"line":53,"column":92},"end":{"line":84,"column":3}}},"3":{"name":"(anonymous_5)","decl":{"start":{"line":89,"column":2},"end":{"line":89,"column":7}},"loc":{"start":{"line":89,"column":129},"end":{"line":120,"column":3}}}},"branchMap":{"0":{"loc":{"start":{"line":55,"column":73},"end":{"line":55,"column":116}},"type":"cond-expr","locations":[{"start":{"line":55,"column":89},"end":{"line":55,"column":111}},{"start":{"line":55,"column":114},"end":{"line":55,"column":116}}]}},"s":{"0":1,"1":1,"2":1,"3":0,"4":0,"5":0,"6":0,"7":0,"8":0,"9":0,"10":0,"11":0,"12":0,"13":0,"14":0,"15":0,"16":0,"17":0,"18":0,"19":0,"20":0,"21":0,"22":0,"23":0,"24":0,"25":0,"26":0,"27":1,"28":1},"f":{"0":0,"1":0,"2":0,"3":0},"b":{"0":[0,0]}}
,"/workspace/projects/server/src/modules/ai-cover/ai-cover.service.ts": {"path":"/workspace/projects/server/src/modules/ai-cover/ai-cover.service.ts","statementMap":{"0":{"start":{"line":1,"column":0},"end":{"line":1,"column":51}},"1":{"start":{"line":2,"column":0},"end":{"line":2,"column":67}},"2":{"start":{"line":3,"column":0},"end":{"line":3,"column":25}},"3":{"start":{"line":4,"column":0},"end":{"line":4,"column":43}},"4":{"start":{"line":7,"column":27},"end":{"line":182,"column":null}},"5":{"start":{"line":8,"column":19},"end":{"line":8,"column":null}},"6":{"start":{"line":12,"column":19},"end":{"line":12,"column":31}},"7":{"start":{"line":13,"column":4},"end":{"line":13,"column":null}},"8":{"start":{"line":25,"column":78},"end":{"line":25,"column":84}},"9":{"start":{"line":28,"column":17},"end":{"line":28,"column":82}},"10":{"start":{"line":30,"column":4},"end":{"line":30,"column":null}},"11":{"start":{"line":32,"column":4},"end":{"line":63,"column":5}},"12":{"start":{"line":33,"column":23},"end":{"line":37,"column":8}},"13":{"start":{"line":39,"column":21},"end":{"line":39,"column":65}},"14":{"start":{"line":41,"column":6},"end":{"line":43,"column":7}},"15":{"start":{"line":42,"column":8},"end":{"line":42,"column":null}},"16":{"start":{"line":46,"column":23},"end":{"line":46,"column":42}},"17":{"start":{"line":47,"column":26},"end":{"line":47,"column":60}},"18":{"start":{"line":49,"column":23},"end":{"line":49,"column":56}},"19":{"start":{"line":50,"column":26},"end":{"line":55,"column":8}},"20":{"start":{"line":57,"column":6},"end":{"line":57,"column":null}},"21":{"start":{"line":59,"column":6},"end":{"line":59,"column":null}},"22":{"start":{"line":61,"column":6},"end":{"line":61,"column":null}},"23":{"start":{"line":62,"column":6},"end":{"line":62,"column":null}},"24":{"start":{"line":70,"column":49},"end":{"line":75,"column":null}},"25":{"start":{"line":77,"column":48},"end":{"line":85,"column":null}},"26":{"start":{"line":87,"column":22},"end":{"line":87,"column":69}},"27":{"start":{"line":88,"column":22},"end":{"line":88,"column":67}},"28":{"start":{"line":90,"column":4},"end":{"line":90,"column":null}},"29":{"start":{"line":104,"column":74},"end":{"line":104,"column":80}},"30":{"start":{"line":106,"column":19},"end":{"line":106,"column":88}},"31":{"start":{"line":108,"column":4},"end":{"line":108,"column":null}},"32":{"start":{"line":110,"column":4},"end":{"line":138,"column":5}},"33":{"start":{"line":111,"column":23},"end":{"line":115,"column":8}},"34":{"start":{"line":117,"column":21},"end":{"line":117,"column":65}},"35":{"start":{"line":119,"column":6},"end":{"line":121,"column":7}},"36":{"start":{"line":120,"column":8},"end":{"line":120,"column":null}},"37":{"start":{"line":123,"column":23},"end":{"line":123,"column":42}},"38":{"start":{"line":124,"column":26},"end":{"line":124,"column":60}},"39":{"start":{"line":126,"column":23},"end":{"line":126,"column":59}},"40":{"start":{"line":127,"column":26},"end":{"line":132,"column":8}},"41":{"start":{"line":134,"column":6},"end":{"line":134,"column":null}},"42":{"start":{"line":136,"column":6},"end":{"line":136,"column":null}},"43":{"start":{"line":137,"column":6},"end":{"line":137,"column":null}},"44":{"start":{"line":150,"column":49},"end":{"line":154,"column":null}},"45":{"start":{"line":156,"column":48},"end":{"line":164,"column":null}},"46":{"start":{"line":166,"column":22},"end":{"line":166,"column":69}},"47":{"start":{"line":167,"column":22},"end":{"line":167,"column":67}},"48":{"start":{"line":169,"column":4},"end":{"line":169,"column":null}},"49":{"start":{"line":176,"column":21},"end":{"line":179,"column":6}},"50":{"start":{"line":180,"column":4},"end":{"line":180,"column":null}},"51":{"start":{"line":7,"column":13},"end":{"line":7,"column":27}},"52":{"start":{"line":7,"column":13},"end":{"line":182,"column":null}}},"fnMap":{"0":{"name":"(anonymous_3)","decl":{"start":{"line":11,"column":2},"end":{"line":11,"column":null}},"loc":{"start":{"line":11,"column":2},"end":{"line":14,"column":3}}},"1":{"name":"(anonymous_4)","decl":{"start":{"line":19,"column":2},"end":{"line":19,"column":7}},"loc":{"start":{"line":24,"column":3},"end":{"line":64,"column":3}}},"2":{"name":"(anonymous_5)","decl":{"start":{"line":69,"column":10},"end":{"line":69,"column":21}},"loc":{"start":{"line":69,"column":77},"end":{"line":91,"column":3}}},"3":{"name":"(anonymous_6)","decl":{"start":{"line":96,"column":2},"end":{"line":96,"column":7}},"loc":{"start":{"line":103,"column":3},"end":{"line":139,"column":3}}},"4":{"name":"(anonymous_7)","decl":{"start":{"line":144,"column":10},"end":{"line":144,"column":31}},"loc":{"start":{"line":148,"column":17},"end":{"line":170,"column":3}}},"5":{"name":"(anonymous_8)","decl":{"start":{"line":175,"column":10},"end":{"line":175,"column":15}},"loc":{"start":{"line":175,"column":41},"end":{"line":181,"column":3}}}},"branchMap":{"0":{"loc":{"start":{"line":25,"column":38},"end":{"line":25,"column":59}},"type":"default-arg","locations":[{"start":{"line":25,"column":46},"end":{"line":25,"column":59}}]},"1":{"loc":{"start":{"line":28,"column":17},"end":{"line":28,"column":82}},"type":"binary-expr","locations":[{"start":{"line":28,"column":17},"end":{"line":28,"column":29}},{"start":{"line":28,"column":33},"end":{"line":28,"column":82}}]},"2":{"loc":{"start":{"line":41,"column":6},"end":{"line":43,"column":7}},"type":"if","locations":[{"start":{"line":41,"column":6},"end":{"line":43,"column":7}},{"start":{},"end":{}}]},"3":{"loc":{"start":{"line":41,"column":10},"end":{"line":41,"column":49}},"type":"binary-expr","locations":[{"start":{"line":41,"column":10},"end":{"line":41,"column":25}},{"start":{"line":41,"column":29},"end":{"line":41,"column":49}}]},"4":{"loc":{"start":{"line":42,"column":24},"end":{"line":42,"column":67}},"type":"binary-expr","locations":[{"start":{"line":42,"column":24},"end":{"line":42,"column":55}},{"start":{"line":42,"column":59},"end":{"line":42,"column":67}}]},"5":{"loc":{"start":{"line":87,"column":22},"end":{"line":87,"column":69}},"type":"binary-expr","locations":[{"start":{"line":87,"column":22},"end":{"line":87,"column":41}},{"start":{"line":87,"column":45},"end":{"line":87,"column":69}}]},"6":{"loc":{"start":{"line":88,"column":22},"end":{"line":88,"column":67}},"type":"binary-expr","locations":[{"start":{"line":88,"column":22},"end":{"line":88,"column":46}},{"start":{"line":88,"column":50},"end":{"line":88,"column":67}}]},"7":{"loc":{"start":{"line":104,"column":48},"end":{"line":104,"column":69}},"type":"default-arg","locations":[{"start":{"line":104,"column":56},"end":{"line":104,"column":69}}]},"8":{"loc":{"start":{"line":119,"column":6},"end":{"line":121,"column":7}},"type":"if","locations":[{"start":{"line":119,"column":6},"end":{"line":121,"column":7}},{"start":{},"end":{}}]},"9":{"loc":{"start":{"line":119,"column":10},"end":{"line":119,"column":49}},"type":"binary-expr","locations":[{"start":{"line":119,"column":10},"end":{"line":119,"column":25}},{"start":{"line":119,"column":29},"end":{"line":119,"column":49}}]},"10":{"loc":{"start":{"line":120,"column":24},"end":{"line":120,"column":70}},"type":"binary-expr","locations":[{"start":{"line":120,"column":24},"end":{"line":120,"column":55}},{"start":{"line":120,"column":59},"end":{"line":120,"column":70}}]},"11":{"loc":{"start":{"line":166,"column":22},"end":{"line":166,"column":69}},"type":"binary-expr","locations":[{"start":{"line":166,"column":22},"end":{"line":166,"column":41}},{"start":{"line":166,"column":45},"end":{"line":166,"column":69}}]},"12":{"loc":{"start":{"line":167,"column":22},"end":{"line":167,"column":67}},"type":"binary-expr","locations":[{"start":{"line":167,"column":22},"end":{"line":167,"column":46}},{"start":{"line":167,"column":50},"end":{"line":167,"column":67}}]}},"s":{"0":0,"1":0,"2":0,"3":0,"4":0,"5":0,"6":0,"7":0,"8":0,"9":0,"10":0,"11":0,"12":0,"13":0,"14":0,"15":0,"16":0,"17":0,"18":0,"19":0,"20":0,"21":0,"22":0,"23":0,"24":0,"25":0,"26":0,"27":0,"28":0,"29":0,"30":0,"31":0,"32":0,"33":0,"34":0,"35":0,"36":0,"37":0,"38":0,"39":0,"40":0,"41":0,"42":0,"43":0,"44":0,"45":0,"46":0,"47":0,"48":0,"49":0,"50":0,"51":0,"52":0},"f":{"0":0,"1":0,"2":0,"3":0,"4":0,"5":0},"b":{"0":[0],"1":[0,0],"2":[0,0],"3":[0,0],"4":[0,0],"5":[0,0],"6":[0,0],"7":[0],"8":[0,0],"9":[0,0],"10":[0,0],"11":[0,0],"12":[0,0]}}
,"/workspace/projects/server/src/modules/banquet/banquet.service.ts": {"path":"/workspace/projects/server/src/modules/banquet/banquet.service.ts","statementMap":{"0":{"start":{"line":1,"column":0},"end":{"line":1,"column":51}},"1":{"start":{"line":2,"column":0},"end":{"line":2,"column":70}},"2":{"start":{"line":3,"column":0},"end":{"line":3,"column":44}},"3":{"start":{"line":4,"column":0},"end":{"line":4,"column":77}},"4":{"start":{"line":7,"column":27},"end":{"line":234,"column":null}},"5":{"start":{"line":11,"column":21},"end":{"line":11,"column":32}},"6":{"start":{"line":12,"column":21},"end":{"line":12,"column":35}},"7":{"start":{"line":8,"column":19},"end":{"line":8,"column":null}},"8":{"start":{"line":16,"column":19},"end":{"line":16,"column":38}},"9":{"start":{"line":18,"column":16},"end":{"line":21,"column":36}},"10":{"start":{"line":23,"column":4},"end":{"line":25,"column":5}},"11":{"start":{"line":24,"column":6},"end":{"line":24,"column":null}},"12":{"start":{"line":27,"column":28},"end":{"line":27,"column":81}},"13":{"start":{"line":29,"column":4},"end":{"line":32,"column":5}},"14":{"start":{"line":30,"column":6},"end":{"line":30,"column":null}},"15":{"start":{"line":31,"column":6},"end":{"line":31,"column":null}},"16":{"start":{"line":34,"column":4},"end":{"line":34,"column":null}},"17":{"start":{"line":38,"column":19},"end":{"line":38,"column":38}},"18":{"start":{"line":39,"column":28},"end":{"line":43,"column":15}},"19":{"start":{"line":45,"column":4},"end":{"line":48,"column":5}},"20":{"start":{"line":46,"column":6},"end":{"line":46,"column":null}},"21":{"start":{"line":47,"column":6},"end":{"line":47,"column":null}},"22":{"start":{"line":50,"column":4},"end":{"line":50,"column":null}},"23":{"start":{"line":54,"column":19},"end":{"line":54,"column":38}},"24":{"start":{"line":57,"column":24},"end":{"line":57,"column":26}},"25":{"start":{"line":58,"column":22},"end":{"line":58,"column":24}},"26":{"start":{"line":60,"column":4},"end":{"line":60,"column":null}},"27":{"start":{"line":62,"column":4},"end":{"line":91,"column":5}},"28":{"start":{"line":64,"column":6},"end":{"line":64,"column":null}},"29":{"start":{"line":65,"column":28},"end":{"line":69,"column":8}},"30":{"start":{"line":70,"column":6},"end":{"line":73,"column":7}},"31":{"start":{"line":71,"column":8},"end":{"line":71,"column":null}},"32":{"start":{"line":72,"column":8},"end":{"line":72,"column":null}},"33":{"start":{"line":76,"column":6},"end":{"line":76,"column":null}},"34":{"start":{"line":77,"column":27},"end":{"line":81,"column":8}},"35":{"start":{"line":82,"column":6},"end":{"line":85,"column":7}},"36":{"start":{"line":83,"column":8},"end":{"line":83,"column":null}},"37":{"start":{"line":84,"column":8},"end":{"line":84,"column":null}},"38":{"start":{"line":87,"column":6},"end":{"line":87,"column":null}},"39":{"start":{"line":89,"column":6},"end":{"line":89,"column":null}},"40":{"start":{"line":90,"column":6},"end":{"line":90,"column":null}},"41":{"start":{"line":93,"column":25},"end":{"line":109,"column":null}},"42":{"start":{"line":111,"column":28},"end":{"line":115,"column":15}},"43":{"start":{"line":117,"column":4},"end":{"line":120,"column":5}},"44":{"start":{"line":118,"column":6},"end":{"line":118,"column":null}},"45":{"start":{"line":119,"column":6},"end":{"line":119,"column":null}},"46":{"start":{"line":122,"column":4},"end":{"line":122,"column":null}},"47":{"start":{"line":125,"column":29},"end":{"line":125,"column":91}},"48":{"start":{"line":126,"column":4},"end":{"line":155,"column":5}},"49":{"start":{"line":131,"column":6},"end":{"line":154,"column":7}},"50":{"start":{"line":132,"column":8},"end":{"line":132,"column":null}},"51":{"start":{"line":133,"column":41},"end":{"line":145,"column":12}},"52":{"start":{"line":147,"column":8},"end":{"line":151,"column":9}},"53":{"start":{"line":148,"column":10},"end":{"line":148,"column":null}},"54":{"start":{"line":150,"column":10},"end":{"line":150,"column":null}},"55":{"start":{"line":153,"column":8},"end":{"line":153,"column":null}},"56":{"start":{"line":158,"column":4},"end":{"line":164,"column":5}},"57":{"start":{"line":159,"column":25},"end":{"line":159,"column":61}},"58":{"start":{"line":160,"column":6},"end":{"line":160,"column":null}},"59":{"start":{"line":161,"column":6},"end":{"line":161,"column":null}},"60":{"start":{"line":163,"column":6},"end":{"line":163,"column":null}},"61":{"start":{"line":166,"column":4},"end":{"line":166,"column":null}},"62":{"start":{"line":174,"column":4},"end":{"line":174,"column":null}},"63":{"start":{"line":176,"column":4},"end":{"line":197,"column":5}},"64":{"start":{"line":177,"column":21},"end":{"line":180,"column":null}},"65":{"start":{"line":183,"column":6},"end":{"line":188,"column":null}},"66":{"start":{"line":190,"column":6},"end":{"line":190,"column":null}},"67":{"start":{"line":191,"column":6},"end":{"line":196,"column":null}},"68":{"start":{"line":204,"column":19},"end":{"line":204,"column":38}},"69":{"start":{"line":205,"column":22},"end":{"line":211,"column":19}},"70":{"start":{"line":213,"column":4},"end":{"line":216,"column":5}},"71":{"start":{"line":214,"column":6},"end":{"line":214,"column":null}},"72":{"start":{"line":215,"column":6},"end":{"line":215,"column":null}},"73":{"start":{"line":223,"column":19},"end":{"line":223,"column":38}},"74":{"start":{"line":224,"column":22},"end":{"line":227,"column":19}},"75":{"start":{"line":229,"column":4},"end":{"line":232,"column":5}},"76":{"start":{"line":230,"column":6},"end":{"line":230,"column":null}},"77":{"start":{"line":231,"column":6},"end":{"line":231,"column":null}},"78":{"start":{"line":7,"column":13},"end":{"line":7,"column":27}},"79":{"start":{"line":7,"column":13},"end":{"line":234,"column":null}}},"fnMap":{"0":{"name":"(anonymous_2)","decl":{"start":{"line":10,"column":2},"end":{"line":10,"column":null}},"loc":{"start":{"line":12,"column":54},"end":{"line":13,"column":6}}},"1":{"name":"(anonymous_3)","decl":{"start":{"line":15,"column":2},"end":{"line":15,"column":7}},"loc":{"start":{"line":15,"column":55},"end":{"line":35,"column":3}}},"2":{"name":"(anonymous_4)","decl":{"start":{"line":37,"column":2},"end":{"line":37,"column":7}},"loc":{"start":{"line":37,"column":33},"end":{"line":51,"column":3}}},"3":{"name":"(anonymous_5)","decl":{"start":{"line":53,"column":2},"end":{"line":53,"column":7}},"loc":{"start":{"line":53,"column":38},"end":{"line":167,"column":3}}},"4":{"name":"(anonymous_6)","decl":{"start":{"line":173,"column":2},"end":{"line":173,"column":7}},"loc":{"start":{"line":173,"column":42},"end":{"line":198,"column":3}}},"5":{"name":"(anonymous_7)","decl":{"start":{"line":203,"column":2},"end":{"line":203,"column":7}},"loc":{"start":{"line":203,"column":43},"end":{"line":217,"column":3}}},"6":{"name":"(anonymous_8)","decl":{"start":{"line":222,"column":2},"end":{"line":222,"column":7}},"loc":{"start":{"line":222,"column":32},"end":{"line":233,"column":3}}}},"branchMap":{"0":{"loc":{"start":{"line":23,"column":4},"end":{"line":25,"column":5}},"type":"if","locations":[{"start":{"line":23,"column":4},"end":{"line":25,"column":5}},{"start":{},"end":{}}]},"1":{"loc":{"start":{"line":29,"column":4},"end":{"line":32,"column":5}},"type":"if","locations":[{"start":{"line":29,"column":4},"end":{"line":32,"column":5}},{"start":{},"end":{}}]},"2":{"loc":{"start":{"line":45,"column":4},"end":{"line":48,"column":5}},"type":"if","locations":[{"start":{"line":45,"column":4},"end":{"line":48,"column":5}},{"start":{},"end":{}}]},"3":{"loc":{"start":{"line":68,"column":18},"end":{"line":68,"column":78}},"type":"binary-expr","locations":[{"start":{"line":68,"column":18},"end":{"line":68,"column":38}},{"start":{"line":68,"column":42},"end":{"line":68,"column":72}},{"start":{"line":68,"column":76},"end":{"line":68,"column":78}}]},"4":{"loc":{"start":{"line":70,"column":6},"end":{"line":73,"column":7}},"type":"if","locations":[{"start":{"line":70,"column":6},"end":{"line":73,"column":7}},{"start":{},"end":{}}]},"5":{"loc":{"start":{"line":70,"column":10},"end":{"line":70,"column":45}},"type":"binary-expr","locations":[{"start":{"line":70,"column":10},"end":{"line":70,"column":23}},{"start":{"line":70,"column":27},"end":{"line":70,"column":45}}]},"6":{"loc":{"start":{"line":71,"column":24},"end":{"line":71,"column":56}},"type":"binary-expr","locations":[{"start":{"line":71,"column":24},"end":{"line":71,"column":50}},{"start":{"line":71,"column":54},"end":{"line":71,"column":56}}]},"7":{"loc":{"start":{"line":80,"column":18},"end":{"line":80,"column":78}},"type":"binary-expr","locations":[{"start":{"line":80,"column":18},"end":{"line":80,"column":38}},{"start":{"line":80,"column":42},"end":{"line":80,"column":72}},{"start":{"line":80,"column":76},"end":{"line":80,"column":78}}]},"8":{"loc":{"start":{"line":82,"column":6},"end":{"line":85,"column":7}},"type":"if","locations":[{"start":{"line":82,"column":6},"end":{"line":85,"column":7}},{"start":{},"end":{}}]},"9":{"loc":{"start":{"line":82,"column":10},"end":{"line":82,"column":43}},"type":"binary-expr","locations":[{"start":{"line":82,"column":10},"end":{"line":82,"column":22}},{"start":{"line":82,"column":26},"end":{"line":82,"column":43}}]},"10":{"loc":{"start":{"line":83,"column":22},"end":{"line":83,"column":52}},"type":"binary-expr","locations":[{"start":{"line":83,"column":22},"end":{"line":83,"column":46}},{"start":{"line":83,"column":50},"end":{"line":83,"column":52}}]},"11":{"loc":{"start":{"line":97,"column":18},"end":{"line":97,"column":65}},"type":"binary-expr","locations":[{"start":{"line":97,"column":18},"end":{"line":97,"column":39}},{"start":{"line":97,"column":43},"end":{"line":97,"column":65}}]},"12":{"loc":{"start":{"line":99,"column":14},"end":{"line":99,"column":38}},"type":"binary-expr","locations":[{"start":{"line":99,"column":14},"end":{"line":99,"column":32}},{"start":{"line":99,"column":36},"end":{"line":99,"column":38}}]},"13":{"loc":{"start":{"line":100,"column":18},"end":{"line":100,"column":71}},"type":"binary-expr","locations":[{"start":{"line":100,"column":18},"end":{"line":100,"column":39}},{"start":{"line":100,"column":43},"end":{"line":100,"column":65}},{"start":{"line":100,"column":69},"end":{"line":100,"column":71}}]},"14":{"loc":{"start":{"line":101,"column":19},"end":{"line":101,"column":76}},"type":"binary-expr","locations":[{"start":{"line":101,"column":19},"end":{"line":101,"column":41}},{"start":{"line":101,"column":45},"end":{"line":101,"column":68}},{"start":{"line":101,"column":72},"end":{"line":101,"column":76}}]},"15":{"loc":{"start":{"line":102,"column":26},"end":{"line":102,"column":96}},"type":"binary-expr","locations":[{"start":{"line":102,"column":26},"end":{"line":102,"column":54}},{"start":{"line":102,"column":58},"end":{"line":102,"column":88}},{"start":{"line":102,"column":92},"end":{"line":102,"column":96}}]},"16":{"loc":{"start":{"line":103,"column":25},"end":{"line":103,"column":90}},"type":"binary-expr","locations":[{"start":{"line":103,"column":25},"end":{"line":103,"column":52}},{"start":{"line":103,"column":56},"end":{"line":103,"column":85}},{"start":{"line":103,"column":89},"end":{"line":103,"column":90}}]},"17":{"loc":{"start":{"line":104,"column":23},"end":{"line":104,"column":85}},"type":"binary-expr","locations":[{"start":{"line":104,"column":23},"end":{"line":104,"column":48}},{"start":{"line":104,"column":52},"end":{"line":104,"column":79}},{"start":{"line":104,"column":83},"end":{"line":104,"column":85}}]},"18":{"loc":{"start":{"line":105,"column":19},"end":{"line":105,"column":50}},"type":"binary-expr","locations":[{"start":{"line":105,"column":19},"end":{"line":105,"column":42}},{"start":{"line":105,"column":46},"end":{"line":105,"column":50}}]},"19":{"loc":{"start":{"line":117,"column":4},"end":{"line":120,"column":5}},"type":"if","locations":[{"start":{"line":117,"column":4},"end":{"line":120,"column":5}},{"start":{},"end":{}}]},"20":{"loc":{"start":{"line":125,"column":29},"end":{"line":125,"column":91}},"type":"binary-expr","locations":[{"start":{"line":125,"column":29},"end":{"line":125,"column":57}},{"start":{"line":125,"column":61},"end":{"line":125,"column":91}}]},"21":{"loc":{"start":{"line":126,"column":4},"end":{"line":155,"column":5}},"type":"if","locations":[{"start":{"line":126,"column":4},"end":{"line":155,"column":5}},{"start":{},"end":{}}]},"22":{"loc":{"start":{"line":126,"column":8},"end":{"line":129,"column":null}},"type":"binary-expr","locations":[{"start":{"line":126,"column":8},"end":{"line":126,"column":24}},{"start":{"line":127,"column":6},"end":{"line":127,"column":41}},{"start":{"line":128,"column":6},"end":{"line":128,"column":40}},{"start":{"line":129,"column":6},"end":{"line":129,"column":42}}]},"23":{"loc":{"start":{"line":137,"column":32},"end":{"line":137,"column":76}},"type":"binary-expr","locations":[{"start":{"line":137,"column":32},"end":{"line":137,"column":67}},{"start":{"line":137,"column":71},"end":{"line":137,"column":76}}]},"24":{"loc":{"start":{"line":138,"column":31},"end":{"line":138,"column":70}},"type":"binary-expr","locations":[{"start":{"line":138,"column":31},"end":{"line":138,"column":65}},{"start":{"line":138,"column":69},"end":{"line":138,"column":70}}]},"25":{"loc":{"start":{"line":139,"column":31},"end":{"line":139,"column":74}},"type":"binary-expr","locations":[{"start":{"line":139,"column":31},"end":{"line":139,"column":65}},{"start":{"line":139,"column":69},"end":{"line":139,"column":74}}]},"26":{"loc":{"start":{"line":140,"column":29},"end":{"line":140,"column":67}},"type":"binary-expr","locations":[{"start":{"line":140,"column":29},"end":{"line":140,"column":61}},{"start":{"line":140,"column":65},"end":{"line":140,"column":67}}]},"27":{"loc":{"start":{"line":141,"column":33},"end":{"line":141,"column":78}},"type":"binary-expr","locations":[{"start":{"line":141,"column":33},"end":{"line":141,"column":69}},{"start":{"line":141,"column":73},"end":{"line":141,"column":78}}]},"28":{"loc":{"start":{"line":142,"column":31},"end":{"line":142,"column":71}},"type":"binary-expr","locations":[{"start":{"line":142,"column":31},"end":{"line":142,"column":65}},{"start":{"line":142,"column":69},"end":{"line":142,"column":71}}]},"29":{"loc":{"start":{"line":144,"column":26},"end":{"line":144,"column":60}},"type":"binary-expr","locations":[{"start":{"line":144,"column":26},"end":{"line":144,"column":55}},{"start":{"line":144,"column":59},"end":{"line":144,"column":60}}]},"30":{"loc":{"start":{"line":147,"column":8},"end":{"line":151,"column":9}},"type":"if","locations":[{"start":{"line":147,"column":8},"end":{"line":151,"column":9}},{"start":{"line":149,"column":15},"end":{"line":151,"column":9}}]},"31":{"loc":{"start":{"line":160,"column":21},"end":{"line":160,"column":49}},"type":"binary-expr","locations":[{"start":{"line":160,"column":21},"end":{"line":160,"column":41}},{"start":{"line":160,"column":45},"end":{"line":160,"column":49}}]},"32":{"loc":{"start":{"line":161,"column":26},"end":{"line":161,"column":49}},"type":"binary-expr","locations":[{"start":{"line":161,"column":26},"end":{"line":161,"column":41}},{"start":{"line":161,"column":45},"end":{"line":161,"column":49}}]},"33":{"loc":{"start":{"line":187,"column":13},"end":{"line":187,"column":97}},"type":"cond-expr","locations":[{"start":{"line":187,"column":48},"end":{"line":187,"column":57}},{"start":{"line":187,"column":60},"end":{"line":187,"column":97}}]},"34":{"loc":{"start":{"line":213,"column":4},"end":{"line":216,"column":5}},"type":"if","locations":[{"start":{"line":213,"column":4},"end":{"line":216,"column":5}},{"start":{},"end":{}}]},"35":{"loc":{"start":{"line":229,"column":4},"end":{"line":232,"column":5}},"type":"if","locations":[{"start":{"line":229,"column":4},"end":{"line":232,"column":5}},{"start":{},"end":{}}]}},"s":{"0":1,"1":1,"2":1,"3":1,"4":1,"5":10,"6":10,"7":10,"8":3,"9":3,"10":3,"11":1,"12":3,"13":3,"14":1,"15":1,"16":2,"17":1,"18":1,"19":1,"20":0,"21":0,"22":1,"23":2,"24":2,"25":2,"26":2,"27":2,"28":2,"29":2,"30":1,"31":1,"32":1,"33":1,"34":1,"35":1,"36":1,"37":1,"38":1,"39":1,"40":1,"41":2,"42":2,"43":2,"44":0,"45":0,"46":2,"47":2,"48":2,"49":0,"50":0,"51":0,"52":0,"53":0,"54":0,"55":0,"56":2,"57":2,"58":2,"59":2,"60":0,"61":2,"62":2,"63":2,"64":2,"65":2,"66":0,"67":0,"68":2,"69":2,"70":2,"71":1,"72":1,"73":2,"74":2,"75":2,"76":1,"77":1,"78":1,"79":1},"f":{"0":10,"1":3,"2":1,"3":2,"4":2,"5":2,"6":2},"b":{"0":[1,2],"1":[1,2],"2":[0,1],"3":[2,2,0],"4":[1,0],"5":[1,1],"6":[1,0],"7":[1,1,0],"8":[1,0],"9":[1,1],"10":[1,0],"11":[2,2],"12":[2,2],"13":[2,2,2],"14":[2,2,2],"15":[2,2,2],"16":[2,2,2],"17":[2,2,2],"18":[2,2],"19":[0,2],"20":[2,2],"21":[0,2],"22":[2,0,0,0],"23":[0,0],"24":[0,0],"25":[0,0],"26":[0,0],"27":[0,0],"28":[0,0],"29":[0,0],"30":[0,0],"31":[2,0],"32":[2,0],"33":[2,0],"34":[1,1],"35":[1,1]}}
,"/workspace/projects/server/src/modules/excel-export/excel-export.service.ts": {"path":"/workspace/projects/server/src/modules/excel-export/excel-export.service.ts","statementMap":{"0":{"start":{"line":1,"column":0},"end":{"line":1,"column":51}},"1":{"start":{"line":2,"column":0},"end":{"line":2,"column":34}},"2":{"start":{"line":3,"column":0},"end":{"line":3,"column":70}},"3":{"start":{"line":4,"column":0},"end":{"line":4,"column":43}},"4":{"start":{"line":6,"column":17},"end":{"line":6,"column":36}},"5":{"start":{"line":22,"column":31},"end":{"line":347,"column":null}},"6":{"start":{"line":23,"column":19},"end":{"line":23,"column":null}},"7":{"start":{"line":34,"column":54},"end":{"line":34,"column":60}},"8":{"start":{"line":36,"column":4},"end":{"line":189,"column":5}},"9":{"start":{"line":38,"column":55},"end":{"line":41,"column":34}},"10":{"start":{"line":43,"column":6},"end":{"line":46,"column":7}},"11":{"start":{"line":44,"column":8},"end":{"line":44,"column":null}},"12":{"start":{"line":45,"column":8},"end":{"line":45,"column":null}},"13":{"start":{"line":48,"column":6},"end":{"line":50,"column":7}},"14":{"start":{"line":49,"column":8},"end":{"line":49,"column":null}},"15":{"start":{"line":53,"column":25},"end":{"line":53,"column":47}},"16":{"start":{"line":54,"column":25},"end":{"line":57,"column":8}},"17":{"start":{"line":55,"column":8},"end":{"line":55,"column":null}},"18":{"start":{"line":56,"column":8},"end":{"line":56,"column":null}},"19":{"start":{"line":60,"column":18},"end":{"line":65,"column":50}},"20":{"start":{"line":68,"column":6},"end":{"line":70,"column":7}},"21":{"start":{"line":69,"column":8},"end":{"line":69,"column":null}},"22":{"start":{"line":72,"column":6},"end":{"line":74,"column":7}},"23":{"start":{"line":73,"column":8},"end":{"line":73,"column":null}},"24":{"start":{"line":76,"column":6},"end":{"line":78,"column":7}},"25":{"start":{"line":77,"column":8},"end":{"line":77,"column":null}},"26":{"start":{"line":80,"column":53},"end":{"line":80,"column":64}},"27":{"start":{"line":82,"column":6},"end":{"line":85,"column":7}},"28":{"start":{"line":83,"column":8},"end":{"line":83,"column":null}},"29":{"start":{"line":84,"column":8},"end":{"line":84,"column":null}},"30":{"start":{"line":87,"column":6},"end":{"line":89,"column":7}},"31":{"start":{"line":88,"column":8},"end":{"line":88,"column":null}},"32":{"start":{"line":92,"column":23},"end":{"line":92,"column":37}},"33":{"start":{"line":93,"column":24},"end":{"line":93,"column":53}},"34":{"start":{"line":96,"column":6},"end":{"line":105,"column":null}},"35":{"start":{"line":108,"column":24},"end":{"line":108,"column":43}},"36":{"start":{"line":109,"column":6},"end":{"line":109,"column":null}},"37":{"start":{"line":110,"column":6},"end":{"line":114,"column":null}},"38":{"start":{"line":115,"column":6},"end":{"line":115,"column":null}},"39":{"start":{"line":116,"column":6},"end":{"line":116,"column":null}},"40":{"start":{"line":119,"column":24},"end":{"line":119,"column":25}},"41":{"start":{"line":120,"column":6},"end":{"line":140,"column":null}},"42":{"start":{"line":121,"column":27},"end":{"line":121,"column":59}},"43":{"start":{"line":122,"column":8},"end":{"line":122,"column":null}},"44":{"start":{"line":123,"column":28},"end":{"line":123,"column":61}},"45":{"start":{"line":125,"column":20},"end":{"line":136,"column":10}},"46":{"start":{"line":139,"column":8},"end":{"line":139,"column":null}},"47":{"start":{"line":143,"column":6},"end":{"line":143,"column":null}},"48":{"start":{"line":144,"column":25},"end":{"line":148,"column":8}},"49":{"start":{"line":151,"column":6},"end":{"line":151,"column":null}},"50":{"start":{"line":152,"column":6},"end":{"line":156,"column":null}},"51":{"start":{"line":159,"column":6},"end":{"line":170,"column":null}},"52":{"start":{"line":160,"column":8},"end":{"line":169,"column":9}},"53":{"start":{"line":161,"column":10},"end":{"line":168,"column":null}},"54":{"start":{"line":162,"column":12},"end":{"line":167,"column":null}},"55":{"start":{"line":173,"column":21},"end":{"line":173,"column":54}},"56":{"start":{"line":174,"column":23},"end":{"line":174,"column":65}},"57":{"start":{"line":176,"column":22},"end":{"line":181,"column":8}},"58":{"start":{"line":183,"column":6},"end":{"line":183,"column":null}},"59":{"start":{"line":185,"column":6},"end":{"line":185,"column":null}},"60":{"start":{"line":187,"column":6},"end":{"line":187,"column":null}},"61":{"start":{"line":188,"column":6},"end":{"line":188,"column":null}},"62":{"start":{"line":199,"column":34},"end":{"line":199,"column":40}},"63":{"start":{"line":201,"column":4},"end":{"line":345,"column":5}},"64":{"start":{"line":203,"column":53},"end":{"line":208,"column":17}},"65":{"start":{"line":210,"column":6},"end":{"line":212,"column":7}},"66":{"start":{"line":211,"column":8},"end":{"line":211,"column":null}},"67":{"start":{"line":215,"column":53},"end":{"line":220,"column":46}},"68":{"start":{"line":222,"column":6},"end":{"line":224,"column":7}},"69":{"start":{"line":223,"column":8},"end":{"line":223,"column":null}},"70":{"start":{"line":227,"column":23},"end":{"line":227,"column":37}},"71":{"start":{"line":230,"column":28},"end":{"line":230,"column":57}},"72":{"start":{"line":232,"column":6},"end":{"line":235,"column":null}},"73":{"start":{"line":238,"column":6},"end":{"line":238,"column":null}},"74":{"start":{"line":239,"column":6},"end":{"line":243,"column":null}},"75":{"start":{"line":245,"column":26},"end":{"line":245,"column":97}},"76":{"start":{"line":245,"column":67},"end":{"line":245,"column":88}},"77":{"start":{"line":246,"column":24},"end":{"line":246,"column":74}},"78":{"start":{"line":248,"column":6},"end":{"line":248,"column":null}},"79":{"start":{"line":249,"column":6},"end":{"line":249,"column":null}},"80":{"start":{"line":250,"column":6},"end":{"line":250,"column":null}},"81":{"start":{"line":251,"column":6},"end":{"line":251,"column":null}},"82":{"start":{"line":252,"column":6},"end":{"line":252,"column":null}},"83":{"start":{"line":253,"column":6},"end":{"line":253,"column":null}},"84":{"start":{"line":254,"column":6},"end":{"line":254,"column":null}},"85":{"start":{"line":255,"column":6},"end":{"line":255,"column":null}},"86":{"start":{"line":258,"column":26},"end":{"line":258,"column":55}},"87":{"start":{"line":260,"column":6},"end":{"line":266,"column":null}},"88":{"start":{"line":269,"column":6},"end":{"line":269,"column":null}},"89":{"start":{"line":270,"column":6},"end":{"line":274,"column":null}},"90":{"start":{"line":276,"column":6},"end":{"line":284,"column":null}},"91":{"start":{"line":277,"column":8},"end":{"line":283,"column":null}},"92":{"start":{"line":287,"column":32},"end":{"line":287,"column":61}},"93":{"start":{"line":289,"column":6},"end":{"line":293,"column":null}},"94":{"start":{"line":296,"column":6},"end":{"line":296,"column":null}},"95":{"start":{"line":297,"column":6},"end":{"line":301,"column":null}},"96":{"start":{"line":304,"column":27},"end":{"line":309,"column":null}},"97":{"start":{"line":311,"column":6},"end":{"line":317,"column":null}},"98":{"start":{"line":312,"column":23},"end":{"line":312,"column":42}},"99":{"start":{"line":313,"column":8},"end":{"line":316,"column":null}},"100":{"start":{"line":313,"column":27},"end":{"line":313,"column":null}},"101":{"start":{"line":314,"column":13},"end":{"line":316,"column":null}},"102":{"start":{"line":314,"column":32},"end":{"line":314,"column":null}},"103":{"start":{"line":315,"column":13},"end":{"line":316,"column":null}},"104":{"start":{"line":315,"column":32},"end":{"line":315,"column":null}},"105":{"start":{"line":316,"column":13},"end":{"line":316,"column":null}},"106":{"start":{"line":319,"column":27},"end":{"line":319,"column":47}},"107":{"start":{"line":320,"column":6},"end":{"line":326,"column":null}},"108":{"start":{"line":321,"column":8},"end":{"line":325,"column":null}},"109":{"start":{"line":329,"column":21},"end":{"line":329,"column":54}},"110":{"start":{"line":330,"column":23},"end":{"line":330,"column":71}},"111":{"start":{"line":332,"column":22},"end":{"line":337,"column":8}},"112":{"start":{"line":339,"column":6},"end":{"line":339,"column":null}},"113":{"start":{"line":341,"column":6},"end":{"line":341,"column":null}},"114":{"start":{"line":343,"column":6},"end":{"line":343,"column":null}},"115":{"start":{"line":344,"column":6},"end":{"line":344,"column":null}},"116":{"start":{"line":22,"column":13},"end":{"line":22,"column":31}},"117":{"start":{"line":22,"column":13},"end":{"line":347,"column":null}}},"fnMap":{"0":{"name":"(anonymous_1)","decl":{"start":{"line":22,"column":7},"end":{"line":22,"column":13}},"loc":{"start":{"line":22,"column":7},"end":{"line":347,"column":1}}},"1":{"name":"(anonymous_2)","decl":{"start":{"line":28,"column":2},"end":{"line":28,"column":7}},"loc":{"start":{"line":33,"column":3},"end":{"line":190,"column":3}}},"2":{"name":"(anonymous_3)","decl":{"start":{"line":54,"column":38},"end":{"line":54,"column":39}},"loc":{"start":{"line":54,"column":42},"end":{"line":57,"column":7}}},"3":{"name":"(anonymous_4)","decl":{"start":{"line":120,"column":22},"end":{"line":120,"column":23}},"loc":{"start":{"line":120,"column":53},"end":{"line":140,"column":7}}},"4":{"name":"(anonymous_5)","decl":{"start":{"line":159,"column":24},"end":{"line":159,"column":25}},"loc":{"start":{"line":159,"column":40},"end":{"line":170,"column":7}}},"5":{"name":"(anonymous_6)","decl":{"start":{"line":161,"column":23},"end":{"line":161,"column":27}},"loc":{"start":{"line":161,"column":30},"end":{"line":168,"column":11}}},"6":{"name":"(anonymous_7)","decl":{"start":{"line":195,"column":2},"end":{"line":195,"column":7}},"loc":{"start":{"line":198,"column":3},"end":{"line":346,"column":3}}},"7":{"name":"(anonymous_8)","decl":{"start":{"line":245,"column":42},"end":{"line":245,"column":43}},"loc":{"start":{"line":245,"column":67},"end":{"line":245,"column":88}}},"8":{"name":"(anonymous_9)","decl":{"start":{"line":276,"column":23},"end":{"line":276,"column":24}},"loc":{"start":{"line":276,"column":54},"end":{"line":284,"column":7}}},"9":{"name":"(anonymous_10)","decl":{"start":{"line":311,"column":23},"end":{"line":311,"column":24}},"loc":{"start":{"line":311,"column":39},"end":{"line":317,"column":7}}},"10":{"name":"(anonymous_11)","decl":{"start":{"line":320,"column":43},"end":{"line":320,"column":44}},"loc":{"start":{"line":320,"column":62},"end":{"line":326,"column":7}}}},"branchMap":{"0":{"loc":{"start":{"line":43,"column":6},"end":{"line":46,"column":7}},"type":"if","locations":[{"start":{"line":43,"column":6},"end":{"line":46,"column":7}},{"start":{},"end":{}}]},"1":{"loc":{"start":{"line":48,"column":6},"end":{"line":50,"column":7}},"type":"if","locations":[{"start":{"line":48,"column":6},"end":{"line":50,"column":7}},{"start":{},"end":{}}]},"2":{"loc":{"start":{"line":48,"column":10},"end":{"line":48,"column":44}},"type":"binary-expr","locations":[{"start":{"line":48,"column":10},"end":{"line":48,"column":19}},{"start":{"line":48,"column":23},"end":{"line":48,"column":44}}]},"3":{"loc":{"start":{"line":68,"column":6},"end":{"line":70,"column":7}},"type":"if","locations":[{"start":{"line":68,"column":6},"end":{"line":70,"column":7}},{"start":{},"end":{}}]},"4":{"loc":{"start":{"line":72,"column":6},"end":{"line":74,"column":7}},"type":"if","locations":[{"start":{"line":72,"column":6},"end":{"line":74,"column":7}},{"start":{},"end":{}}]},"5":{"loc":{"start":{"line":76,"column":6},"end":{"line":78,"column":7}},"type":"if","locations":[{"start":{"line":76,"column":6},"end":{"line":78,"column":7}},{"start":{},"end":{}}]},"6":{"loc":{"start":{"line":82,"column":6},"end":{"line":85,"column":7}},"type":"if","locations":[{"start":{"line":82,"column":6},"end":{"line":85,"column":7}},{"start":{},"end":{}}]},"7":{"loc":{"start":{"line":87,"column":6},"end":{"line":89,"column":7}},"type":"if","locations":[{"start":{"line":87,"column":6},"end":{"line":89,"column":7}},{"start":{},"end":{}}]},"8":{"loc":{"start":{"line":87,"column":10},"end":{"line":87,"column":42}},"type":"binary-expr","locations":[{"start":{"line":87,"column":10},"end":{"line":87,"column":18}},{"start":{"line":87,"column":22},"end":{"line":87,"column":42}}]},"9":{"loc":{"start":{"line":127,"column":23},"end":{"line":127,"column":47}},"type":"binary-expr","locations":[{"start":{"line":127,"column":23},"end":{"line":127,"column":40}},{"start":{"line":127,"column":44},"end":{"line":127,"column":47}}]},"10":{"loc":{"start":{"line":128,"column":23},"end":{"line":128,"column":47}},"type":"binary-expr","locations":[{"start":{"line":128,"column":23},"end":{"line":128,"column":40}},{"start":{"line":128,"column":44},"end":{"line":128,"column":47}}]},"11":{"loc":{"start":{"line":129,"column":21},"end":{"line":131,"column":17}},"type":"cond-expr","locations":[{"start":{"line":130,"column":14},"end":{"line":130,"column":74}},{"start":{"line":131,"column":14},"end":{"line":131,"column":17}}]},"12":{"loc":{"start":{"line":132,"column":21},"end":{"line":132,"column":45}},"type":"binary-expr","locations":[{"start":{"line":132,"column":21},"end":{"line":132,"column":38}},{"start":{"line":132,"column":42},"end":{"line":132,"column":45}}]},"13":{"loc":{"start":{"line":134,"column":20},"end":{"line":134,"column":42}},"type":"binary-expr","locations":[{"start":{"line":134,"column":20},"end":{"line":134,"column":35}},{"start":{"line":134,"column":39},"end":{"line":134,"column":42}}]},"14":{"loc":{"start":{"line":160,"column":8},"end":{"line":169,"column":9}},"type":"if","locations":[{"start":{"line":160,"column":8},"end":{"line":169,"column":9}},{"start":{},"end":{}}]},"15":{"loc":{"start":{"line":210,"column":6},"end":{"line":212,"column":7}},"type":"if","locations":[{"start":{"line":210,"column":6},"end":{"line":212,"column":7}},{"start":{},"end":{}}]},"16":{"loc":{"start":{"line":210,"column":10},"end":{"line":210,"column":34}},"type":"binary-expr","locations":[{"start":{"line":210,"column":10},"end":{"line":210,"column":22}},{"start":{"line":210,"column":26},"end":{"line":210,"column":34}}]},"17":{"loc":{"start":{"line":222,"column":6},"end":{"line":224,"column":7}},"type":"if","locations":[{"start":{"line":222,"column":6},"end":{"line":224,"column":7}},{"start":{},"end":{}}]},"18":{"loc":{"start":{"line":245,"column":26},"end":{"line":245,"column":97}},"type":"binary-expr","locations":[{"start":{"line":245,"column":26},"end":{"line":245,"column":92}},{"start":{"line":245,"column":96},"end":{"line":245,"column":97}}]},"19":{"loc":{"start":{"line":245,"column":74},"end":{"line":245,"column":87}},"type":"binary-expr","locations":[{"start":{"line":245,"column":74},"end":{"line":245,"column":82}},{"start":{"line":245,"column":86},"end":{"line":245,"column":87}}]},"20":{"loc":{"start":{"line":246,"column":24},"end":{"line":246,"column":74}},"type":"cond-expr","locations":[{"start":{"line":246,"column":42},"end":{"line":246,"column":70}},{"start":{"line":246,"column":73},"end":{"line":246,"column":74}}]},"21":{"loc":{"start":{"line":251,"column":52},"end":{"line":251,"column":75}},"type":"binary-expr","locations":[{"start":{"line":251,"column":52},"end":{"line":251,"column":68}},{"start":{"line":251,"column":72},"end":{"line":251,"column":75}}]},"22":{"loc":{"start":{"line":252,"column":55},"end":{"line":252,"column":75}},"type":"binary-expr","locations":[{"start":{"line":252,"column":55},"end":{"line":252,"column":70}},{"start":{"line":252,"column":74},"end":{"line":252,"column":75}}]},"23":{"loc":{"start":{"line":255,"column":52},"end":{"line":255,"column":131}},"type":"cond-expr","locations":[{"start":{"line":255,"column":82},"end":{"line":255,"column":87}},{"start":{"line":255,"column":90},"end":{"line":255,"column":131}}]},"24":{"loc":{"start":{"line":255,"column":90},"end":{"line":255,"column":131}},"type":"cond-expr","locations":[{"start":{"line":255,"column":119},"end":{"line":255,"column":124}},{"start":{"line":255,"column":127},"end":{"line":255,"column":131}}]},"25":{"loc":{"start":{"line":279,"column":21},"end":{"line":279,"column":45}},"type":"binary-expr","locations":[{"start":{"line":279,"column":21},"end":{"line":279,"column":38}},{"start":{"line":279,"column":42},"end":{"line":279,"column":45}}]},"26":{"loc":{"start":{"line":281,"column":20},"end":{"line":281,"column":42}},"type":"binary-expr","locations":[{"start":{"line":281,"column":20},"end":{"line":281,"column":35}},{"start":{"line":281,"column":39},"end":{"line":281,"column":42}}]},"27":{"loc":{"start":{"line":313,"column":8},"end":{"line":316,"column":null}},"type":"if","locations":[{"start":{"line":313,"column":8},"end":{"line":316,"column":null}},{"start":{"line":314,"column":13},"end":{"line":316,"column":null}}]},"28":{"loc":{"start":{"line":314,"column":13},"end":{"line":316,"column":null}},"type":"if","locations":[{"start":{"line":314,"column":13},"end":{"line":316,"column":null}},{"start":{"line":315,"column":13},"end":{"line":316,"column":null}}]},"29":{"loc":{"start":{"line":315,"column":13},"end":{"line":316,"column":null}},"type":"if","locations":[{"start":{"line":315,"column":13},"end":{"line":316,"column":null}},{"start":{"line":316,"column":13},"end":{"line":316,"column":null}}]},"30":{"loc":{"start":{"line":319,"column":27},"end":{"line":319,"column":47}},"type":"binary-expr","locations":[{"start":{"line":319,"column":27},"end":{"line":319,"column":42}},{"start":{"line":319,"column":46},"end":{"line":319,"column":47}}]}},"s":{"0":0,"1":0,"2":0,"3":0,"4":0,"5":0,"6":0,"7":0,"8":0,"9":0,"10":0,"11":0,"12":0,"13":0,"14":0,"15":0,"16":0,"17":0,"18":0,"19":0,"20":0,"21":0,"22":0,"23":0,"24":0,"25":0,"26":0,"27":0,"28":0,"29":0,"30":0,"31":0,"32":0,"33":0,"34":0,"35":0,"36":0,"37":0,"38":0,"39":0,"40":0,"41":0,"42":0,"43":0,"44":0,"45":0,"46":0,"47":0,"48":0,"49":0,"50":0,"51":0,"52":0,"53":0,"54":0,"55":0,"56":0,"57":0,"58":0,"59":0,"60":0,"61":0,"62":0,"63":0,"64":0,"65":0,"66":0,"67":0,"68":0,"69":0,"70":0,"71":0,"72":0,"73":0,"74":0,"75":0,"76":0,"77":0,"78":0,"79":0,"80":0,"81":0,"82":0,"83":0,"84":0,"85":0,"86":0,"87":0,"88":0,"89":0,"90":0,"91":0,"92":0,"93":0,"94":0,"95":0,"96":0,"97":0,"98":0,"99":0,"100":0,"101":0,"102":0,"103":0,"104":0,"105":0,"106":0,"107":0,"108":0,"109":0,"110":0,"111":0,"112":0,"113":0,"114":0,"115":0,"116":0,"117":0},"f":{"0":0,"1":0,"2":0,"3":0,"4":0,"5":0,"6":0,"7":0,"8":0,"9":0,"10":0},"b":{"0":[0,0],"1":[0,0],"2":[0,0],"3":[0,0],"4":[0,0],"5":[0,0],"6":[0,0],"7":[0,0],"8":[0,0],"9":[0,0],"10":[0,0],"11":[0,0],"12":[0,0],"13":[0,0],"14":[0,0],"15":[0,0],"16":[0,0],"17":[0,0],"18":[0,0],"19":[0,0],"20":[0,0],"21":[0,0],"22":[0,0],"23":[0,0],"24":[0,0],"25":[0,0],"26":[0,0],"27":[0,0],"28":[0,0],"29":[0,0],"30":[0,0]}}
,"/workspace/projects/server/src/modules/gift/gift.service.ts": {"path":"/workspace/projects/server/src/modules/gift/gift.service.ts","statementMap":{"0":{"start":{"line":1,"column":0},"end":{"line":1,"column":43}},"1":{"start":{"line":2,"column":0},"end":{"line":2,"column":70}},"2":{"start":{"line":5,"column":7},"end":{"line":344,"column":null}},"3":{"start":{"line":8,"column":19},"end":{"line":8,"column":38}},"4":{"start":{"line":9,"column":28},"end":{"line":13,"column":15}},"5":{"start":{"line":15,"column":4},"end":{"line":18,"column":5}},"6":{"start":{"line":16,"column":6},"end":{"line":16,"column":null}},"7":{"start":{"line":17,"column":6},"end":{"line":17,"column":null}},"8":{"start":{"line":20,"column":4},"end":{"line":20,"column":null}},"9":{"start":{"line":25,"column":19},"end":{"line":25,"column":38}},"10":{"start":{"line":26,"column":28},"end":{"line":31,"column":15}},"11":{"start":{"line":33,"column":4},"end":{"line":36,"column":5}},"12":{"start":{"line":34,"column":6},"end":{"line":34,"column":null}},"13":{"start":{"line":35,"column":6},"end":{"line":35,"column":null}},"14":{"start":{"line":38,"column":4},"end":{"line":38,"column":null}},"15":{"start":{"line":43,"column":19},"end":{"line":43,"column":38}},"16":{"start":{"line":44,"column":28},"end":{"line":48,"column":15}},"17":{"start":{"line":50,"column":4},"end":{"line":53,"column":5}},"18":{"start":{"line":51,"column":6},"end":{"line":51,"column":null}},"19":{"start":{"line":52,"column":6},"end":{"line":52,"column":null}},"20":{"start":{"line":55,"column":4},"end":{"line":55,"column":null}},"21":{"start":{"line":60,"column":19},"end":{"line":60,"column":38}},"22":{"start":{"line":61,"column":28},"end":{"line":66,"column":15}},"23":{"start":{"line":68,"column":4},"end":{"line":71,"column":5}},"24":{"start":{"line":69,"column":6},"end":{"line":69,"column":null}},"25":{"start":{"line":70,"column":6},"end":{"line":70,"column":null}},"26":{"start":{"line":73,"column":4},"end":{"line":73,"column":null}},"27":{"start":{"line":78,"column":19},"end":{"line":78,"column":38}},"28":{"start":{"line":79,"column":28},"end":{"line":83,"column":15}},"29":{"start":{"line":85,"column":4},"end":{"line":88,"column":5}},"30":{"start":{"line":86,"column":6},"end":{"line":86,"column":null}},"31":{"start":{"line":87,"column":6},"end":{"line":87,"column":null}},"32":{"start":{"line":90,"column":4},"end":{"line":90,"column":null}},"33":{"start":{"line":100,"column":19},"end":{"line":100,"column":38}},"34":{"start":{"line":101,"column":28},"end":{"line":104,"column":null}},"35":{"start":{"line":106,"column":4},"end":{"line":108,"column":5}},"36":{"start":{"line":107,"column":6},"end":{"line":107,"column":null}},"37":{"start":{"line":109,"column":4},"end":{"line":111,"column":5}},"38":{"start":{"line":110,"column":6},"end":{"line":110,"column":null}},"39":{"start":{"line":113,"column":28},"end":{"line":118,"column":15}},"40":{"start":{"line":120,"column":4},"end":{"line":123,"column":5}},"41":{"start":{"line":121,"column":6},"end":{"line":121,"column":null}},"42":{"start":{"line":122,"column":6},"end":{"line":122,"column":null}},"43":{"start":{"line":125,"column":4},"end":{"line":125,"column":null}},"44":{"start":{"line":130,"column":19},"end":{"line":130,"column":38}},"45":{"start":{"line":133,"column":52},"end":{"line":137,"column":15}},"46":{"start":{"line":139,"column":4},"end":{"line":142,"column":5}},"47":{"start":{"line":140,"column":6},"end":{"line":140,"column":null}},"48":{"start":{"line":141,"column":6},"end":{"line":141,"column":null}},"49":{"start":{"line":144,"column":4},"end":{"line":147,"column":5}},"50":{"start":{"line":145,"column":6},"end":{"line":145,"column":null}},"51":{"start":{"line":146,"column":6},"end":{"line":146,"column":null}},"52":{"start":{"line":150,"column":51},"end":{"line":154,"column":15}},"53":{"start":{"line":156,"column":4},"end":{"line":159,"column":5}},"54":{"start":{"line":157,"column":6},"end":{"line":157,"column":null}},"55":{"start":{"line":158,"column":6},"end":{"line":158,"column":null}},"56":{"start":{"line":161,"column":23},"end":{"line":161,"column":40}},"57":{"start":{"line":162,"column":28},"end":{"line":162,"column":58}},"58":{"start":{"line":164,"column":4},"end":{"line":164,"column":null}},"59":{"start":{"line":167,"column":31},"end":{"line":167,"column":46}},"60":{"start":{"line":173,"column":4},"end":{"line":185,"column":5}},"61":{"start":{"line":175,"column":6},"end":{"line":178,"column":null}},"62":{"start":{"line":180,"column":6},"end":{"line":184,"column":null}},"63":{"start":{"line":187,"column":4},"end":{"line":187,"column":null}},"64":{"start":{"line":192,"column":19},"end":{"line":192,"column":38}},"65":{"start":{"line":193,"column":28},"end":{"line":197,"column":15}},"66":{"start":{"line":199,"column":4},"end":{"line":201,"column":5}},"67":{"start":{"line":200,"column":6},"end":{"line":200,"column":null}},"68":{"start":{"line":203,"column":4},"end":{"line":203,"column":null}},"69":{"start":{"line":208,"column":19},"end":{"line":208,"column":38}},"70":{"start":{"line":210,"column":23},"end":{"line":221,"column":null}},"71":{"start":{"line":223,"column":28},"end":{"line":227,"column":15}},"72":{"start":{"line":229,"column":4},"end":{"line":232,"column":5}},"73":{"start":{"line":230,"column":6},"end":{"line":230,"column":null}},"74":{"start":{"line":231,"column":6},"end":{"line":231,"column":null}},"75":{"start":{"line":234,"column":4},"end":{"line":234,"column":null}},"76":{"start":{"line":248,"column":19},"end":{"line":248,"column":38}},"77":{"start":{"line":249,"column":26},"end":{"line":260,"column":7}},"78":{"start":{"line":249,"column":58},"end":{"line":260,"column":6}},"79":{"start":{"line":262,"column":28},"end":{"line":265,"column":15}},"80":{"start":{"line":267,"column":4},"end":{"line":270,"column":5}},"81":{"start":{"line":268,"column":6},"end":{"line":268,"column":null}},"82":{"start":{"line":269,"column":6},"end":{"line":269,"column":null}},"83":{"start":{"line":272,"column":4},"end":{"line":276,"column":null}},"84":{"start":{"line":281,"column":19},"end":{"line":281,"column":38}},"85":{"start":{"line":282,"column":28},"end":{"line":287,"column":53}},"86":{"start":{"line":289,"column":4},"end":{"line":292,"column":5}},"87":{"start":{"line":290,"column":6},"end":{"line":290,"column":null}},"88":{"start":{"line":291,"column":6},"end":{"line":291,"column":null}},"89":{"start":{"line":294,"column":4},"end":{"line":294,"column":null}},"90":{"start":{"line":299,"column":19},"end":{"line":299,"column":38}},"91":{"start":{"line":302,"column":48},"end":{"line":306,"column":15}},"92":{"start":{"line":308,"column":4},"end":{"line":310,"column":5}},"93":{"start":{"line":309,"column":6},"end":{"line":309,"column":null}},"94":{"start":{"line":313,"column":4},"end":{"line":315,"column":5}},"95":{"start":{"line":314,"column":6},"end":{"line":314,"column":null}},"96":{"start":{"line":318,"column":51},"end":{"line":322,"column":15}},"97":{"start":{"line":324,"column":4},"end":{"line":326,"column":5}},"98":{"start":{"line":325,"column":6},"end":{"line":325,"column":null}},"99":{"start":{"line":328,"column":4},"end":{"line":330,"column":5}},"100":{"start":{"line":329,"column":6},"end":{"line":329,"column":null}},"101":{"start":{"line":333,"column":35},"end":{"line":336,"column":25}},"102":{"start":{"line":338,"column":4},"end":{"line":340,"column":5}},"103":{"start":{"line":339,"column":6},"end":{"line":339,"column":null}},"104":{"start":{"line":342,"column":4},"end":{"line":342,"column":null}},"105":{"start":{"line":5,"column":13},"end":{"line":5,"column":24}},"106":{"start":{"line":5,"column":13},"end":{"line":344,"column":null}}},"fnMap":{"0":{"name":"(anonymous_1)","decl":{"start":{"line":7,"column":2},"end":{"line":7,"column":7}},"loc":{"start":{"line":7,"column":40},"end":{"line":21,"column":3}}},"1":{"name":"(anonymous_2)","decl":{"start":{"line":24,"column":2},"end":{"line":24,"column":7}},"loc":{"start":{"line":24,"column":63},"end":{"line":39,"column":3}}},"2":{"name":"(anonymous_3)","decl":{"start":{"line":42,"column":2},"end":{"line":42,"column":7}},"loc":{"start":{"line":42,"column":40},"end":{"line":56,"column":3}}},"3":{"name":"(anonymous_4)","decl":{"start":{"line":59,"column":2},"end":{"line":59,"column":7}},"loc":{"start":{"line":59,"column":60},"end":{"line":74,"column":3}}},"4":{"name":"(anonymous_5)","decl":{"start":{"line":77,"column":2},"end":{"line":77,"column":7}},"loc":{"start":{"line":77,"column":46},"end":{"line":91,"column":3}}},"5":{"name":"(anonymous_6)","decl":{"start":{"line":94,"column":2},"end":{"line":94,"column":7}},"loc":{"start":{"line":98,"column":28},"end":{"line":126,"column":3}}},"6":{"name":"(anonymous_7)","decl":{"start":{"line":129,"column":2},"end":{"line":129,"column":7}},"loc":{"start":{"line":129,"column":44},"end":{"line":188,"column":3}}},"7":{"name":"(anonymous_8)","decl":{"start":{"line":191,"column":2},"end":{"line":191,"column":7}},"loc":{"start":{"line":191,"column":66},"end":{"line":204,"column":3}}},"8":{"name":"(anonymous_9)","decl":{"start":{"line":207,"column":2},"end":{"line":207,"column":7}},"loc":{"start":{"line":207,"column":44},"end":{"line":235,"column":3}}},"9":{"name":"(anonymous_10)","decl":{"start":{"line":238,"column":2},"end":{"line":238,"column":7}},"loc":{"start":{"line":246,"column":6},"end":{"line":277,"column":3}}},"10":{"name":"(anonymous_11)","decl":{"start":{"line":249,"column":38},"end":{"line":249,"column":39}},"loc":{"start":{"line":249,"column":58},"end":{"line":260,"column":6}}},"11":{"name":"(anonymous_12)","decl":{"start":{"line":280,"column":2},"end":{"line":280,"column":7}},"loc":{"start":{"line":280,"column":46},"end":{"line":295,"column":3}}},"12":{"name":"(anonymous_13)","decl":{"start":{"line":298,"column":2},"end":{"line":298,"column":7}},"loc":{"start":{"line":298,"column":67},"end":{"line":343,"column":3}}}},"branchMap":{"0":{"loc":{"start":{"line":15,"column":4},"end":{"line":18,"column":5}},"type":"if","locations":[{"start":{"line":15,"column":4},"end":{"line":18,"column":5}},{"start":{},"end":{}}]},"1":{"loc":{"start":{"line":33,"column":4},"end":{"line":36,"column":5}},"type":"if","locations":[{"start":{"line":33,"column":4},"end":{"line":36,"column":5}},{"start":{},"end":{}}]},"2":{"loc":{"start":{"line":38,"column":11},"end":{"line":38,"column":34}},"type":"binary-expr","locations":[{"start":{"line":38,"column":11},"end":{"line":38,"column":15}},{"start":{"line":38,"column":19},"end":{"line":38,"column":34}}]},"3":{"loc":{"start":{"line":50,"column":4},"end":{"line":53,"column":5}},"type":"if","locations":[{"start":{"line":50,"column":4},"end":{"line":53,"column":5}},{"start":{},"end":{}}]},"4":{"loc":{"start":{"line":68,"column":4},"end":{"line":71,"column":5}},"type":"if","locations":[{"start":{"line":68,"column":4},"end":{"line":71,"column":5}},{"start":{},"end":{}}]},"5":{"loc":{"start":{"line":85,"column":4},"end":{"line":88,"column":5}},"type":"if","locations":[{"start":{"line":85,"column":4},"end":{"line":88,"column":5}},{"start":{},"end":{}}]},"6":{"loc":{"start":{"line":106,"column":4},"end":{"line":108,"column":5}},"type":"if","locations":[{"start":{"line":106,"column":4},"end":{"line":108,"column":5}},{"start":{},"end":{}}]},"7":{"loc":{"start":{"line":109,"column":4},"end":{"line":111,"column":5}},"type":"if","locations":[{"start":{"line":109,"column":4},"end":{"line":111,"column":5}},{"start":{},"end":{}}]},"8":{"loc":{"start":{"line":120,"column":4},"end":{"line":123,"column":5}},"type":"if","locations":[{"start":{"line":120,"column":4},"end":{"line":123,"column":5}},{"start":{},"end":{}}]},"9":{"loc":{"start":{"line":139,"column":4},"end":{"line":142,"column":5}},"type":"if","locations":[{"start":{"line":139,"column":4},"end":{"line":142,"column":5}},{"start":{},"end":{}}]},"10":{"loc":{"start":{"line":144,"column":4},"end":{"line":147,"column":5}},"type":"if","locations":[{"start":{"line":144,"column":4},"end":{"line":147,"column":5}},{"start":{},"end":{}}]},"11":{"loc":{"start":{"line":156,"column":4},"end":{"line":159,"column":5}},"type":"if","locations":[{"start":{"line":156,"column":4},"end":{"line":159,"column":5}},{"start":{},"end":{}}]},"12":{"loc":{"start":{"line":156,"column":8},"end":{"line":156,"column":32}},"type":"binary-expr","locations":[{"start":{"line":156,"column":8},"end":{"line":156,"column":20}},{"start":{"line":156,"column":24},"end":{"line":156,"column":32}}]},"13":{"loc":{"start":{"line":162,"column":28},"end":{"line":162,"column":58}},"type":"binary-expr","locations":[{"start":{"line":162,"column":28},"end":{"line":162,"column":53}},{"start":{"line":162,"column":57},"end":{"line":162,"column":58}}]},"14":{"loc":{"start":{"line":173,"column":4},"end":{"line":185,"column":5}},"type":"if","locations":[{"start":{"line":173,"column":4},"end":{"line":185,"column":5}},{"start":{},"end":{}}]},"15":{"loc":{"start":{"line":199,"column":4},"end":{"line":201,"column":5}},"type":"if","locations":[{"start":{"line":199,"column":4},"end":{"line":201,"column":5}},{"start":{},"end":{}}]},"16":{"loc":{"start":{"line":199,"column":8},"end":{"line":199,"column":22}},"type":"binary-expr","locations":[{"start":{"line":199,"column":8},"end":{"line":199,"column":13}},{"start":{"line":199,"column":17},"end":{"line":199,"column":22}}]},"17":{"loc":{"start":{"line":217,"column":22},"end":{"line":217,"column":62}},"type":"binary-expr","locations":[{"start":{"line":217,"column":22},"end":{"line":217,"column":47}},{"start":{"line":217,"column":51},"end":{"line":217,"column":62}}]},"18":{"loc":{"start":{"line":220,"column":17},"end":{"line":220,"column":65}},"type":"binary-expr","locations":[{"start":{"line":220,"column":17},"end":{"line":220,"column":37}},{"start":{"line":220,"column":41},"end":{"line":220,"column":65}}]},"19":{"loc":{"start":{"line":229,"column":4},"end":{"line":232,"column":5}},"type":"if","locations":[{"start":{"line":229,"column":4},"end":{"line":232,"column":5}},{"start":{},"end":{}}]},"20":{"loc":{"start":{"line":259,"column":17},"end":{"line":259,"column":60}},"type":"binary-expr","locations":[{"start":{"line":259,"column":17},"end":{"line":259,"column":32}},{"start":{"line":259,"column":36},"end":{"line":259,"column":60}}]},"21":{"loc":{"start":{"line":267,"column":4},"end":{"line":270,"column":5}},"type":"if","locations":[{"start":{"line":267,"column":4},"end":{"line":270,"column":5}},{"start":{},"end":{}}]},"22":{"loc":{"start":{"line":273,"column":15},"end":{"line":273,"column":32}},"type":"binary-expr","locations":[{"start":{"line":273,"column":15},"end":{"line":273,"column":27}},{"start":{"line":273,"column":31},"end":{"line":273,"column":32}}]},"23":{"loc":{"start":{"line":274,"column":32},"end":{"line":274,"column":49}},"type":"binary-expr","locations":[{"start":{"line":274,"column":32},"end":{"line":274,"column":44}},{"start":{"line":274,"column":48},"end":{"line":274,"column":49}}]},"24":{"loc":{"start":{"line":289,"column":4},"end":{"line":292,"column":5}},"type":"if","locations":[{"start":{"line":289,"column":4},"end":{"line":292,"column":5}},{"start":{},"end":{}}]},"25":{"loc":{"start":{"line":294,"column":11},"end":{"line":294,"column":21}},"type":"binary-expr","locations":[{"start":{"line":294,"column":11},"end":{"line":294,"column":15}},{"start":{"line":294,"column":19},"end":{"line":294,"column":21}}]},"26":{"loc":{"start":{"line":308,"column":4},"end":{"line":310,"column":5}},"type":"if","locations":[{"start":{"line":308,"column":4},"end":{"line":310,"column":5}},{"start":{},"end":{}}]},"27":{"loc":{"start":{"line":308,"column":8},"end":{"line":308,"column":29}},"type":"binary-expr","locations":[{"start":{"line":308,"column":8},"end":{"line":308,"column":18}},{"start":{"line":308,"column":22},"end":{"line":308,"column":29}}]},"28":{"loc":{"start":{"line":313,"column":4},"end":{"line":315,"column":5}},"type":"if","locations":[{"start":{"line":313,"column":4},"end":{"line":315,"column":5}},{"start":{},"end":{}}]},"29":{"loc":{"start":{"line":324,"column":4},"end":{"line":326,"column":5}},"type":"if","locations":[{"start":{"line":324,"column":4},"end":{"line":326,"column":5}},{"start":{},"end":{}}]},"30":{"loc":{"start":{"line":324,"column":8},"end":{"line":324,"column":32}},"type":"binary-expr","locations":[{"start":{"line":324,"column":8},"end":{"line":324,"column":20}},{"start":{"line":324,"column":24},"end":{"line":324,"column":32}}]},"31":{"loc":{"start":{"line":328,"column":4},"end":{"line":330,"column":5}},"type":"if","locations":[{"start":{"line":328,"column":4},"end":{"line":330,"column":5}},{"start":{},"end":{}}]},"32":{"loc":{"start":{"line":338,"column":4},"end":{"line":340,"column":5}},"type":"if","locations":[{"start":{"line":338,"column":4},"end":{"line":340,"column":5}},{"start":{},"end":{}}]}},"s":{"0":1,"1":1,"2":1,"3":2,"4":2,"5":2,"6":1,"7":1,"8":1,"9":2,"10":2,"11":2,"12":0,"13":0,"14":2,"15":2,"16":2,"17":2,"18":1,"19":1,"20":1,"21":1,"22":1,"23":1,"24":0,"25":0,"26":1,"27":2,"28":2,"29":2,"30":1,"31":1,"32":1,"33":0,"34":0,"35":0,"36":0,"37":0,"38":0,"39":0,"40":0,"41":0,"42":0,"43":0,"44":1,"45":1,"46":1,"47":0,"48":0,"49":1,"50":0,"51":0,"52":1,"53":1,"54":0,"55":0,"56":1,"57":1,"58":1,"59":1,"60":1,"61":1,"62":1,"63":0,"64":2,"65":2,"66":2,"67":0,"68":2,"69":1,"70":1,"71":1,"72":1,"73":0,"74":0,"75":1,"76":1,"77":1,"78":2,"79":1,"80":1,"81":0,"82":0,"83":1,"84":0,"85":0,"86":0,"87":0,"88":0,"89":0,"90":0,"91":0,"92":0,"93":0,"94":0,"95":0,"96":0,"97":0,"98":0,"99":0,"100":0,"101":0,"102":0,"103":0,"104":0,"105":1,"106":1},"f":{"0":2,"1":2,"2":2,"3":1,"4":2,"5":0,"6":1,"7":2,"8":1,"9":1,"10":2,"11":0,"12":0},"b":{"0":[1,1],"1":[0,2],"2":[2,2],"3":[1,1],"4":[0,1],"5":[1,1],"6":[0,0],"7":[0,0],"8":[0,0],"9":[0,1],"10":[0,1],"11":[0,1],"12":[1,1],"13":[1,0],"14":[1,0],"15":[0,2],"16":[2,2],"17":[1,1],"18":[1,1],"19":[0,1],"20":[2,2],"21":[0,1],"22":[1,0],"23":[1,0],"24":[0,0],"25":[0,0],"26":[0,0],"27":[0,0],"28":[0,0],"29":[0,0],"30":[0,0],"31":[0,0],"32":[0,0]}}
,"/workspace/projects/server/src/modules/gift-exchange/gift-exchange.service.ts": {"path":"/workspace/projects/server/src/modules/gift-exchange/gift-exchange.service.ts","statementMap":{"0":{"start":{"line":1,"column":0},"end":{"line":1,"column":51}},"1":{"start":{"line":2,"column":0},"end":{"line":2,"column":70}},"2":{"start":{"line":37,"column":32},"end":{"line":456,"column":null}},"3":{"start":{"line":38,"column":19},"end":{"line":38,"column":null}},"4":{"start":{"line":44,"column":22},"end":{"line":44,"column":43}},"5":{"start":{"line":45,"column":19},"end":{"line":45,"column":72}},"6":{"start":{"line":46,"column":4},"end":{"line":46,"column":null}},"7":{"start":{"line":61,"column":19},"end":{"line":61,"column":38}},"8":{"start":{"line":62,"column":23},"end":{"line":62,"column":48}},"9":{"start":{"line":65,"column":29},"end":{"line":67,"column":null}},"10":{"start":{"line":66,"column":21},"end":{"line":66,"column":53}},"11":{"start":{"line":71,"column":29},"end":{"line":73,"column":null}},"12":{"start":{"line":72,"column":21},"end":{"line":72,"column":53}},"13":{"start":{"line":77,"column":23},"end":{"line":77,"column":57}},"14":{"start":{"line":80,"column":23},"end":{"line":80,"column":71}},"15":{"start":{"line":83,"column":22},"end":{"line":83,"column":58}},"16":{"start":{"line":83,"column":50},"end":{"line":83,"column":57}},"17":{"start":{"line":84,"column":50},"end":{"line":89,"column":32}},"18":{"start":{"line":91,"column":4},"end":{"line":93,"column":5}},"19":{"start":{"line":92,"column":6},"end":{"line":92,"column":null}},"20":{"start":{"line":96,"column":22},"end":{"line":96,"column":58}},"21":{"start":{"line":96,"column":50},"end":{"line":96,"column":57}},"22":{"start":{"line":97,"column":52},"end":{"line":101,"column":29}},"23":{"start":{"line":103,"column":4},"end":{"line":105,"column":5}},"24":{"start":{"line":104,"column":6},"end":{"line":104,"column":null}},"25":{"start":{"line":107,"column":4},"end":{"line":112,"column":5}},"26":{"start":{"line":108,"column":22},"end":{"line":108,"column":65}},"27":{"start":{"line":108,"column":48},"end":{"line":108,"column":64}},"28":{"start":{"line":109,"column":6},"end":{"line":111,"column":7}},"29":{"start":{"line":110,"column":8},"end":{"line":110,"column":null}},"30":{"start":{"line":115,"column":25},"end":{"line":127,"column":null}},"31":{"start":{"line":129,"column":53},"end":{"line":133,"column":15}},"32":{"start":{"line":135,"column":4},"end":{"line":138,"column":5}},"33":{"start":{"line":136,"column":6},"end":{"line":136,"column":null}},"34":{"start":{"line":137,"column":6},"end":{"line":137,"column":null}},"35":{"start":{"line":141,"column":4},"end":{"line":144,"column":null}},"36":{"start":{"line":147,"column":4},"end":{"line":155,"column":5}},"37":{"start":{"line":148,"column":22},"end":{"line":148,"column":65}},"38":{"start":{"line":148,"column":48},"end":{"line":148,"column":64}},"39":{"start":{"line":149,"column":6},"end":{"line":154,"column":7}},"40":{"start":{"line":150,"column":8},"end":{"line":153,"column":null}},"41":{"start":{"line":157,"column":4},"end":{"line":157,"column":null}},"42":{"start":{"line":159,"column":19},"end":{"line":159,"column":58}},"43":{"start":{"line":160,"column":4},"end":{"line":160,"column":null}},"44":{"start":{"line":167,"column":19},"end":{"line":167,"column":38}},"45":{"start":{"line":169,"column":28},"end":{"line":173,"column":15}},"46":{"start":{"line":175,"column":4},"end":{"line":177,"column":5}},"47":{"start":{"line":176,"column":6},"end":{"line":176,"column":null}},"48":{"start":{"line":179,"column":4},"end":{"line":194,"column":null}},"49":{"start":{"line":205,"column":19},"end":{"line":205,"column":38}},"50":{"start":{"line":207,"column":17},"end":{"line":207,"column":38}},"51":{"start":{"line":208,"column":15},"end":{"line":208,"column":34}},"52":{"start":{"line":210,"column":35},"end":{"line":215,"column":22}},"53":{"start":{"line":217,"column":4},"end":{"line":219,"column":5}},"54":{"start":{"line":218,"column":6},"end":{"line":218,"column":null}},"55":{"start":{"line":221,"column":20},"end":{"line":236,"column":7}},"56":{"start":{"line":221,"column":53},"end":{"line":236,"column":6}},"57":{"start":{"line":238,"column":4},"end":{"line":238,"column":null}},"58":{"start":{"line":248,"column":19},"end":{"line":248,"column":38}},"59":{"start":{"line":250,"column":31},"end":{"line":254,"column":15}},"60":{"start":{"line":256,"column":4},"end":{"line":258,"column":5}},"61":{"start":{"line":257,"column":6},"end":{"line":257,"column":null}},"62":{"start":{"line":261,"column":22},"end":{"line":268,"column":28}},"63":{"start":{"line":270,"column":4},"end":{"line":272,"column":5}},"64":{"start":{"line":271,"column":6},"end":{"line":271,"column":null}},"65":{"start":{"line":274,"column":4},"end":{"line":274,"column":null}},"66":{"start":{"line":281,"column":19},"end":{"line":281,"column":38}},"67":{"start":{"line":283,"column":21},"end":{"line":283,"column":59}},"68":{"start":{"line":284,"column":4},"end":{"line":286,"column":5}},"69":{"start":{"line":285,"column":6},"end":{"line":285,"column":null}},"70":{"start":{"line":289,"column":20},"end":{"line":289,"column":93}},"71":{"start":{"line":291,"column":47},"end":{"line":304,"column":15}},"72":{"start":{"line":306,"column":4},"end":{"line":308,"column":5}},"73":{"start":{"line":307,"column":6},"end":{"line":307,"column":null}},"74":{"start":{"line":311,"column":22},"end":{"line":320,"column":7}},"75":{"start":{"line":311,"column":56},"end":{"line":320,"column":6}},"76":{"start":{"line":322,"column":4},"end":{"line":322,"column":null}},"77":{"start":{"line":325,"column":22},"end":{"line":325,"column":63}},"78":{"start":{"line":325,"column":55},"end":{"line":325,"column":62}},"79":{"start":{"line":326,"column":4},"end":{"line":329,"column":null}},"80":{"start":{"line":332,"column":4},"end":{"line":339,"column":null}},"81":{"start":{"line":341,"column":4},"end":{"line":341,"column":null}},"82":{"start":{"line":342,"column":4},"end":{"line":342,"column":null}},"83":{"start":{"line":349,"column":19},"end":{"line":349,"column":38}},"84":{"start":{"line":351,"column":21},"end":{"line":351,"column":59}},"85":{"start":{"line":352,"column":4},"end":{"line":354,"column":5}},"86":{"start":{"line":353,"column":6},"end":{"line":353,"column":null}},"87":{"start":{"line":356,"column":4},"end":{"line":358,"column":5}},"88":{"start":{"line":357,"column":6},"end":{"line":357,"column":null}},"89":{"start":{"line":361,"column":22},"end":{"line":361,"column":63}},"90":{"start":{"line":361,"column":55},"end":{"line":361,"column":62}},"91":{"start":{"line":362,"column":4},"end":{"line":365,"column":null}},"92":{"start":{"line":368,"column":4},"end":{"line":381,"column":5}},"93":{"start":{"line":369,"column":32},"end":{"line":373,"column":17}},"94":{"start":{"line":375,"column":6},"end":{"line":380,"column":7}},"95":{"start":{"line":376,"column":8},"end":{"line":379,"column":null}},"96":{"start":{"line":384,"column":4},"end":{"line":387,"column":null}},"97":{"start":{"line":389,"column":4},"end":{"line":389,"column":null}},"98":{"start":{"line":390,"column":4},"end":{"line":390,"column":null}},"99":{"start":{"line":397,"column":19},"end":{"line":397,"column":38}},"100":{"start":{"line":399,"column":28},"end":{"line":404,"column":48}},"101":{"start":{"line":406,"column":4},"end":{"line":409,"column":5}},"102":{"start":{"line":407,"column":6},"end":{"line":407,"column":null}},"103":{"start":{"line":408,"column":6},"end":{"line":408,"column":null}},"104":{"start":{"line":411,"column":4},"end":{"line":419,"column":null}},"105":{"start":{"line":411,"column":44},"end":{"line":419,"column":6}},"106":{"start":{"line":435,"column":29},"end":{"line":437,"column":null}},"107":{"start":{"line":436,"column":21},"end":{"line":436,"column":53}},"108":{"start":{"line":440,"column":29},"end":{"line":442,"column":null}},"109":{"start":{"line":441,"column":21},"end":{"line":441,"column":53}},"110":{"start":{"line":445,"column":23},"end":{"line":445,"column":57}},"111":{"start":{"line":446,"column":23},"end":{"line":446,"column":71}},"112":{"start":{"line":448,"column":4},"end":{"line":454,"column":null}},"113":{"start":{"line":37,"column":13},"end":{"line":37,"column":32}},"114":{"start":{"line":37,"column":13},"end":{"line":456,"column":null}}},"fnMap":{"0":{"name":"(anonymous_1)","decl":{"start":{"line":37,"column":7},"end":{"line":37,"column":13}},"loc":{"start":{"line":37,"column":7},"end":{"line":456,"column":1}}},"1":{"name":"(anonymous_2)","decl":{"start":{"line":43,"column":10},"end":{"line":43,"column":28}},"loc":{"start":{"line":43,"column":28},"end":{"line":47,"column":3}}},"2":{"name":"(anonymous_3)","decl":{"start":{"line":60,"column":2},"end":{"line":60,"column":7}},"loc":{"start":{"line":60,"column":45},"end":{"line":161,"column":3}}},"3":{"name":"(anonymous_4)","decl":{"start":{"line":66,"column":6},"end":{"line":66,"column":7}},"loc":{"start":{"line":66,"column":21},"end":{"line":66,"column":53}}},"4":{"name":"(anonymous_5)","decl":{"start":{"line":72,"column":6},"end":{"line":72,"column":7}},"loc":{"start":{"line":72,"column":21},"end":{"line":72,"column":53}}},"5":{"name":"(anonymous_6)","decl":{"start":{"line":83,"column":42},"end":{"line":83,"column":46}},"loc":{"start":{"line":83,"column":50},"end":{"line":83,"column":57}}},"6":{"name":"(anonymous_7)","decl":{"start":{"line":96,"column":42},"end":{"line":96,"column":46}},"loc":{"start":{"line":96,"column":50},"end":{"line":96,"column":57}}},"7":{"name":"(anonymous_8)","decl":{"start":{"line":108,"column":36},"end":{"line":108,"column":37}},"loc":{"start":{"line":108,"column":48},"end":{"line":108,"column":64}}},"8":{"name":"(anonymous_9)","decl":{"start":{"line":148,"column":36},"end":{"line":148,"column":37}},"loc":{"start":{"line":148,"column":48},"end":{"line":148,"column":64}}},"9":{"name":"(anonymous_10)","decl":{"start":{"line":166,"column":2},"end":{"line":166,"column":7}},"loc":{"start":{"line":166,"column":42},"end":{"line":195,"column":3}}},"10":{"name":"(anonymous_11)","decl":{"start":{"line":200,"column":2},"end":{"line":200,"column":7}},"loc":{"start":{"line":203,"column":25},"end":{"line":239,"column":3}}},"11":{"name":"(anonymous_12)","decl":{"start":{"line":221,"column":37},"end":{"line":221,"column":38}},"loc":{"start":{"line":221,"column":53},"end":{"line":236,"column":6}}},"12":{"name":"(anonymous_13)","decl":{"start":{"line":244,"column":2},"end":{"line":244,"column":7}},"loc":{"start":{"line":246,"column":25},"end":{"line":275,"column":3}}},"13":{"name":"(anonymous_14)","decl":{"start":{"line":280,"column":2},"end":{"line":280,"column":7}},"loc":{"start":{"line":280,"column":43},"end":{"line":343,"column":3}}},"14":{"name":"(anonymous_15)","decl":{"start":{"line":311,"column":47},"end":{"line":311,"column":51}},"loc":{"start":{"line":311,"column":56},"end":{"line":320,"column":6}}},"15":{"name":"(anonymous_16)","decl":{"start":{"line":325,"column":47},"end":{"line":325,"column":51}},"loc":{"start":{"line":325,"column":55},"end":{"line":325,"column":62}}},"16":{"name":"(anonymous_17)","decl":{"start":{"line":348,"column":2},"end":{"line":348,"column":7}},"loc":{"start":{"line":348,"column":41},"end":{"line":391,"column":3}}},"17":{"name":"(anonymous_18)","decl":{"start":{"line":361,"column":47},"end":{"line":361,"column":51}},"loc":{"start":{"line":361,"column":55},"end":{"line":361,"column":62}}},"18":{"name":"(anonymous_19)","decl":{"start":{"line":396,"column":2},"end":{"line":396,"column":7}},"loc":{"start":{"line":396,"column":48},"end":{"line":420,"column":3}}},"19":{"name":"(anonymous_20)","decl":{"start":{"line":411,"column":28},"end":{"line":411,"column":29}},"loc":{"start":{"line":411,"column":44},"end":{"line":419,"column":6}}},"20":{"name":"(anonymous_21)","decl":{"start":{"line":425,"column":2},"end":{"line":425,"column":7}},"loc":{"start":{"line":427,"column":31},"end":{"line":455,"column":3}}},"21":{"name":"(anonymous_22)","decl":{"start":{"line":436,"column":6},"end":{"line":436,"column":7}},"loc":{"start":{"line":436,"column":21},"end":{"line":436,"column":53}}},"22":{"name":"(anonymous_23)","decl":{"start":{"line":441,"column":6},"end":{"line":441,"column":7}},"loc":{"start":{"line":441,"column":21},"end":{"line":441,"column":53}}}},"branchMap":{"0":{"loc":{"start":{"line":91,"column":4},"end":{"line":93,"column":5}},"type":"if","locations":[{"start":{"line":91,"column":4},"end":{"line":93,"column":5}},{"start":{},"end":{}}]},"1":{"loc":{"start":{"line":91,"column":8},"end":{"line":91,"column":72}},"type":"binary-expr","locations":[{"start":{"line":91,"column":8},"end":{"line":91,"column":17}},{"start":{"line":91,"column":21},"end":{"line":91,"column":31}},{"start":{"line":91,"column":35},"end":{"line":91,"column":72}}]},"2":{"loc":{"start":{"line":103,"column":4},"end":{"line":105,"column":5}},"type":"if","locations":[{"start":{"line":103,"column":4},"end":{"line":105,"column":5}},{"start":{},"end":{}}]},"3":{"loc":{"start":{"line":103,"column":8},"end":{"line":103,"column":73}},"type":"binary-expr","locations":[{"start":{"line":103,"column":8},"end":{"line":103,"column":20}},{"start":{"line":103,"column":24},"end":{"line":103,"column":33}},{"start":{"line":103,"column":37},"end":{"line":103,"column":73}}]},"4":{"loc":{"start":{"line":109,"column":6},"end":{"line":111,"column":7}},"type":"if","locations":[{"start":{"line":109,"column":6},"end":{"line":111,"column":7}},{"start":{},"end":{}}]},"5":{"loc":{"start":{"line":109,"column":10},"end":{"line":109,"column":50}},"type":"binary-expr","locations":[{"start":{"line":109,"column":10},"end":{"line":109,"column":17}},{"start":{"line":109,"column":21},"end":{"line":109,"column":50}}]},"6":{"loc":{"start":{"line":125,"column":23},"end":{"line":125,"column":58}},"type":"cond-expr","locations":[{"start":{"line":125,"column":40},"end":{"line":125,"column":49}},{"start":{"line":125,"column":52},"end":{"line":125,"column":58}}]},"7":{"loc":{"start":{"line":126,"column":14},"end":{"line":126,"column":55}},"type":"cond-expr","locations":[{"start":{"line":126,"column":31},"end":{"line":126,"column":40}},{"start":{"line":126,"column":43},"end":{"line":126,"column":55}}]},"8":{"loc":{"start":{"line":135,"column":4},"end":{"line":138,"column":5}},"type":"if","locations":[{"start":{"line":135,"column":4},"end":{"line":138,"column":5}},{"start":{},"end":{}}]},"9":{"loc":{"start":{"line":149,"column":6},"end":{"line":154,"column":7}},"type":"if","locations":[{"start":{"line":149,"column":6},"end":{"line":154,"column":7}},{"start":{},"end":{}}]},"10":{"loc":{"start":{"line":175,"column":4},"end":{"line":177,"column":5}},"type":"if","locations":[{"start":{"line":175,"column":4},"end":{"line":177,"column":5}},{"start":{},"end":{}}]},"11":{"loc":{"start":{"line":175,"column":8},"end":{"line":175,"column"
[...]
column":25},"end":{"line":69,"column":55}},"22":{"start":{"line":70,"column":27},"end":{"line":70,"column":58}},"23":{"start":{"line":72,"column":24},"end":{"line":76,"column":null}},"24":{"start":{"line":79,"column":8},"end":{"line":89,"column":null}},"25":{"start":{"line":92,"column":6},"end":{"line":92,"column":null}},"26":{"start":{"line":93,"column":6},"end":{"line":96,"column":null}},"27":{"start":{"line":98,"column":6},"end":{"line":98,"column":null}},"28":{"start":{"line":99,"column":6},"end":{"line":102,"column":null}},"29":{"start":{"line":110,"column":4},"end":{"line":125,"column":5}},"30":{"start":{"line":111,"column":21},"end":{"line":113,"column":8}},"31":{"start":{"line":115,"column":6},"end":{"line":118,"column":null}},"32":{"start":{"line":120,"column":6},"end":{"line":120,"column":null}},"33":{"start":{"line":121,"column":6},"end":{"line":124,"column":null}},"34":{"start":{"line":132,"column":4},"end":{"line":144,"column":5}},"35":{"start":{"line":133,"column":6},"end":{"line":135,"column":null}},"36":{"start":{"line":137,"column":6},"end":{"line":137,"column":null}},"37":{"start":{"line":139,"column":6},"end":{"line":139,"column":null}},"38":{"start":{"line":140,"column":6},"end":{"line":143,"column":null}},"39":{"start":{"line":157,"column":69},"end":{"line":157,"column":75}},"40":{"start":{"line":159,"column":4},"end":{"line":181,"column":5}},"41":{"start":{"line":160,"column":21},"end":{"line":169,"column":8}},"42":{"start":{"line":171,"column":6},"end":{"line":174,"column":null}},"43":{"start":{"line":176,"column":6},"end":{"line":176,"column":null}},"44":{"start":{"line":177,"column":6},"end":{"line":180,"column":null}},"45":{"start":{"line":188,"column":4},"end":{"line":204,"column":5}},"46":{"start":{"line":189,"column":24},"end":{"line":189,"column":54}},"47":{"start":{"line":190,"column":24},"end":{"line":190,"column":54}},"48":{"start":{"line":191,"column":20},"end":{"line":191,"column":46}},"49":{"start":{"line":192,"column":21},"end":{"line":192,"column":48}},"50":{"start":{"line":194,"column":6},"end":{"line":200,"column":null}},"51":{"start":{"line":202,"column":6},"end":{"line":202,"column":null}},"52":{"start":{"line":203,"column":6},"end":{"line":203,"column":null}},"53":{"start":{"line":211,"column":4},"end":{"line":221,"column":5}},"54":{"start":{"line":212,"column":6},"end":{"line":217,"column":null}},"55":{"start":{"line":219,"column":6},"end":{"line":219,"column":null}},"56":{"start":{"line":220,"column":6},"end":{"line":220,"column":null}},"57":{"start":{"line":235,"column":53},"end":{"line":235,"column":59}},"58":{"start":{"line":237,"column":4},"end":{"line":237,"column":null}},"59":{"start":{"line":240,"column":4},"end":{"line":246,"column":5}},"60":{"start":{"line":241,"column":6},"end":{"line":241,"column":null}},"61":{"start":{"line":242,"column":6},"end":{"line":245,"column":null}},"62":{"start":{"line":248,"column":4},"end":{"line":289,"column":5}},"63":{"start":{"line":250,"column":25},"end":{"line":250,"column":98}},"64":{"start":{"line":252,"column":26},"end":{"line":252,"column":89}},"65":{"start":{"line":254,"column":21},"end":{"line":268,"column":8}},"66":{"start":{"line":270,"column":6},"end":{"line":276,"column":7}},"67":{"start":{"line":271,"column":8},"end":{"line":271,"column":null}},"68":{"start":{"line":272,"column":8},"end":{"line":275,"column":null}},"69":{"start":{"line":278,"column":6},"end":{"line":278,"column":null}},"70":{"start":{"line":279,"column":6},"end":{"line":282,"column":null}},"71":{"start":{"line":284,"column":6},"end":{"line":284,"column":null}},"72":{"start":{"line":285,"column":6},"end":{"line":288,"column":null}},"73":{"start":{"line":6,"column":13},"end":{"line":6,"column":29}},"74":{"start":{"line":6,"column":13},"end":{"line":291,"column":null}}},"fnMap":{"0":{"name":"(anonymous_2)","decl":{"start":{"line":10,"column":2},"end":{"line":10,"column":null}},"loc":{"start":{"line":10,"column":2},"end":{"line":12,"column":3}}},"1":{"name":"(anonymous_3)","decl":{"start":{"line":14,"column":10},"end":{"line":14,"column":28}},"loc":{"start":{"line":14,"column":28},"end":{"line":39,"column":3}}},"2":{"name":"(anonymous_4)","decl":{"start":{"line":44,"column":2},"end":{"line":44,"column":7}},"loc":{"start":{"line":49,"column":3},"end":{"line":104,"column":3}}},"3":{"name":"(anonymous_5)","decl":{"start":{"line":109,"column":2},"end":{"line":109,"column":7}},"loc":{"start":{"line":109,"column":34},"end":{"line":126,"column":3}}},"4":{"name":"(anonymous_6)","decl":{"start":{"line":131,"column":2},"end":{"line":131,"column":7}},"loc":{"start":{"line":131,"column":34},"end":{"line":145,"column":3}}},"5":{"name":"(anonymous_7)","decl":{"start":{"line":150,"column":2},"end":{"line":150,"column":7}},"loc":{"start":{"line":156,"column":3},"end":{"line":182,"column":3}}},"6":{"name":"(anonymous_8)","decl":{"start":{"line":187,"column":2},"end":{"line":187,"column":14}},"loc":{"start":{"line":187,"column":41},"end":{"line":205,"column":3}}},"7":{"name":"(anonymous_9)","decl":{"start":{"line":210,"column":2},"end":{"line":210,"column":15}},"loc":{"start":{"line":210,"column":29},"end":{"line":222,"column":3}}},"8":{"name":"(anonymous_10)","decl":{"start":{"line":229,"column":2},"end":{"line":229,"column":7}},"loc":{"start":{"line":234,"column":3},"end":{"line":290,"column":3}}}},"branchMap":{"0":{"loc":{"start":{"line":20,"column":6},"end":{"line":25,"column":7}},"type":"if","locations":[{"start":{"line":20,"column":6},"end":{"line":25,"column":7}},{"start":{},"end":{}}]},"1":{"loc":{"start":{"line":20,"column":10},"end":{"line":21,"column":90}},"type":"binary-expr","locations":[{"start":{"line":20,"column":10},"end":{"line":20,"column":32}},{"start":{"line":20,"column":36},"end":{"line":20,"column":58}},{"start":{"line":21,"column":10},"end":{"line":21,"column":47}},{"start":{"line":21,"column":51},"end":{"line":21,"column":90}}]},"2":{"loc":{"start":{"line":31,"column":32},"end":{"line":31,"column":64}},"type":"binary-expr","locations":[{"start":{"line":31,"column":32},"end":{"line":31,"column":58}},{"start":{"line":31,"column":62},"end":{"line":31,"column":64}}]},"3":{"loc":{"start":{"line":32,"column":31},"end":{"line":32,"column":62}},"type":"binary-expr","locations":[{"start":{"line":32,"column":31},"end":{"line":32,"column":56}},{"start":{"line":32,"column":60},"end":{"line":32,"column":62}}]},"4":{"loc":{"start":{"line":66,"column":6},"end":{"line":90,"column":7}},"type":"if","locations":[{"start":{"line":66,"column":6},"end":{"line":90,"column":7}},{"start":{},"end":{}}]},"5":{"loc":{"start":{"line":66,"column":10},"end":{"line":66,"column":56}},"type":"binary-expr","locations":[{"start":{"line":66,"column":10},"end":{"line":66,"column":31}},{"start":{"line":66,"column":35},"end":{"line":66,"column":56}}]},"6":{"loc":{"start":{"line":101,"column":17},"end":{"line":101,"column":44}},"type":"binary-expr","locations":[{"start":{"line":101,"column":17},"end":{"line":101,"column":30}},{"start":{"line":101,"column":34},"end":{"line":101,"column":44}}]},"7":{"loc":{"start":{"line":123,"column":17},"end":{"line":123,"column":42}},"type":"binary-expr","locations":[{"start":{"line":123,"column":17},"end":{"line":123,"column":30}},{"start":{"line":123,"column":34},"end":{"line":123,"column":42}}]},"8":{"loc":{"start":{"line":142,"column":17},"end":{"line":142,"column":42}},"type":"binary-expr","locations":[{"start":{"line":142,"column":17},"end":{"line":142,"column":30}},{"start":{"line":142,"column":34},"end":{"line":142,"column":42}}]},"9":{"loc":{"start":{"line":163,"column":16},"end":{"line":163,"column":34}},"type":"binary-expr","locations":[{"start":{"line":163,"column":16},"end":{"line":163,"column":22}},{"start":{"line":163,"column":26},"end":{"line":163,"column":34}}]},"10":{"loc":{"start":{"line":179,"column":17},"end":{"line":179,"column":42}},"type":"binary-expr","locations":[{"start":{"line":179,"column":17},"end":{"line":179,"column":30}},{"start":{"line":179,"column":34},"end":{"line":179,"column":42}}]},"11":{"loc":{"start":{"line":240,"column":4},"end":{"line":246,"column":5}},"type":"if","locations":[{"start":{"line":240,"column":4},"end":{"line":246,"column":5}},{"start":{},"end":{}}]},"12":{"loc":{"start":{"line":240,"column":8},"end":{"line":240,"column":56}},"type":"binary-expr","locations":[{"start":{"line":240,"column":8},"end":{"line":240,"column":30}},{"start":{"line":240,"column":34},"end":{"line":240,"column":56}}]},"13":{"loc":{"start":{"line":250,"column":25},"end":{"line":250,"column":98}},"type":"binary-expr","locations":[{"start":{"line":250,"column":25},"end":{"line":250,"column":32}},{"start":{"line":250,"column":36},"end":{"line":250,"column":98}}]},"14":{"loc":{"start":{"line":270,"column":6},"end":{"line":276,"column":7}},"type":"if","locations":[{"start":{"line":270,"column":6},"end":{"line":276,"column":7}},{"start":{},"end":{}}]},"15":{"loc":{"start":{"line":270,"column":10},"end":{"line":270,"column":75}},"type":"binary-expr","locations":[{"start":{"line":270,"column":10},"end":{"line":270,"column":31}},{"start":{"line":270,"column":35},"end":{"line":270,"column":56}},{"start":{"line":270,"column":60},"end":{"line":270,"column":75}}]},"16":{"loc":{"start":{"line":274,"column":21},"end":{"line":274,"column":50}},"type":"binary-expr","locations":[{"start":{"line":274,"column":21},"end":{"line":274,"column":36}},{"start":{"line":274,"column":40},"end":{"line":274,"column":50}}]},"17":{"loc":{"start":{"line":281,"column":18},"end":{"line":281,"column":42}},"type":"binary-expr","locations":[{"start":{"line":281,"column":18},"end":{"line":281,"column":32}},{"start":{"line":281,"column":36},"end":{"line":281,"column":42}}]},"18":{"loc":{"start":{"line":287,"column":18},"end":{"line":287,"column":41}},"type":"binary-expr","locations":[{"start":{"line":287,"column":18},"end":{"line":287,"column":31}},{"start":{"line":287,"column":35},"end":{"line":287,"column":41}}]}},"s":{"0":1,"1":1,"2":1,"3":1,"4":0,"5":0,"6":0,"7":0,"8":0,"9":0,"10":0,"11":0,"12":0,"13":0,"14":0,"15":0,"16":0,"17":0,"18":0,"19":0,"20":0,"21":0,"22":0,"23":0,"24":0,"25":0,"26":0,"27":0,"28":0,"29":0,"30":0,"31":0,"32":0,"33":0,"34":0,"35":0,"36":0,"37":0,"38":0,"39":0,"40":0,"41":0,"42":0,"43":0,"44":0,"45":0,"46":0,"47":0,"48":0,"49":0,"50":0,"51":0,"52":0,"53":0,"54":0,"55":0,"56":0,"57":0,"58":0,"59":0,"60":0,"61":0,"62":0,"63":0,"64":0,"65":0,"66":0,"67":0,"68":0,"69":0,"70":0,"71":0,"72":0,"73":1,"74":1},"f":{"0":0,"1":0,"2":0,"3":0,"4":0,"5":0,"6":0,"7":0,"8":0},"b":{"0":[0,0],"1":[0,0,0,0],"2":[0,0],"3":[0,0],"4":[0,0],"5":[0,0],"6":[0,0],"7":[0,0],"8":[0,0],"9":[0,0],"10":[0,0],"11":[0,0],"12":[0,0],"13":[0,0],"14":[0,0],"15":[0,0,0],"16":[0,0],"17":[0,0],"18":[0,0]}}
,"/workspace/projects/server/src/modules/withdraw/withdraw.service.ts": {"path":"/workspace/projects/server/src/modules/withdraw/withdraw.service.ts","statementMap":{"0":{"start":{"line":1,"column":0},"end":{"line":1,"column":51}},"1":{"start":{"line":2,"column":0},"end":{"line":2,"column":70}},"2":{"start":{"line":3,"column":0},"end":{"line":3,"column":59}},"3":{"start":{"line":6,"column":28},"end":{"line":193,"column":null}},"4":{"start":{"line":9,"column":31},"end":{"line":9,"column":47}},"5":{"start":{"line":7,"column":19},"end":{"line":7,"column":null}},"6":{"start":{"line":15,"column":19},"end":{"line":15,"column":38}},"7":{"start":{"line":17,"column":17},"end":{"line":17,"column":38}},"8":{"start":{"line":18,"column":15},"end":{"line":18,"column":34}},"9":{"start":{"line":20,"column":35},"end":{"line":25,"column":22}},"10":{"start":{"line":27,"column":4},"end":{"line":30,"column":5}},"11":{"start":{"line":28,"column":6},"end":{"line":28,"column":null}},"12":{"start":{"line":29,"column":6},"end":{"line":29,"column":null}},"13":{"start":{"line":32,"column":4},"end":{"line":35,"column":null}},"14":{"start":{"line":43,"column":19},"end":{"line":43,"column":38}},"15":{"start":{"line":46,"column":31},"end":{"line":49,"column":32}},"16":{"start":{"line":51,"column":4},"end":{"line":53,"column":5}},"17":{"start":{"line":52,"column":6},"end":{"line":52,"column":null}},"18":{"start":{"line":55,"column":23},"end":{"line":55,"column":46}},"19":{"start":{"line":55,"column":41},"end":{"line":55,"column":45}},"20":{"start":{"line":58,"column":34},"end":{"line":62,"column":35}},"21":{"start":{"line":64,"column":28},"end":{"line":64,"column":83}},"22":{"start":{"line":64,"column":60},"end":{"line":64,"column":74}},"23":{"start":{"line":67,"column":34},"end":{"line":71,"column":30}},"24":{"start":{"line":73,"column":27},"end":{"line":73,"column":82}},"25":{"start":{"line":73,"column":59},"end":{"line":73,"column":73}},"26":{"start":{"line":76,"column":27},"end":{"line":76,"column":32}},"27":{"start":{"line":77,"column":22},"end":{"line":77,"column":72}},"28":{"start":{"line":78,"column":29},"end":{"line":78,"column":55}},"29":{"start":{"line":80,"column":4},"end":{"line":80,"column":null}},"30":{"start":{"line":91,"column":4},"end":{"line":91,"column":null}},"31":{"start":{"line":94,"column":29},"end":{"line":94,"column":67}},"32":{"start":{"line":95,"column":4},"end":{"line":100,"column":5}},"33":{"start":{"line":96,"column":6},"end":{"line":99,"column":null}},"34":{"start":{"line":103,"column":4},"end":{"line":108,"column":5}},"35":{"start":{"line":104,"column":6},"end":{"line":107,"column":null}},"36":{"start":{"line":110,"column":19},"end":{"line":110,"column":38}},"37":{"start":{"line":113,"column":44},"end":{"line":122,"column":15}},"38":{"start":{"line":124,"column":4},"end":{"line":130,"column":5}},"39":{"start":{"line":125,"column":6},"end":{"line":125,"column":null}},"40":{"start":{"line":126,"column":6},"end":{"line":129,"column":null}},"41":{"start":{"line":133,"column":27},"end":{"line":136,"column":null}},"42":{"start":{"line":140,"column":4},"end":{"line":171,"column":5}},"43":{"start":{"line":141,"column":6},"end":{"line":148,"column":null}},"44":{"start":{"line":150,"column":6},"end":{"line":150,"column":null}},"45":{"start":{"line":152,"column":6},"end":{"line":155,"column":null}},"46":{"start":{"line":157,"column":6},"end":{"line":163,"column":null}},"47":{"start":{"line":165,"column":6},"end":{"line":165,"column":null}},"48":{"start":{"line":167,"column":6},"end":{"line":170,"column":null}},"49":{"start":{"line":178,"column":19},"end":{"line":178,"column":38}},"50":{"start":{"line":180,"column":28},"end":{"line":184,"column":15}},"51":{"start":{"line":186,"column":4},"end":{"line":189,"column":5}},"52":{"start":{"line":187,"column":6},"end":{"line":187,"column":null}},"53":{"start":{"line":188,"column":6},"end":{"line":188,"column":null}},"54":{"start":{"line":191,"column":4},"end":{"line":191,"column":null}},"55":{"start":{"line":6,"column":13},"end":{"line":6,"column":28}},"56":{"start":{"line":6,"column":13},"end":{"line":193,"column":null}}},"fnMap":{"0":{"name":"(anonymous_2)","decl":{"start":{"line":9,"column":2},"end":{"line":9,"column":31}},"loc":{"start":{"line":9,"column":61},"end":{"line":9,"column":65}}},"1":{"name":"(anonymous_3)","decl":{"start":{"line":14,"column":2},"end":{"line":14,"column":7}},"loc":{"start":{"line":14,"column":82},"end":{"line":36,"column":3}}},"2":{"name":"(anonymous_4)","decl":{"start":{"line":42,"column":2},"end":{"line":42,"column":7}},"loc":{"start":{"line":42,"column":42},"end":{"line":81,"column":3}}},"3":{"name":"(anonymous_5)","decl":{"start":{"line":55,"column":36},"end":{"line":55,"column":37}},"loc":{"start":{"line":55,"column":41},"end":{"line":55,"column":45}}},"4":{"name":"(anonymous_6)","decl":{"start":{"line":64,"column":48},"end":{"line":64,"column":49}},"loc":{"start":{"line":64,"column":60},"end":{"line":64,"column":74}}},"5":{"name":"(anonymous_7)","decl":{"start":{"line":73,"column":47},"end":{"line":73,"column":48}},"loc":{"start":{"line":73,"column":59},"end":{"line":73,"column":73}}},"6":{"name":"(anonymous_8)","decl":{"start":{"line":86,"column":2},"end":{"line":86,"column":7}},"loc":{"start":{"line":86,"column":52},"end":{"line":172,"column":3}}},"7":{"name":"(anonymous_9)","decl":{"start":{"line":177,"column":2},"end":{"line":177,"column":7}},"loc":{"start":{"line":177,"column":44},"end":{"line":192,"column":3}}}},"branchMap":{"0":{"loc":{"start":{"line":14,"column":43},"end":{"line":14,"column":59}},"type":"default-arg","locations":[{"start":{"line":14,"column":58},"end":{"line":14,"column":59}}]},"1":{"loc":{"start":{"line":14,"column":61},"end":{"line":14,"column":82}},"type":"default-arg","locations":[{"start":{"line":14,"column":80},"end":{"line":14,"column":82}}]},"2":{"loc":{"start":{"line":27,"column":4},"end":{"line":30,"column":5}},"type":"if","locations":[{"start":{"line":27,"column":4},"end":{"line":30,"column":5}},{"start":{},"end":{}}]},"3":{"loc":{"start":{"line":33,"column":15},"end":{"line":33,"column":25}},"type":"binary-expr","locations":[{"start":{"line":33,"column":15},"end":{"line":33,"column":19}},{"start":{"line":33,"column":23},"end":{"line":33,"column":25}}]},"4":{"loc":{"start":{"line":34,"column":13},"end":{"line":34,"column":23}},"type":"binary-expr","locations":[{"start":{"line":34,"column":13},"end":{"line":34,"column":18}},{"start":{"line":34,"column":22},"end":{"line":34,"column":23}}]},"5":{"loc":{"start":{"line":51,"column":4},"end":{"line":53,"column":5}},"type":"if","locations":[{"start":{"line":51,"column":4},"end":{"line":53,"column":5}},{"start":{},"end":{}}]},"6":{"loc":{"start":{"line":51,"column":8},"end":{"line":51,"column":42}},"type":"binary-expr","locations":[{"start":{"line":51,"column":8},"end":{"line":51,"column":17}},{"start":{"line":51,"column":21},"end":{"line":51,"column":42}}]},"7":{"loc":{"start":{"line":64,"column":28},"end":{"line":64,"column":83}},"type":"binary-expr","locations":[{"start":{"line":64,"column":28},"end":{"line":64,"column":78}},{"start":{"line":64,"column":82},"end":{"line":64,"column":83}}]},"8":{"loc":{"start":{"line":73,"column":27},"end":{"line":73,"column":82}},"type":"binary-expr","locations":[{"start":{"line":73,"column":27},"end":{"line":73,"column":77}},{"start":{"line":73,"column":81},"end":{"line":73,"column":82}}]},"9":{"loc":{"start":{"line":95,"column":4},"end":{"line":100,"column":5}},"type":"if","locations":[{"start":{"line":95,"column":4},"end":{"line":100,"column":5}},{"start":{},"end":{}}]},"10":{"loc":{"start":{"line":103,"column":4},"end":{"line":108,"column":5}},"type":"if","locations":[{"start":{"line":103,"column":4},"end":{"line":108,"column":5}},{"start":{},"end":{}}]},"11":{"loc":{"start":{"line":124,"column":4},"end":{"line":130,"column":5}},"type":"if","locations":[{"start":{"line":124,"column":4},"end":{"line":130,"column":5}},{"start":{},"end":{}}]},"12":{"loc":{"start":{"line":124,"column":8},"end":{"line":124,"column":32}},"type":"binary-expr","locations":[{"start":{"line":124,"column":8},"end":{"line":124,"column":13}},{"start":{"line":124,"column":17},"end":{"line":124,"column":32}}]},"13":{"loc":{"start":{"line":140,"column":4},"end":{"line":171,"column":5}},"type":"if","locations":[{"start":{"line":140,"column":4},"end":{"line":171,"column":5}},{"start":{"line":156,"column":11},"end":{"line":171,"column":5}}]},"14":{"loc":{"start":{"line":186,"column":4},"end":{"line":189,"column":5}},"type":"if","locations":[{"start":{"line":186,"column":4},"end":{"line":189,"column":5}},{"start":{},"end":{}}]}},"s":{"0":0,"1":0,"2":0,"3":0,"4":0,"5":0,"6":0,"7":0,"8":0,"9":0,"10":0,"11":0,"12":0,"13":0,"14":0,"15":0,"16":0,"17":0,"18":0,"19":0,"20":0,"21":0,"22":0,"23":0,"24":0,"25":0,"26":0,"27":0,"28":0,"29":0,"30":0,"31":0,"32":0,"33":0,"34":0,"35":0,"36":0,"37":0,"38":0,"39":0,"40":0,"41":0,"42":0,"43":0,"44":0,"45":0,"46":0,"47":0,"48":0,"49":0,"50":0,"51":0,"52":0,"53":0,"54":0,"55":0,"56":0},"f":{"0":0,"1":0,"2":0,"3":0,"4":0,"5":0,"6":0,"7":0},"b":{"0":[0],"1":[0],"2":[0,0],"3":[0,0],"4":[0,0],"5":[0,0],"6":[0,0],"7":[0,0],"8":[0,0],"9":[0,0],"10":[0,0],"11":[0,0],"12":[0,0],"13":[0,0],"14":[0,0]}}
}
