TN:
SF:src/modules/ai/ai.service.ts
FN:9,(anonymous_2)
FN:17,(anonymous_3)
FN:53,(anonymous_4)
FN:89,(anonymous_5)
FNF:4
FNH:0
FNDA:0,(anonymous_2)
FNDA:0,(anonymous_3)
FNDA:0,(anonymous_4)
FNDA:0,(anonymous_5)
DA:1,1
DA:2,1
DA:5,1
DA:6,0
DA:10,0
DA:11,0
DA:18,0
DA:19,0
DA:26,0
DA:28,0
DA:33,0
DA:41,0
DA:42,0
DA:54,0
DA:55,0
DA:62,0
DA:64,0
DA:69,0
DA:77,0
DA:78,0
DA:90,0
DA:91,0
DA:98,0
DA:100,0
DA:105,0
DA:113,0
DA:114,0
LF:27
LH:3
BRDA:55,0,0,0
BRDA:55,0,1,0
BRF:2
BRH:0
end_of_record
TN:
SF:src/modules/ai-cover/ai-cover.service.ts
FN:11,(anonymous_3)
FN:19,(anonymous_4)
FN:69,(anonymous_5)
FN:96,(anonymous_6)
FN:144,(anonymous_7)
FN:175,(anonymous_8)
FNF:6
FNH:0
FNDA:0,(anonymous_3)
FNDA:0,(anonymous_4)
FNDA:0,(anonymous_5)
FNDA:0,(anonymous_6)
FNDA:0,(anonymous_7)
FNDA:0,(anonymous_8)
DA:1,0
DA:2,0
DA:3,0
DA:4,0
DA:7,0
DA:8,0
DA:12,0
DA:13,0
DA:25,0
DA:28,0
DA:30,0
DA:32,0
DA:33,0
DA:39,0
DA:41,0
DA:42,0
DA:46,0
DA:47,0
DA:49,0
DA:50,0
DA:57,0
DA:59,0
DA:61,0
DA:62,0
DA:70,0
DA:77,0
DA:87,0
DA:88,0
DA:90,0
DA:104,0
DA:106,0
DA:108,0
DA:110,0
DA:111,0
DA:117,0
DA:119,0
DA:120,0
DA:123,0
DA:124,0
DA:126,0
DA:127,0
DA:134,0
DA:136,0
DA:137,0
DA:150,0
DA:156,0
DA:166,0
DA:167,0
DA:169,0
DA:176,0
DA:180,0
LF:51
LH:0
BRDA:25,0,0,0
BRDA:28,1,0,0
BRDA:28,1,1,0
BRDA:41,2,0,0
BRDA:41,2,1,0
BRDA:41,3,0,0
BRDA:41,3,1,0
BRDA:42,4,0,0
BRDA:42,4,1,0
BRDA:87,5,0,0
BRDA:87,5,1,0
BRDA:88,6,0,0
BRDA:88,6,1,0
BRDA:104,7,0,0
BRDA:119,8,0,0
BRDA:119,8,1,0
BRDA:119,9,0,0
BRDA:119,9,1,0
BRDA:120,10,0,0
BRDA:120,10,1,0
BRDA:166,11,0,0
BRDA:166,11,1,0
BRDA:167,12,0,0
BRDA:167,12,1,0
BRF:24
BRH:0
end_of_record
TN:
SF:src/modules/banquet/banquet.service.ts
FN:10,(anonymous_2)
FN:15,(anonymous_3)
FN:37,(anonymous_4)
FN:53,(anonymous_5)
FN:173,(anonymous_6)
FN:203,(anonymous_7)
FN:222,(anonymous_8)
FNF:7
FNH:7
FNDA:10,(anonymous_2)
FNDA:3,(anonymous_3)
FNDA:1,(anonymous_4)
FNDA:2,(anonymous_5)
FNDA:2,(anonymous_6)
FNDA:2,(anonymous_7)
FNDA:2,(anonymous_8)
DA:1,1
DA:2,1
DA:3,1
DA:4,1
DA:7,1
DA:8,10
DA:11,10
DA:12,10
DA:16,3
DA:18,3
DA:23,3
DA:24,1
DA:27,3
DA:29,3
DA:30,1
DA:31,1
DA:34,2
DA:38,1
DA:39,1
DA:45,1
DA:46,0
DA:47,0
DA:50,1
DA:54,2
DA:57,2
DA:58,2
DA:60,2
DA:62,2
DA:64,2
DA:65,2
DA:70,1
DA:71,1
DA:72,1
DA:76,1
DA:77,1
DA:82,1
DA:83,1
DA:84,1
DA:87,1
DA:89,1
DA:90,1
DA:93,2
DA:111,2
DA:117,2
DA:118,0
DA:119,0
DA:122,2
DA:125,2
DA:126,2
DA:131,0
DA:132,0
DA:133,0
DA:147,0
DA:148,0
DA:150,0
DA:153,0
DA:158,2
DA:159,2
DA:160,2
DA:161,2
DA:163,0
DA:166,2
DA:174,2
DA:176,2
DA:177,2
DA:183,2
DA:190,0
DA:191,0
DA:204,2
DA:205,2
DA:213,2
DA:214,1
DA:215,1
DA:223,2
DA:224,2
DA:229,2
DA:230,1
DA:231,1
LF:78
LH:64
BRDA:23,0,0,1
BRDA:23,0,1,2
BRDA:29,1,0,1
BRDA:29,1,1,2
BRDA:45,2,0,0
BRDA:45,2,1,1
BRDA:68,3,0,2
BRDA:68,3,1,2
BRDA:68,3,2,0
BRDA:70,4,0,1
BRDA:70,4,1,0
BRDA:70,5,0,1
BRDA:70,5,1,1
BRDA:71,6,0,1
BRDA:71,6,1,0
BRDA:80,7,0,1
BRDA:80,7,1,1
BRDA:80,7,2,0
BRDA:82,8,0,1
BRDA:82,8,1,0
BRDA:82,9,0,1
BRDA:82,9,1,1
BRDA:83,10,0,1
BRDA:83,10,1,0
BRDA:97,11,0,2
BRDA:97,11,1,2
BRDA:99,12,0,2
BRDA:99,12,1,2
BRDA:100,13,0,2
BRDA:100,13,1,2
BRDA:100,13,2,2
BRDA:101,14,0,2
BRDA:101,14,1,2
BRDA:101,14,2,2
BRDA:102,15,0,2
BRDA:102,15,1,2
BRDA:102,15,2,2
BRDA:103,16,0,2
BRDA:103,16,1,2
BRDA:103,16,2,2
BRDA:104,17,0,2
BRDA:104,17,1,2
BRDA:104,17,2,2
BRDA:105,18,0,2
BRDA:105,18,1,2
BRDA:117,19,0,0
BRDA:117,19,1,2
BRDA:125,20,0,2
BRDA:125,20,1,2
BRDA:126,21,0,0
BRDA:126,21,1,2
BRDA:126,22,0,2
BRDA:126,22,1,0
BRDA:126,22,2,0
BRDA:126,22,3,0
BRDA:137,23,0,0
BRDA:137,23,1,0
BRDA:138,24,0,0
BRDA:138,24,1,0
BRDA:139,25,0,0
BRDA:139,25,1,0
BRDA:140,26,0,0
BRDA:140,26,1,0
BRDA:141,27,0,0
BRDA:141,27,1,0
BRDA:142,28,0,0
BRDA:142,28,1,0
BRDA:144,29,0,0
BRDA:144,29,1,0
BRDA:147,30,0,0
BRDA:147,30,1,0
BRDA:160,31,0,2
BRDA:160,31,1,0
BRDA:161,32,0,2
BRDA:161,32,1,0
BRDA:187,33,0,2
BRDA:187,33,1,0
BRDA:213,34,0,1
BRDA:213,34,1,1
BRDA:229,35,0,1
BRDA:229,35,1,1
BRF:81
BRH:50
end_of_record
TN:
SF:src/modules/excel-export/excel-export.service.ts
FN:22,(anonymous_1)
FN:28,(anonymous_2)
FN:54,(anonymous_3)
FN:120,(anonymous_4)
FN:159,(anonymous_5)
FN:161,(anonymous_6)
FN:195,(anonymous_7)
FN:245,(anonymous_8)
FN:276,(anonymous_9)
FN:311,(anonymous_10)
FN:320,(anonymous_11)
FNF:11
FNH:0
FNDA:0,(anonymous_1)
FNDA:0,(anonymous_2)
FNDA:0,(anonymous_3)
FNDA:0,(anonymous_4)
FNDA:0,(anonymous_5)
FNDA:0,(anonymous_6)
FNDA:0,(anonymous_7)
FNDA:0,(anonymous_8)
FNDA:0,(anonymous_9)
FNDA:0,(anonymous_10)
FNDA:0,(anonymous_11)
DA:1,0
DA:2,0
DA:3,0
DA:4,0
DA:6,0
DA:22,0
DA:23,0
DA:34,0
DA:36,0
DA:38,0
DA:43,0
DA:44,0
DA:45,0
DA:48,0
DA:49,0
DA:53,0
DA:54,0
DA:55,0
DA:56,0
DA:60,0
DA:68,0
DA:69,0
DA:72,0
DA:73,0
DA:76,0
DA:77,0
DA:80,0
DA:82,0
DA:83,0
DA:84,0
DA:87,0
DA:88,0
DA:92,0
DA:93,0
DA:96,0
DA:108,0
DA:109,0
DA:110,0
DA:115,0
DA:116,0
DA:119,0
DA:120,0
DA:121,0
DA:122,0
DA:123,0
DA:125,0
DA:139,0
DA:143,0
DA:144,0
DA:151,0
DA:152,0
DA:159,0
DA:160,0
DA:161,0
DA:162,0
DA:173,0
DA:174,0
DA:176,0
DA:183,0
DA:185,0
DA:187,0
DA:188,0
DA:199,0
DA:201,0
DA:203,0
DA:210,0
DA:211,0
DA:215,0
DA:222,0
DA:223,0
DA:227,0
DA:230,0
DA:232,0
DA:238,0
DA:239,0
DA:245,0
DA:246,0
DA:248,0
DA:249,0
DA:250,0
DA:251,0
DA:252,0
DA:253,0
DA:254,0
DA:255,0
DA:258,0
DA:260,0
DA:269,0
DA:270,0
DA:276,0
DA:277,0
DA:287,0
DA:289,0
DA:296,0
DA:297,0
DA:304,0
DA:311,0
DA:312,0
DA:313,0
DA:314,0
DA:315,0
DA:316,0
DA:319,0
DA:320,0
DA:321,0
DA:329,0
DA:330,0
DA:332,0
DA:339,0
DA:341,0
DA:343,0
DA:344,0
LF:112
LH:0
BRDA:43,0,0,0
BRDA:43,0,1,0
BRDA:48,1,0,0
BRDA:48,1,1,0
BRDA:48,2,0,0
BRDA:48,2,1,0
BRDA:68,3,0,0
BRDA:68,3,1,0
BRDA:72,4,0,0
BRDA:72,4,1,0
BRDA:76,5,0,0
BRDA:76,5,1,0
BRDA:82,6,0,0
BRDA:82,6,1,0
BRDA:87,7,0,0
BRDA:87,7,1,0
BRDA:87,8,0,0
BRDA:87,8,1,0
BRDA:127,9,0,0
BRDA:127,9,1,0
BRDA:128,10,0,0
BRDA:128,10,1,0
BRDA:129,11,0,0
BRDA:129,11,1,0
BRDA:132,12,0,0
BRDA:132,12,1,0
BRDA:134,13,0,0
BRDA:134,13,1,0
BRDA:160,14,0,0
BRDA:160,14,1,0
BRDA:210,15,0,0
BRDA:210,15,1,0
BRDA:210,16,0,0
BRDA:210,16,1,0
BRDA:222,17,0,0
BRDA:222,17,1,0
BRDA:245,18,0,0
BRDA:245,18,1,0
BRDA:245,19,0,0
BRDA:245,19,1,0
BRDA:246,20,0,0
BRDA:246,20,1,0
BRDA:251,21,0,0
BRDA:251,21,1,0
BRDA:252,22,0,0
BRDA:252,22,1,0
BRDA:255,23,0,0
BRDA:255,23,1,0
BRDA:255,24,0,0
BRDA:255,24,1,0
BRDA:279,25,0,0
BRDA:279,25,1,0
BRDA:281,26,0,0
BRDA:281,26,1,0
BRDA:313,27,0,0
BRDA:313,27,1,0
BRDA:314,28,0,0
BRDA:314,28,1,0
BRDA:315,29,0,0
BRDA:315,29,1,0
BRDA:319,30,0,0
BRDA:319,30,1,0
BRF:62
BRH:0
end_of_record
TN:
SF:src/modules/gift/gift.service.ts
FN:7,(anonymous_1)
FN:24,(anonymous_2)
FN:42,(anonymous_3)
FN:59,(anonymous_4)
FN:77,(anonymous_5)
FN:94,(anonymous_6)
FN:129,(anonymous_7)
FN:191,(anonymous_8)
FN:207,(anonymous_9)
FN:238,(anonymous_10)
FN:249,(anonymous_11)
FN:280,(anonymous_12)
FN:298,(anonymous_13)
FNF:13
FNH:10
FNDA:2,(anonymous_1)
FNDA:2,(anonymous_2)
FNDA:2,(anonymous_3)
FNDA:1,(anonymous_4)
FNDA:2,(anonymous_5)
FNDA:0,(anonymous_6)
FNDA:1,(anonymous_7)
FNDA:2,(anonymous_8)
FNDA:1,(anonymous_9)
FNDA:1,(anonymous_10)
FNDA:2,(anonymous_11)
FNDA:0,(anonymous_12)
FNDA:0,(anonymous_13)
DA:1,1
DA:2,1
DA:5,1
DA:8,2
DA:9,2
DA:15,2
DA:16,1
DA:17,1
DA:20,1
DA:25,2
DA:26,2
DA:33,2
DA:34,0
DA:35,0
DA:38,2
DA:43,2
DA:44,2
DA:50,2
DA:51,1
DA:52,1
DA:55,1
DA:60,1
DA:61,1
DA:68,1
DA:69,0
DA:70,0
DA:73,1
DA:78,2
DA:79,2
DA:85,2
DA:86,1
DA:87,1
DA:90,1
DA:100,0
DA:101,0
DA:106,0
DA:107,0
DA:109,0
DA:110,0
DA:113,0
DA:120,0
DA:121,0
DA:122,0
DA:125,0
DA:130,1
DA:133,1
DA:139,1
DA:140,0
DA:141,0
DA:144,1
DA:145,0
DA:146,0
DA:150,1
DA:156,1
DA:157,0
DA:158,0
DA:161,1
DA:162,1
DA:164,1
DA:167,1
DA:173,1
DA:175,1
DA:180,1
DA:187,0
DA:192,2
DA:193,2
DA:199,2
DA:200,0
DA:203,2
DA:208,1
DA:210,1
DA:223,1
DA:229,1
DA:230,0
DA:231,0
DA:234,1
DA:248,1
DA:249,2
DA:262,1
DA:267,1
DA:268,0
DA:269,0
DA:272,1
DA:281,0
DA:282,0
DA:289,0
DA:290,0
DA:291,0
DA:294,0
DA:299,0
DA:302,0
DA:308,0
DA:309,0
DA:313,0
DA:314,0
DA:318,0
DA:324,0
DA:325,0
DA:328,0
DA:329,0
DA:333,0
DA:338,0
DA:339,0
DA:342,0
LF:104
LH:56
BRDA:15,0,0,1
BRDA:15,0,1,1
BRDA:33,1,0,0
BRDA:33,1,1,2
BRDA:38,2,0,2
BRDA:38,2,1,2
BRDA:50,3,0,1
BRDA:50,3,1,1
BRDA:68,4,0,0
BRDA:68,4,1,1
BRDA:85,5,0,1
BRDA:85,5,1,1
BRDA:106,6,0,0
BRDA:106,6,1,0
BRDA:109,7,0,0
BRDA:109,7,1,0
BRDA:120,8,0,0
BRDA:120,8,1,0
BRDA:139,9,0,0
BRDA:139,9,1,1
BRDA:144,10,0,0
BRDA:144,10,1,1
BRDA:156,11,0,0
BRDA:156,11,1,1
BRDA:156,12,0,1
BRDA:156,12,1,1
BRDA:162,13,0,1
BRDA:162,13,1,0
BRDA:173,14,0,1
BRDA:173,14,1,0
BRDA:199,15,0,0
BRDA:199,15,1,2
BRDA:199,16,0,2
BRDA:199,16,1,2
BRDA:217,17,0,1
BRDA:217,17,1,1
BRDA:220,18,0,1
BRDA:220,18,1,1
BRDA:229,19,0,0
BRDA:229,19,1,1
BRDA:259,20,0,2
BRDA:259,20,1,2
BRDA:267,21,0,0
BRDA:267,21,1,1
BRDA:273,22,0,1
BRDA:273,22,1,0
BRDA:274,23,0,1
BRDA:274,23,1,0
BRDA:289,24,0,0
BRDA:289,24,1,0
BRDA:294,25,0,0
BRDA:294,25,1,0
BRDA:308,26,0,0
BRDA:308,26,1,0
BRDA:308,27,0,0
BRDA:308,27,1,0
BRDA:313,28,0,0
BRDA:313,28,1,0
BRDA:324,29,0,0
BRDA:324,29,1,0
BRDA:324,30,0,0
BRDA:324,30,1,0
BRDA:328,31,0,0
BRDA:328,31,1,0
BRDA:338,32,0,0
BRDA:338,32,1,0
BRF:66
BRH:30
end_of_record
TN:
SF:src/modules/gift-exchange/gift-exchange.service.ts
FN:37,(anonymous_1)
FN:43,(anonymous_2)
FN:60,(anonymous_3)
FN:66,(anonymous_4)
FN:72,(anonymous_5)
FN:83,(anonymous_6)
FN:96,(anonymous_7)
FN:108,(anonymous_8)
FN:148,(anonymous_9)
FN:166,(anonymous_10)
FN:200,(anonymous_11)
FN:221,(anonymous_12)
FN:244,(anonymous_13)
FN:280,(anonymous_14)
FN:311,(anonymous_15)
FN:325,(anonymous_16)
FN:348,(anonymous_17)
FN:361,(anonymous_18)
FN:396,(anonymous_19)
FN:411,(anonymous_20)
FN:425,(anonymous_21)
FN:436,(anonymous_22)
FN:441,(anonymous_23)
FNF:23
FNH:0
FNDA:0,(anonymous_1)
FNDA:0,(anonymous_2)
FNDA:0,(anonymous_3)
FNDA:0,(anonymous_4)
FNDA:0,(anonymous_5)
FNDA:0,(anonymous_6)
FNDA:0,(anonymous_7)
FNDA:0,(anonymous_8)
FNDA:0,(anonymous_9)
FNDA:0,(anonymous_10)
FNDA:0,(anonymous_11)
FNDA:0,(anonymous_12)
FNDA:0,(anonymous_13)
FNDA:0,(anonymous_14)
FNDA:0,(anonymous_15)
FNDA:0,(anonymous_16)
FNDA:0,(anonymous_17)
FNDA:0,(anonymous_18)
FNDA:0,(anonymous_19)
FNDA:0,(anonymous_20)
FNDA:0,(anonymous_21)
FNDA:0,(anonymous_22)
FNDA:0,(anonymous_23)
DA:1,0
DA:2,0
DA:37,0
DA:38,0
DA:44,0
DA:45,0
DA:46,0
DA:61,0
DA:62,0
DA:65,0
DA:66,0
DA:71,0
DA:72,0
DA:77,0
DA:80,0
DA:83,0
DA:84,0
DA:91,0
DA:92,0
DA:96,0
DA:97,0
DA:103,0
DA:104,0
DA:107,0
DA:108,0
DA:109,0
DA:110,0
DA:115,0
DA:129,0
DA:135,0
DA:136,0
DA:137,0
DA:141,0
DA:147,0
DA:148,0
DA:149,0
DA:150,0
DA:157,0
DA:159,0
DA:160,0
DA:167,0
DA:169,0
DA:175,0
DA:176,0
DA:179,0
DA:205,0
DA:207,0
DA:208,0
DA:210,0
DA:217,0
DA:218,0
DA:221,0
DA:238,0
DA:248,0
DA:250,0
DA:256,0
DA:257,0
DA:261,0
DA:270,0
DA:271,0
DA:274,0
DA:281,0
DA:283,0
DA:284,0
DA:285,0
DA:289,0
DA:291,0
DA:306,0
DA:307,0
DA:311,0
DA:322,0
DA:325,0
DA:326,0
DA:332,0
DA:341,0
DA:342,0
DA:349,0
DA:351,0
DA:352,0
DA:353,0
DA:356,0
DA:357,0
DA:361,0
DA:362,0
DA:368,0
DA:369,0
DA:375,0
DA:376,0
DA:384,0
DA:389,0
DA:390,0
DA:397,0
DA:399,0
DA:406,0
DA:407,0
DA:408,0
DA:411,0
DA:435,0
DA:436,0
DA:440,0
DA:441,0
DA:445,0
DA:446,0
DA:448,0
LF:104
LH:0
BRDA:91,0,0,0
BRDA:91,0,1,0
BRDA:91,1,0,0
BRDA:91,1,1,0
BRDA:91,1,2,0
BRDA:103,2,0,0
BRDA:103,2,1,0
BRDA:103,3,0,0
BRDA:103,3,1,0
BRDA:103,3,2,0
BRDA:109,4,0,0
BRDA:109,4,1,0
BRDA:109,5,0,0
BRDA:109,5,1,0
BRDA:125,6,0,0
BRDA:125,6,1,0
BRDA:126,7,0,0
BRDA:126,7,1,0
BRDA:135,8,0,0
BRDA:135,8,1,0
BRDA:149,9,0,0
BRDA:149,9,1,0
BRDA:175,10,0,0
BRDA:175,10,1,0
BRDA:175,11,0,0
BRDA:175,11,1,0
BRDA:202,12,0,0
BRDA:203,13,0,0
BRDA:217,14,0,0
BRDA:217,14,1,0
BRDA:221,15,0,0
BRDA:221,15,1,0
BRDA:238,16,0,0
BRDA:238,16,1,0
BRDA:256,17,0,0
BRDA:256,17,1,0
BRDA:270,18,0,0
BRDA:270,18,1,0
BRDA:284,19,0,0
BRDA:284,19,1,0
BRDA:298,20,0,0
BRDA:298,20,1,0
BRDA:299,21,0,0
BRDA:299,21,1,0
BRDA:306,22,0,0
BRDA:306,22,1,0
BRDA:352,23,0,0
BRDA:352,23,1,0
BRDA:356,24,0,0
BRDA:356,24,1,0
BRDA:375,25,0,0
BRDA:375,25,1,0
BRDA:406,26,0,0
BRDA:406,26,1,0
BRDA:411,27,0,0
BRDA:411,27,1,0
BRF:56
BRH:0
end_of_record
TN:
SF:src/modules/gift-reminder/gift-reminder.service.ts
FN:29,(anonymous_2)
FN:39,(anonymous_3)
FN:79,(anonymous_4)
FN:105,(anonymous_5)
FN:144,(anonymous_6)
FN:156,(anonymous_7)
FN:179,(anonymous_8)
FN:191,(anonymous_9)
FN:245,(anonymous_10)
FN:263,(anonymous_11)
FN:302,(anonymous_12)
FNF:11
FNH:0
FNDA:0,(anonymous_2)
FNDA:0,(anonymous_3)
FNDA:0,(anonymous_4)
FNDA:0,(anonymous_5)
FNDA:0,(anonymous_6)
FNDA:0,(anonymous_7)
FNDA:0,(anonymous_8)
FNDA:0,(anonymous_9)
FNDA:0,(anonymous_10)
FNDA:0,(anonymous_11)
FNDA:0,(anonymous_12)
DA:1,0
DA:2,0
DA:3,0
DA:4,0
DA:6,0
DA:25,0
DA:26,0
DA:30,0
DA:31,0
DA:39,0
DA:40,0
DA:42,0
DA:45,0
DA:51,0
DA:52,0
DA:53,0
DA:56,0
DA:57,0
DA:58,0
DA:61,0
DA:64,0
DA:65,0
DA:66,0
DA:69,0
DA:71,0
DA:81,0
DA:85,0
DA:96,0
DA:106,0
DA:110,0
DA:126,0
DA:127,0
DA:132,0
DA:134,0
DA:137,0
DA:145,0
DA:147,0
DA:157,0
DA:159,0
DA:161,0
DA:162,0
DA:164,0
DA:165,0
DA:167,0
DA:168,0
DA:170,0
DA:173,0
DA:180,0
DA:185,0
DA:212,0
DA:214,0
DA:216,0
DA:234,0
DA:235,0
DA:236,0
DA:239,0
DA:246,0
DA:252,0
DA:253,0
DA:254,0
DA:257,0
DA:270,0
DA:272,0
DA:274,0
DA:275,0
DA:278,0
DA:279,0
DA:280,0
DA:283,0
DA:284,0
DA:287,0
DA:293,0
DA:294,0
DA:295,0
DA:303,0
DA:309,0
DA:310,0
DA:311,0
LF:78
LH:0
BRDA:51,0,0,0
BRDA:51,0,1,0
BRDA:56,1,0,0
BRDA:56,1,1,0
BRDA:56,2,0,0
BRDA:56,2,1,0
BRDA:159,3,0,0
BRDA:159,3,1,0
BRDA:159,3,2,0
BRDA:159,3,3,0
BRDA:210,4,0,0
BRDA:234,5,0,0
BRDA:234,5,1,0
BRDA:252,6,0,0
BRDA:252,6,1,0
BRDA:257,7,0,0
BRDA:257,7,1,0
BRDA:274,8,0,0
BRDA:274,8,1,0
BRDA:278,9,0,0
BRDA:278,9,1,0
BRDA:283,10,0,0
BRDA:283,10,1,0
BRDA:293,11,0,0
BRDA:293,11,1,0
BRDA:309,12,0,0
BRDA:309,12,1,0
BRF:27
BRH:0
end_of_record
TN:
SF:src/modules/mall/mall.service.ts
FN:35,(anonymous_1)
FN:41,(anonymous_2)
FN:75,(anonymous_3)
FN:95,(anonymous_4)
FN:117,(anonymous_5)
FN:173,(anonymous_6)
FN:193,(anonymous_7)
FN:222,(anonymous_8)
FN:241,(anonymous_9)
FN:253,(anonymous_10)
FN:259,(anonymous_11)
FN:288,(anonymous_12)
FN:311,(anonymous_13)
FN:334,(anonymous_14)
FN:363,(anonymous_15)
FN:372,(anonymous_16)
FN:378,(anonymous_17)
FN:395,(anonymous_18)
FN:425,(anonymous_19)
FN:520,(anonymous_20)
FNF:20
FNH:12
FNDA:18,(anonymous_1)
FNDA:2,(anonymous_2)
FNDA:5,(anonymous_3)
FNDA:1,(anonymous_4)
FNDA:3,(anonymous_5)
FNDA:2,(anonymous_6)
FNDA:2,(anonymous_7)
FNDA:2,(anonymous_8)
FNDA:2,(anonymous_9)
FNDA:2,(anonymous_10)
FNDA:1,(anonymous_11)
FNDA:1,(anonymous_12)
FNDA:0,(anonymous_13)
FNDA:0,(anonymous_14)
FNDA:0,(anonymous_15)
FNDA:0,(anonymous_16)
FNDA:0,(anonymous_17)
FNDA:0,(anonymous_18)
FNDA:0,(anonymous_19)
FNDA:0,(anonymous_20)
DA:1,1
DA:2,1
DA:35,1
DA:36,18
DA:42,2
DA:44,2
DA:45,2
DA:47,2
DA:55,2
DA:56,0
DA:59,2
DA:61,2
DA:62,1
DA:63,1
DA:66,1
DA:76,5
DA:78,5
DA:84,5
DA:85,1
DA:86,1
DA:89,4
DA:96,1
DA:98,1
DA:106,1
DA:107,0
DA:108,0
DA:111,1
DA:118,3
DA:121,3
DA:122,3
DA:123,1
DA:125,2
DA:126,1
DA:130,1
DA:137,1
DA:139,0
DA:140,0
DA:141,0
DA:144,0
DA:151,0
DA:152,0
DA:155,1
DA:165,1
DA:166,1
DA:174,2
DA:176,2
DA:182,2
DA:183,1
DA:184,1
DA:187,1
DA:194,2
DA:196,2
DA:198,1
DA:204,1
DA:207,1
DA:215,1
DA:216,1
DA:223,2
DA:225,2
DA:230,2
DA:231,1
DA:232,1
DA:235,1
DA:242,2
DA:244,2
DA:249,2
DA:250,1
DA:253,2
DA:260,1
DA:262,1
DA:271,1
DA:272,0
DA:275,1
DA:277,1
DA:278,0
DA:279,0
DA:282,1
DA:289,1
DA:291,1
DA:300,1
DA:301,0
DA:302,0
DA:305,1
DA:312,0
DA:314,0
DA:322,0
DA:323,0
DA:324,0
DA:327,0
DA:335,0
DA:338,0
DA:357,0
DA:358,0
DA:359,0
DA:363,0
DA:364,0
DA:366,0
DA:367,0
DA:372,0
DA:373,0
DA:374,0
DA:378,0
DA:401,0
DA:404,0
DA:405,0
DA:406,0
DA:408,0
DA:409,0
DA:413,0
DA:419,0
DA:420,0
DA:421,0
DA:425,0
DA:426,0
DA:429,0
DA:430,0
DA:433,0
DA:434,0
DA:436,0
DA:437,0
DA:438,0
DA:444,0
DA:452,0
DA:453,0
DA:454,0
DA:458,0
DA:464,0
DA:479,0
DA:480,0
DA:484,0
DA:501,0
DA:502,0
DA:506,0
DA:521,0
DA:523,0
DA:529,0
DA:530,0
DA:531,0
DA:534,0
LF:139
LH:69
BRDA:41,0,0,2
BRDA:41,1,0,2
BRDA:55,2,0,0
BRDA:55,2,1,2
BRDA:55,3,0,2
BRDA:55,3,1,0
BRDA:61,4,0,1
BRDA:61,4,1,1
BRDA:67,5,0,1
BRDA:67,5,1,0
BRDA:68,6,0,1
BRDA:68,6,1,0
BRDA:84,7,0,1
BRDA:84,7,1,4
BRDA:95,8,0,0
BRDA:106,9,0,0
BRDA:106,9,1,1
BRDA:111,10,0,1
BRDA:111,10,1,0
BRDA:117,11,0,0
BRDA:122,12,0,1
BRDA:122,12,1,2
BRDA:125,13,0,1
BRDA:125,13,1,1
BRDA:137,14,0,0
BRDA:137,14,1,1
BRDA:140,15,0,0
BRDA:140,15,1,0
BRDA:151,16,0,0
BRDA:151,16,1,0
BRDA:165,17,0,0
BRDA:165,17,1,1
BRDA:182,18,0,1
BRDA:182,18,1,1
BRDA:187,19,0,1
BRDA:187,19,1,0
BRDA:196,20,0,1
BRDA:196,20,1,1
BRDA:215,21,0,0
BRDA:215,21,1,1
BRDA:230,22,0,1
BRDA:230,22,1,1
BRDA:249,23,0,1
BRDA:249,23,1,1
BRDA:253,24,0,1
BRDA:253,24,1,0
BRDA:271,25,0,0
BRDA:271,25,1,1
BRDA:277,26,0,0
BRDA:277,26,1,1
BRDA:282,27,0,1
BRDA:282,27,1,0
BRDA:288,28,0,0
BRDA:300,29,0,0
BRDA:300,29,1,1
BRDA:305,30,0,1
BRDA:305,30,1,0
BRDA:311,31,0,0
BRDA:322,32,0,0
BRDA:322,32,1,0
BRDA:327,33,0,0
BRDA:327,33,1,0
BRDA:357,34,0,0
BRDA:357,34,1,0
BRDA:366,35,0,0
BRDA:366,35,1,0
BRDA:372,36,0,0
BRDA:372,36,1,0
BRDA:378,37,0,0
BRDA:378,37,1,0
BRDA:381,38,0,0
BRDA:381,38,1,0
BRDA:382,39,0,0
BRDA:382,39,1,0
BRDA:383,40,0,0
BRDA:383,40,1,0
BRDA:385,41,0,0
BRDA:385,41,1,0
BRDA:405,42,0,0
BRDA:405,42,1,0
BRDA:408,43,0,0
BRDA:408,43,1,0
BRDA:419,44,0,0
BRDA:419,44,1,0
BRDA:419,45,0,0
BRDA:419,45,1,0
BRDA:426,46,0,0
BRDA:426,46,1,0
BRDA:436,47,0,0
BRDA:436,47,1,0
BRDA:452,48,0,0
BRDA:452,48,1,0
BRDA:479,49,0,0
BRDA:479,49,1,0
BRDA:496,50,0,0
BRDA:496,50,1,0
BRDA:501,51,0,0
BRDA:501,51,1,0
BRDA:529,52,0,0
BRDA:529,52,1,0
BRDA:534,53,0,0
BRDA:534,53,1,0
BRF:102
BRH:34
end_of_record
TN:
SF:src/modules/mall-order/mall-order.service.ts
FN:61,(anonymous_1)
FN:68,(anonymous_2)
FN:77,(anonymous_3)
FN:82,(anonymous_4)
FN:104,(anonymous_5)
FN:169,(anonymous_6)
FN:200,(anonymous_7)
FN:221,(anonymous_8)
FN:268,(anonymous_9)
FN:286,(anonymous_10)
FN:316,(anonymous_11)
FN:322,(anonymous_12)
FN:342,(anonymous_13)
FN:343,(anonymous_14)
FN:362,(anonymous_15)
FN:421,(anonymous_16)
FN:469,(anonymous_17)
FN:500,(anonymous_18)
FN:558,(anonymous_19)
FN:577,(anonymous_20)
FNF:20
FNH:0
FNDA:0,(anonymous_1)
FNDA:0,(anonymous_2)
FNDA:0,(anonymous_3)
FNDA:0,(anonymous_4)
FNDA:0,(anonymous_5)
FNDA:0,(anonymous_6)
FNDA:0,(anonymous_7)
FNDA:0,(anonymous_8)
FNDA:0,(anonymous_9)
FNDA:0,(anonymous_10)
FNDA:0,(anonymous_11)
FNDA:0,(anonymous_12)
FNDA:0,(anonymous_13)
FNDA:0,(anonymous_14)
FNDA:0,(anonymous_15)
FNDA:0,(anonymous_16)
FNDA:0,(anonymous_17)
FNDA:0,(anonymous_18)
FNDA:0,(anonymous_19)
FNDA:0,(anonymous_20)
DA:1,0
DA:2,0
DA:61,0
DA:62,0
DA:69,0
DA:70,0
DA:71,0
DA:78,0
DA:79,0
DA:82,0
DA:83,0
DA:88,0
DA:89,0
DA:93,0
DA:101,0
DA:103,0
DA:104,0
DA:105,0
DA:106,0
DA:108,0
DA:109,0
DA:111,0
DA:112,0
DA:115,0
DA:116,0
DA:118,0
DA:129,0
DA:140,0
DA:141,0
DA:144,0
DA:145,0
DA:146,0
DA:147,0
DA:148,0
DA:149,0
DA:150,0
DA:153,0
DA:154,0
DA:157,0
DA:163,0
DA:164,0
DA:165,0
DA:169,0
DA:180,0
DA:184,0
DA:185,0
DA:187,0
DA:188,0
DA:192,0
DA:193,0
DA:194,0
DA:200,0
DA:201,0
DA:202,0
DA:212,0
DA:214,0
DA:215,0
DA:222,0
DA:224,0
DA:230,0
DA:231,0
DA:235,0
DA:241,0
DA:247,0
DA:268,0
DA:292,0
DA:294,0
DA:295,0
DA:297,0
DA:304,0
DA:305,0
DA:308,0
DA:310,0
DA:311,0
DA:312,0
DA:316,0
DA:317,0
DA:322,0
DA:342,0
DA:343,0
DA:356,0
DA:366,0
DA:369,0
DA:375,0
DA:376,0
DA:377,0
DA:381,0
DA:382,0
DA:383,0
DA:387,0
DA:397,0
DA:398,0
DA:399,0
DA:403,0
DA:404,0
DA:414,0
DA:415,0
DA:429,0
DA:432,0
DA:441,0
DA:442,0
DA:443,0
DA:447,0
DA:458,0
DA:459,0
DA:462,0
DA:463,0
DA:470,0
DA:472,0
DA:480,0
DA:481,0
DA:482,0
DA:486,0
DA:494,0
DA:501,0
DA:504,0
DA:510,0
DA:511,0
DA:515,0
DA:516,0
DA:520,0
DA:528,0
DA:529,0
DA:533,0
DA:538,0
DA:539,0
DA:552,0
DA:559,0
DA:561,0
DA:567,0
DA:568,0
DA:571,0
DA:582,0
DA:584,0
DA:585,0
DA:587,0
DA:593,0
DA:594,0
DA:597,0
DA:599,0
DA:600,0
DA:603,0
LF:142
LH:0
BRDA:88,0,0,0
BRDA:88,0,1,0
BRDA:88,1,0,0
BRDA:88,1,1,0
BRDA:105,2,0,0
BRDA:105,2,1,0
BRDA:108,3,0,0
BRDA:108,3,1,0
BRDA:111,4,0,0
BRDA:111,4,1,0
BRDA:140,5,0,0
BRDA:140,5,1,0
BRDA:144,6,0,0
BRDA:144,6,1,0
BRDA:153,7,0,0
BRDA:153,7,1,0
BRDA:163,8,0,0
BRDA:163,8,1,0
BRDA:184,9,0,0
BRDA:184,9,1,0
BRDA:201,10,0,0
BRDA:201,10,1,0
BRDA:230,11,0,0
BRDA:230,11,1,0
BRDA:230,12,0,0
BRDA:230,12,1,0
BRDA:254,13,0,0
BRDA:254,13,1,0
BRDA:255,14,0,0
BRDA:255,14,1,0
BRDA:268,15,0,0
BRDA:268,15,1,0
BRDA:279,16,0,0
BRDA:279,16,1,0
BRDA:289,17,0,0
BRDA:290,18,0,0
BRDA:304,19,0,0
BRDA:304,19,1,0
BRDA:304,20,0,0
BRDA:304,20,1,0
BRDA:310,21,0,0
BRDA:310,21,1,0
BRDA:316,22,0,0
BRDA:316,22,1,0
BRDA:322,23,0,0
BRDA:322,23,1,0
BRDA:329,24,0,0
BRDA:329,24,1,0
BRDA:330,25,0,0
BRDA:330,25,1,0
BRDA:341,26,0,0
BRDA:341,26,1,0
BRDA:356,27,0,0
BRDA:356,27,1,0
BRDA:375,28,0,0
BRDA:375,28,1,0
BRDA:375,29,0,0
BRDA:375,29,1,0
BRDA:381,30,0,0
BRDA:381,30,1,0
BRDA:397,31,0,0
BRDA:397,31,1,0
BRDA:403,32,0,0
BRDA:403,32,1,0
BRDA:403,33,0,0
BRDA:403,33,1,0
BRDA:441,34,0,0
BRDA:441,34,1,0
BRDA:458,35,0,0
BRDA:458,35,1,0
BRDA:480,36,0,0
BRDA:480,36,1,0
BRDA:510,37,0,0
BRDA:510,37,1,0
BRDA:515,38,0,0
BRDA:515,38,1,0
BRDA:528,39,0,0
BRDA:528,39,1,0
BRDA:538,40,0,0
BRDA:538,40,1,0
BRDA:567,41,0,0
BRDA:567,41,1,0
BRDA:571,42,0,0
BRDA:571,42,1,0
BRDA:579,43,0,0
BRDA:580,44,0,0
BRDA:593,45,0,0
BRDA:593,45,1,0
BRDA:593,46,0,0
BRDA:593,46,1,0
BRDA:599,47,0,0
BRDA:599,47,1,0
BRDA:603,48,0,0
BRDA:603,48,1,0
BRDA:603,49,0,0
BRDA:603,49,1,0
BRF:96
BRH:0
end_of_record
TN:
SF:src/modules/member/member.service.ts
FN:27,(anonymous_1)
FN:33,(anonymous_2)
FN:74,(anonymous_3)
FN:122,(anonymous_4)
FN:142,(anonymous_5)
FNF:5
FNH:0
FNDA:0,(anonymous_1)
FNDA:0,(anonymous_2)
FNDA:0,(anonymous_3)
FNDA:0,(anonymous_4)
FNDA:0,(anonymous_5)
DA:1,0
DA:2,0
DA:4,0
DA:27,0
DA:28,0
DA:34,0
DA:40,0
DA:41,0
DA:42,0
DA:48,0
DA:55,0
DA:56,0
DA:57,0
DA:58,0
DA:59,0
DA:63,0
DA:65,0
DA:76,0
DA:84,0
DA:85,0
DA:89,0
DA:91,0
DA:103,0
DA:104,0
DA:105,0
DA:109,0
DA:123,0
DA:131,0
DA:132,0
DA:133,0
DA:136,0
DA:143,0
DA:151,0
DA:152,0
LF:34
LH:0
BRDA:40,0,0,0
BRDA:40,0,1,0
BRDA:55,1,0,0
BRDA:55,1,1,0
BRDA:55,2,0,0
BRDA:55,2,1,0
BRDA:57,3,0,0
BRDA:57,3,1,0
BRDA:58,4,0,0
BRDA:58,4,1,0
BRDA:59,5,0,0
BRDA:59,5,1,0
BRDA:63,6,0,0
BRDA:63,6,1,0
BRDA:63,6,2,0
BRDA:84,7,0,0
BRDA:84,7,1,0
BRDA:103,8,0,0
BRDA:103,8,1,0
BRDA:131,9,0,0
BRDA:131,9,1,0
BRDA:151,10,0,0
BRDA:151,10,1,0
BRF:23
BRH:0
end_of_record
TN:
SF:src/modules/partner/partner.service.ts
FN:19,(anonymous_1)
FN:25,(anonymous_2)
FN:62,(anonymous_3)
FN:94,(anonymous_4)
FN:114,(anonymous_5)
FN:144,(anonymous_6)
FNF:6
FNH:0
FNDA:0,(anonymous_1)
FNDA:0,(anonymous_2)
FNDA:0,(anonymous_3)
FNDA:0,(anonymous_4)
FNDA:0,(anonymous_5)
FNDA:0,(anonymous_6)
DA:1,0
DA:2,0
DA:19,0
DA:20,0
DA:33,0
DA:35,0
DA:50,0
DA:51,0
DA:52,0
DA:55,0
DA:56,0
DA:63,0
DA:65,0
DA:66,0
DA:68,0
DA:74,0
DA:75,0
DA:78,0
DA:80,0
DA:81,0
DA:82,0
DA:85,0
DA:95,0
DA:97,0
DA:103,0
DA:104,0
DA:105,0
DA:108,0
DA:119,0
DA:121,0
DA:132,0
DA:133,0
DA:134,0
DA:137,0
DA:138,0
DA:145,0
DA:147,0
DA:153,0
DA:154,0
DA:157,0
LF:40
LH:0
BRDA:50,0,0,0
BRDA:50,0,1,0
BRDA:62,1,0,0
BRDA:62,2,0,0
BRDA:74,3,0,0
BRDA:74,3,1,0
BRDA:80,4,0,0
BRDA:80,4,1,0
BRDA:86,5,0,0
BRDA:86,5,1,0
BRDA:87,6,0,0
BRDA:87,6,1,0
BRDA:103,7,0,0
BRDA:103,7,1,0
BRDA:132,8,0,0
BRDA:132,8,1,0
BRDA:153,9,0,0
BRDA:153,9,1,0
BRDA:157,10,0,0
BRDA:157,10,1,0
BRF:20
BRH:0
end_of_record
TN:
SF:src/modules/payment/payment.service.ts
FN:45,(anonymous_2)
FN:66,(anonymous_3)
FN:170,(anonymous_4)
FN:222,(anonymous_5)
FN:328,(anonymous_6)
FN:396,(anonymous_7)
FN:414,(anonymous_8)
FN:443,(anonymous_9)
FN:486,(anonymous_10)
FN:493,(anonymous_11)
FN:499,(anonymous_12)
FN:500,(anonymous_13)
FN:513,(anonymous_14)
FN:530,(anonymous_15)
FN:532,(anonymous_16)
FN:540,(anonymous_17)
FN:559,(anonymous_18)
FN:567,(anonymous_19)
FNF:18
FNH:0
FNDA:0,(anonymous_2)
FNDA:0,(anonymous_3)
FNDA:0,(anonymous_4)
FNDA:0,(anonymous_5)
FNDA:0,(anonymous_6)
FNDA:0,(anonymous_7)
FNDA:0,(anonymous_8)
FNDA:0,(anonymous_9)
FNDA:0,(anonymous_10)
FNDA:0,(anonymous_11)
FNDA:0,(anonymous_12)
FNDA:0,(anonymous_13)
FNDA:0,(anonymous_14)
FNDA:0,(anonymous_15)
FNDA:0,(anonymous_16)
FNDA:0,(anonymous_17)
FNDA:0,(anonymous_18)
FNDA:0,(anonymous_19)
DA:1,0
DA:2,0
DA:3,0
DA:5,0
DA:45,0
DA:46,0
DA:52,0
DA:53,0
DA:54,0
DA:55,0
DA:56,0
DA:67,0
DA:70,0
DA:72,0
DA:75,0
DA:81,0
DA:84,0
DA:85,0
DA:86,0
DA:89,0
DA:91,0
DA:106,0
DA:107,0
DA:108,0
DA:112,0
DA:127,0
DA:128,0
DA:131,0
DA:137,0
DA:138,0
DA:140,0
DA:141,0
DA:145,0
DA:146,0
DA:147,0
DA:148,0
DA:150,0
DA:161,0
DA:163,0
DA:171,0
DA:173,0
DA:174,0
DA:177,0
DA:192,0
DA:193,0
DA:196,0
DA:227,0
DA:229,0
DA:231,0
DA:232,0
DA:233,0
DA:234,0
DA:238,0
DA:240,0
DA:243,0
DA:244,0
DA:245,0
DA:246,0
DA:247,0
DA:251,0
DA:253,0
DA:258,0
DA:264,0
DA:265,0
DA:266,0
DA:270,0
DA:280,0
DA:281,0
DA:285,0
DA:286,0
DA:288,0
DA:290,0
DA:297,0
DA:299,0
DA:308,0
DA:311,0
DA:314,0
DA:317,0
DA:319,0
DA:320,0
DA:333,0
DA:336,0
DA:337,0
DA:338,0
DA:344,0
DA:345,0
DA:347,0
DA:359,0
DA:360,0
DA:363,0
DA:370,0
DA:371,0
DA:373,0
DA:374,0
DA:379,0
DA:385,0
DA:386,0
DA:398,0
DA:399,0
DA:402,0
DA:403,0
DA:404,0
DA:405,0
DA:407,0
DA:421,0
DA:422,0
DA:423,0
DA:432,0
DA:444,0
DA:446,0
DA:452,0
DA:453,0
DA:460,0
DA:461,0
DA:463,0
DA:469,0
DA:470,0
DA:472,0
DA:478,0
DA:479,0
DA:487,0
DA:495,0
DA:498,0
DA:499,0
DA:500,0
DA:504,0
DA:507,0
DA:514,0
DA:516,0
DA:524,0
DA:531,0
DA:532,0
DA:534,0
DA:541,0
DA:542,0
DA:545,0
DA:546,0
DA:547,0
DA:548,0
DA:549,0
DA:553,0
DA:560,0
DA:574,0
DA:575,0
DA:578,0
DA:587,0
DA:594,0
LF:147
LH:0
BRDA:52,0,0,0
BRDA:52,0,1,0
BRDA:53,1,0,0
BRDA:53,1,1,0
BRDA:54,2,0,0
BRDA:54,2,1,0
BRDA:55,3,0,0
BRDA:55,3,1,0
BRDA:56,4,0,0
BRDA:56,4,1,0
BRDA:77,5,0,0
BRDA:77,5,1,0
BRDA:84,6,0,0
BRDA:84,6,1,0
BRDA:84,7,0,0
BRDA:84,7,1,0
BRDA:84,7,2,0
BRDA:99,8,0,0
BRDA:99,8,1,0
BRDA:106,9,0,0
BRDA:106,9,1,0
BRDA:140,10,0,0
BRDA:140,10,1,0
BRDA:140,11,0,0
BRDA:140,11,1,0
BRDA:141,12,0,0
BRDA:141,12,1,0
BRDA:185,13,0,0
BRDA:185,13,1,0
BRDA:192,14,0,0
BRDA:192,14,1,0
BRDA:232,15,0,0
BRDA:232,15,1,0
BRDA:244,16,0,0
BRDA:244,16,1,0
BRDA:248,17,0,0
BRDA:248,17,1,0
BRDA:249,18,0,0
BRDA:249,18,1,0
BRDA:264,19,0,0
BRDA:264,19,1,0
BRDA:264,20,0,0
BRDA:264,20,1,0
BRDA:280,21,0,0
BRDA:280,21,1,0
BRDA:288,22,0,0
BRDA:288,22,1,0
BRDA:288,23,0,0
BRDA:288,23,1,0
BRDA:288,23,2,0
BRDA:297,24,0,0
BRDA:297,24,1,0
BRDA:336,25,0,0
BRDA:336,25,1,0
BRDA:336,26,0,0
BRDA:336,26,1,0
BRDA:336,26,2,0
BRDA:373,27,0,0
BRDA:373,27,1,0
BRDA:373,28,0,0
BRDA:373,28,1,0
BRDA:381,29,0,0
BRDA:381,29,1,0
BRDA:398,30,0,0
BRDA:398,30,1,0
BRDA:421,31,0,0
BRDA:421,31,1,0
BRDA:444,32,0,0
BRDA:444,32,1,0
BRDA:444,33,0,0
BRDA:444,33,1,0
BRDA:444,33,2,0
BRDA:499,34,0,0
BRDA:499,34,1,0
BRDA:499,34,2,0
BRDA:546,35,0,0
BRDA:546,35,1,0
BRDA:547,36,0,0
BRDA:547,36,1,0
BRDA:548,37,0,0
BRDA:548,37,1,0
BRDA:548,38,0,0
BRDA:548,38,1,0
BRDA:574,39,0,0
BRDA:574,39,1,0
BRF:85
BRH:0
end_of_record
TN:
SF:src/modules/profit-sharing/profit-sharing.service.ts
FN:46,(anonymous_2)
FN:50,(anonymous_3)
FN:85,(anonymous_4)
FN:156,(anonymous_5)
FN:187,(anonymous_6)
FN:235,(anonymous_7)
FN:273,(anonymous_8)
FN:291,(anonymous_9)
FN:316,(anonymous_10)
FN:346,(anonymous_11)
FN:375,(anonymous_12)
FN:376,(anonymous_13)
FNF:12
FNH:0
FNDA:0,(anonymous_2)
FNDA:0,(anonymous_3)
FNDA:0,(anonymous_4)
FNDA:0,(anonymous_5)
FNDA:0,(anonymous_6)
FNDA:0,(anonymous_7)
FNDA:0,(anonymous_8)
FNDA:0,(anonymous_9)
FNDA:0,(anonymous_10)
FNDA:0,(anonymous_11)
FNDA:0,(anonymous_12)
FNDA:0,(anonymous_13)
DA:1,0
DA:2,0
DA:3,0
DA:5,0
DA:42,0
DA:43,0
DA:47,0
DA:51,0
DA:52,0
DA:55,0
DA:57,0
DA:58,0
DA:59,0
DA:62,0
DA:69,0
DA:71,0
DA:72,0
DA:91,0
DA:94,0
DA:95,0
DA:96,0
DA:99,0
DA:101,0
DA:104,0
DA:107,0
DA:121,0
DA:122,0
DA:125,0
DA:131,0
DA:138,0
DA:139,0
DA:144,0
DA:145,0
DA:157,0
DA:159,0
DA:166,0
DA:169,0
DA:170,0
DA:171,0
DA:173,0
DA:194,0
DA:196,0
DA:197,0
DA:199,0
DA:201,0
DA:202,0
DA:205,0
DA:208,0
DA:209,0
DA:210,0
DA:211,0
DA:216,0
DA:217,0
DA:220,0
DA:226,0
DA:236,0
DA:238,0
DA:244,0
DA:245,0
DA:246,0
DA:250,0
DA:264,0
DA:266,0
DA:274,0
DA:275,0
DA:280,0
DA:281,0
DA:284,0
DA:297,0
DA:300,0
DA:306,0
DA:317,0
DA:318,0
DA:324,0
DA:325,0
DA:329,0
DA:334,0
DA:335,0
DA:347,0
DA:348,0
DA:349,0
DA:352,0
DA:353,0
DA:359,0
DA:360,0
DA:361,0
DA:364,0
DA:365,0
DA:367,0
DA:368,0
DA:376,0
LF:91
LH:0
BRDA:55,0,0,0
BRDA:55,0,1,0
BRDA:55,1,0,0
BRDA:55,1,1,0
BRDA:55,1,2,0
BRDA:55,1,3,0
BRDA:66,2,0,0
BRDA:66,2,1,0
BRDA:67,3,0,0
BRDA:67,3,1,0
BRDA:94,4,0,0
BRDA:94,4,1,0
BRDA:121,5,0,0
BRDA:121,5,1,0
BRDA:121,6,0,0
BRDA:121,6,1,0
BRDA:121,6,2,0
BRDA:141,7,0,0
BRDA:141,7,1,0
BRDA:147,8,0,0
BRDA:147,8,1,0
BRDA:169,9,0,0
BRDA:169,9,1,0
BRDA:169,10,0,0
BRDA:169,10,1,0
BRDA:192,11,0,0
BRDA:201,12,0,0
BRDA:201,12,1,0
BRDA:205,13,0,0
BRDA:205,13,1,0
BRDA:208,14,0,0
BRDA:208,14,1,0
BRDA:244,15,0,0
BRDA:244,15,1,0
BRDA:280,16,0,0
BRDA:280,16,1,0
BRDA:317,17,0,0
BRDA:317,17,1,0
BRDA:347,18,0,0
BRDA:347,18,1,0
BRDA:359,19,0,0
BRDA:359,19,1,0
BRDA:359,20,0,0
BRDA:359,20,1,0
BRF:44
BRH:0
end_of_record
TN:
SF:src/modules/referral/referral.service.ts
FN:44,(anonymous_2)
FN:51,(anonymous_3)
FN:86,(anonymous_4)
FN:133,(anonymous_5)
FN:136,(anonymous_6)
FN:148,(anonymous_7)
FN:149,(anonymous_8)
FN:150,(anonymous_9)
FN:151,(anonymous_10)
FN:152,(anonymous_11)
FN:214,(anonymous_12)
FN:249,(anonymous_13)
FN:255,(anonymous_14)
FN:272,(anonymous_15)
FN:298,(anonymous_16)
FN:369,(anonymous_17)
FN:507,(anonymous_18)
FN:595,(anonymous_19)
FN:644,(anonymous_20)
FN:681,(anonymous_21)
FN:778,(anonymous_22)
FN:813,(anonymous_23)
FN:819,(anonymous_24)
FN:821,(anonymous_25)
FN:842,(anonymous_26)
FN:893,(anonymous_27)
FNF:26
FNH:0
FNDA:0,(anonymous_2)
FNDA:0,(anonymous_3)
FNDA:0,(anonymous_4)
FNDA:0,(anonymous_5)
FNDA:0,(anonymous_6)
FNDA:0,(anonymous_7)
FNDA:0,(anonymous_8)
FNDA:0,(anonymous_9)
FNDA:0,(anonymous_10)
FNDA:0,(anonymous_11)
FNDA:0,(anonymous_12)
FNDA:0,(anonymous_13)
FNDA:0,(anonymous_14)
FNDA:0,(anonymous_15)
FNDA:0,(anonymous_16)
FNDA:0,(anonymous_17)
FNDA:0,(anonymous_18)
FNDA:0,(anonymous_19)
FNDA:0,(anonymous_20)
FNDA:0,(anonymous_21)
FNDA:0,(anonymous_22)
FNDA:0,(anonymous_23)
FNDA:0,(anonymous_24)
FNDA:0,(anonymous_25)
FNDA:0,(anonymous_26)
FNDA:0,(anonymous_27)
DA:1,0
DA:2,0
DA:4,0
DA:7,0
DA:8,0
DA:9,0
DA:10,0
DA:40,0
DA:41,0
DA:45,0
DA:52,0
DA:53,0
DA:59,0
DA:60,0
DA:64,0
DA:71,0
DA:72,0
DA:75,0
DA:76,0
DA:78,0
DA:79,0
DA:87,0
DA:89,0
DA:95,0
DA:96,0
DA:116,0
DA:119,0
DA:128,0
DA:129,0
DA:132,0
DA:133,0
DA:134,0
DA:135,0
DA:136,0
DA:139,0
DA:144,0
DA:145,0
DA:148,0
DA:149,0
DA:150,0
DA:151,0
DA:152,0
DA:155,0
DA:161,0
DA:162,0
DA:168,0
DA:170,0
DA:177,0
DA:181,0
DA:182,0
DA:184,0
DA:202,0
DA:203,0
DA:215,0
DA:217,0
DA:223,0
DA:224,0
DA:228,0
DA:239,0
DA:240,0
DA:241,0
DA:244,0
DA:245,0
DA:249,0
DA:250,0
DA:255,0
DA:257,0
DA:258,0
DA:260,0
DA:261,0
DA:262,0
DA:264,0
DA:267,0
DA:272,0
DA:274,0
DA:288,0
DA:290,0
DA:291,0
DA:299,0
DA:301,0
DA:309,0
DA:311,0
DA:320,0
DA:321,0
DA:322,0
DA:325,0
DA:327,0
DA:331,0
DA:337,0
DA:338,0
DA:342,0
DA:344,0
DA:352,0
DA:353,0
DA:354,0
DA:357,0
DA:359,0
DA:360,0
DA:374,0
DA:376,0
DA:377,0
DA:383,0
DA:384,0
DA:387,0
DA:388,0
DA:394,0
DA:395,0
DA:399,0
DA:400,0
DA:405,0
DA:406,0
DA:411,0
DA:412,0
DA:417,0
DA:420,0
DA:421,0
DA:425,0
DA:426,0
DA:430,0
DA:432,0
DA:434,0
DA:435,0
DA:439,0
DA:447,0
DA:448,0
DA:450,0
DA:452,0
DA:461,0
DA:462,0
DA:463,0
DA:466,0
DA:469,0
DA:480,0
DA:481,0
DA:482,0
DA:485,0
DA:489,0
DA:494,0
DA:496,0
DA:497,0
DA:513,0
DA:515,0
DA:521,0
DA:522,0
DA:523,0
DA:527,0
DA:534,0
DA:535,0
DA:539,0
DA:540,0
DA:541,0
DA:545,0
DA:546,0
DA:547,0
DA:551,0
DA:554,0
DA:568,0
DA:569,0
DA:570,0
DA:574,0
DA:582,0
DA:584,0
DA:586,0
DA:587,0
DA:596,0
DA:597,0
DA:598,0
DA:599,0
DA:603,0
DA:609,0
DA:612,0
DA:613,0
DA:619,0
DA:622,0
DA:623,0
DA:634,0
DA:636,0
DA:645,0
DA:646,0
DA:649,0
DA:654,0
DA:655,0
DA:656,0
DA:659,0
DA:660,0
DA:662,0
DA:667,0
DA:670,0
DA:671,0
DA:673,0
DA:674,0
DA:682,0
DA:684,0
DA:690,0
DA:692,0
DA:697,0
DA:700,0
DA:701,0
DA:704,0
DA:707,0
DA:713,0
DA:714,0
DA:718,0
DA:719,0
DA:723,0
DA:724,0
DA:725,0
DA:729,0
DA:730,0
DA:733,0
DA:739,0
DA:741,0
DA:751,0
DA:763,0
DA:768,0
DA:770,0
DA:771,0
DA:779,0
DA:781,0
DA:787,0
DA:788,0
DA:791,0
DA:807,0
DA:808,0
DA:809,0
DA:813,0
DA:814,0
DA:819,0
DA:821,0
DA:832,0
DA:834,0
DA:835,0
DA:843,0
DA:844,0
DA:850,0
DA:852,0
DA:853,0
DA:858,0
DA:862,0
DA:873,0
DA:874,0
DA:875,0
DA:879,0
DA:881,0
DA:883,0
DA:884,0
DA:893,0
DA:894,0
DA:895,0
DA:896,0
DA:897,0
DA:899,0
LF:252
LH:0
BRDA:59,0,0,0
BRDA:59,0,1,0
BRDA:59,1,0,0
BRDA:59,1,1,0
BRDA:71,2,0,0
BRDA:71,2,1,0
BRDA:95,3,0,0
BRDA:95,3,1,0
BRDA:128,4,0,0
BRDA:128,4,1,0
BRDA:133,5,0,0
BRDA:133,5,1,0
BRDA:134,6,0,0
BRDA:134,6,1,0
BRDA:144,7,0,0
BRDA:144,7,1,0
BRDA:148,8,0,0
BRDA:148,8,1,0
BRDA:148,9,0,0
BRDA:148,9,1,0
BRDA:149,10,0,0
BRDA:149,10,1,0
BRDA:150,11,0,0
BRDA:150,11,1,0
BRDA:151,12,0,0
BRDA:151,12,1,0
BRDA:152,13,0,0
BRDA:152,13,1,0
BRDA:161,14,0,0
BRDA:161,14,1,0
BRDA:161,15,0,0
BRDA:161,15,1,0
BRDA:223,16,0,0
BRDA:223,16,1,0
BRDA:239,17,0,0
BRDA:239,17,1,0
BRDA:244,18,0,0
BRDA:244,18,1,0
BRDA:244,19,0,0
BRDA:244,19,1,0
BRDA:255,20,0,0
BRDA:255,20,1,0
BRDA:262,21,0,0
BRDA:262,21,1,0
BRDA:272,22,0,0
BRDA:272,22,1,0
BRDA:272,23,0,0
BRDA:272,23,1,0
BRDA:276,24,0,0
BRDA:276,24,1,0
BRDA:277,25,0,0
BRDA:277,25,1,0
BRDA:278,26,0,0
BRDA:278,26,1,0
BRDA:279,27,0,0
BRDA:279,27,1,0
BRDA:282,28,0,0
BRDA:282,28,1,0
BRDA:283,29,0,0
BRDA:283,29,1,0
BRDA:309,30,0,0
BRDA:309,30,1,0
BRDA:309,31,0,0
BRDA:309,31,1,0
BRDA:320,32,0,0
BRDA:320,32,1,0
BRDA:320,33,0,0
BRDA:320,33,1,0
BRDA:337,34,0,0
BRDA:337,34,1,0
BRDA:352,35,0,0
BRDA:352,35,1,0
BRDA:383,36,0,0
BRDA:383,36,1,0
BRDA:394,37,0,0
BRDA:394,37,1,0
BRDA:399,38,0,0
BRDA:399,38,1,0
BRDA:405,39,0,0
BRDA:405,39,1,0
BRDA:411,40,0,0
BRDA:411,40,1,0
BRDA:420,41,0,0
BRDA:420,41,1,0
BRDA:420,42,0,0
BRDA:420,42,1,0
BRDA:425,43,0,0
BRDA:425,43,1,0
BRDA:432,44,0,0
BRDA:432,44,1,0
BRDA:450,45,0,0
BRDA:450,45,1,0
BRDA:461,46,0,0
BRDA:461,46,1,0
BRDA:480,47,0,0
BRDA:480,47,1,0
BRDA:511,48,0,0
BRDA:521,49,0,0
BRDA:521,49,1,0
BRDA:534,50,0,0
BRDA:534,50,1,0
BRDA:539,51,0,0
BRDA:539,51,1,0
BRDA:546,52,0,0
BRDA:546,52,1,0
BRDA:568,53,0,0
BRDA:568,53,1,0
BRDA:577,54,0,0
BRDA:577,54,1,0
BRDA:598,55,0,0
BRDA:598,55,1,0
BRDA:609,56,0,0
BRDA:609,56,1,0
BRDA:619,57,0,0
BRDA:619,57,1,0
BRDA:619,58,0,0
BRDA:619,58,1,0
BRDA:654,59,0,0
BRDA:654,59,1,0
BRDA:654,60,0,0
BRDA:654,60,1,0
BRDA:690,61,0,0
BRDA:690,61,1,0
BRDA:700,62,0,0
BRDA:700,62,1,0
BRDA:713,63,0,0
BRDA:713,63,1,0
BRDA:713,64,0,0
BRDA:713,64,1,0
BRDA:718,65,0,0
BRDA:718,65,1,0
BRDA:724,66,0,0
BRDA:724,66,1,0
BRDA:739,67,0,0
BRDA:739,67,1,0
BRDA:787,68,0,0
BRDA:787,68,1,0
BRDA:807,69,0,0
BRDA:807,69,1,0
BRDA:813,70,0,0
BRDA:813,70,1,0
BRDA:819,71,0,0
BRDA:819,71,1,0
BRDA:821,72,0,0
BRDA:821,72,1,0
BRDA:829,73,0,0
BRDA:829,73,1,0
BRDA:850,74,0,0
BRDA:850,74,1,0
BRDA:852,75,0,0
BRDA:852,75,1,0
BRDA:852,76,0,0
BRDA:852,76,1,0
BRDA:873,77,0,0
BRDA:873,77,1,0
BRF:155
BRH:0
end_of_record
TN:
SF:src/modules/return-gift/return-gift.service.ts
FN:85,(anonymous_2)
FN:90,(anonymous_3)
FN:148,(anonymous_4)
FN:214,(anonymous_5)
FN:299,(anonymous_6)
FN:470,(anonymous_7)
FN:509,(anonymous_8)
FN:545,(anonymous_9)
FN:575,(anonymous_10)
FN:610,(anonymous_11)
FN:643,(anonymous_12)
FN:673,(anonymous_13)
FN:742,(anonymous_14)
FN:810,(anonymous_15)
FN:842,(anonymous_16)
FN:854,(anonymous_17)
FN:858,(anonymous_18)
FN:866,(anonymous_19)
FN:884,(anonymous_20)
FN:887,(anonymous_21)
FN:891,(anonymous_22)
FN:901,(anonymous_23)
FNF:22
FNH:8
FNDA:16,(anonymous_2)
FNDA:3,(anonymous_3)
FNDA:3,(anonymous_4)
FNDA:1,(anonymous_5)
FNDA:0,(anonymous_6)
FNDA:2,(anonymous_7)
FNDA:0,(anonymous_8)
FNDA:0,(anonymous_9)
FNDA:2,(anonymous_10)
FNDA:0,(anonymous_11)
FNDA:0,(anonymous_12)
FNDA:4,(anonymous_13)
FNDA:2,(anonymous_14)
FNDA:0,(anonymous_15)
FNDA:0,(anonymous_16)
FNDA:0,(anonymous_17)
FNDA:0,(anonymous_18)
FNDA:0,(anonymous_19)
FNDA:0,(anonymous_20)
FNDA:0,(anonymous_21)
FNDA:0,(anonymous_22)
FNDA:0,(anonymous_23)
DA:1,1
DA:2,1
DA:3,1
DA:5,1
DA:8,1
DA:9,1
DA:82,1
DA:83,16
DA:85,16
DA:91,3
DA:94,3
DA:102,3
DA:104,1
DA:114,1
DA:115,0
DA:116,0
DA:118,1
DA:121,2
DA:130,2
DA:131,1
DA:132,1
DA:134,1
DA:138,2
DA:139,2
DA:141,2
DA:150,3
DA:151,3
DA:152,1
DA:153,1
DA:157,2
DA:163,2
DA:165,1
DA:166,1
DA:170,1
DA:171,1
DA:173,1
DA:179,1
DA:180,0
DA:181,0
DA:184,1
DA:185,1
DA:186,1
DA:190,0
DA:206,0
DA:207,0
DA:215,1
DA:218,1
DA:224,1
DA:225,1
DA:229,0
DA:230,0
DA:231,0
DA:232,0
DA:236,0
DA:242,0
DA:243,0
DA:244,0
DA:248,0
DA:256,0
DA:257,0
DA:258,0
DA:262,0
DA:268,0
DA:269,0
DA:270,0
DA:274,0
DA:275,0
DA:279,0
DA:284,0
DA:300,0
DA:302,0
DA:304,0
DA:310,0
DA:311,0
DA:314,0
DA:315,0
DA:316,0
DA:318,0
DA:319,0
DA:323,0
DA:329,0
DA:330,0
DA:333,0
DA:334,0
DA:335,0
DA:339,0
DA:347,0
DA:348,0
DA:351,0
DA:354,0
DA:355,0
DA:362,0
DA:364,0
DA:370,0
DA:371,0
DA:383,0
DA:395,0
DA:405,0
DA:417,0
DA:418,0
DA:421,0
DA:427,0
DA:428,0
DA:437,0
DA:440,0
DA:443,0
DA:453,0
DA:463,0
DA:475,2
DA:478,2
DA:484,2
DA:485,1
DA:489,1
DA:490,1
DA:494,0
DA:495,0
DA:496,0
DA:500,0
DA:502,0
DA:503,0
DA:508,0
DA:509,0
DA:512,0
DA:513,0
DA:517,0
DA:527,0
DA:528,0
DA:529,0
DA:530,0
DA:531,0
DA:535,0
DA:540,0
DA:541,0
DA:545,0
DA:546,0
DA:547,0
DA:549,0
DA:552,0
DA:558,0
DA:560,0
DA:576,2
DA:579,2
DA:585,2
DA:586,1
DA:590,1
DA:591,1
DA:595,0
DA:596,0
DA:597,0
DA:601,0
DA:603,0
DA:604,0
DA:609,0
DA:610,0
DA:613,0
DA:614,0
DA:618,0
DA:621,0
DA:633,0
DA:638,0
DA:639,0
DA:643,0
DA:644,0
DA:645,0
DA:647,0
DA:650,0
DA:656,0
DA:658,0
DA:674,4
DA:677,4
DA:683,4
DA:684,1
DA:688,3
DA:689,1
DA:692,2
DA:693,0
DA:697,2
DA:698,2
DA:699,2
DA:701,2
DA:703,1
DA:711,1
DA:715,1
DA:724,1
DA:725,0
DA:728,1
DA:744,2
DA:750,2
DA:751,1
DA:755,1
DA:761,1
DA:762,0
DA:766,1
DA:767,1
DA:769,1
DA:771,1
DA:772,1
DA:776,1
DA:777,0
DA:781,1
DA:782,0
DA:787,1
DA:788,1
DA:791,1
DA:811,0
DA:817,0
DA:819,0
DA:822,0
DA:823,0
DA:824,0
DA:825,0
DA:827,0
DA:828,0
DA:829,0
DA:830,0
DA:833,0
DA:843,0
DA:844,0
DA:845,0
DA:846,0
DA:848,0
DA:855,0
DA:856,0
DA:858,0
DA:866,0
DA:874,0
DA:885,0
DA:887,0
DA:888,0
DA:891,0
DA:892,0
DA:895,0
DA:902,0
DA:904,0
DA:905,0
DA:907,0
DA:909,0
DA:910,0
DA:916,0
DA:918,0
LF:240
LH:85
BRDA:102,0,0,1
BRDA:102,0,1,2
BRDA:114,1,0,0
BRDA:114,1,1,1
BRDA:130,2,0,1
BRDA:130,2,1,1
BRDA:151,3,0,1
BRDA:151,3,1,2
BRDA:151,4,0,3
BRDA:151,4,1,1
BRDA:163,5,0,1
BRDA:163,5,1,1
BRDA:170,6,0,1
BRDA:170,6,1,0
BRDA:170,7,0,1
BRDA:170,7,1,1
BRDA:179,8,0,0
BRDA:179,8,1,1
BRDA:179,9,0,1
BRDA:179,9,1,1
BRDA:185,10,0,1
BRDA:185,10,1,0
BRDA:193,11,0,0
BRDA:193,11,1,0
BRDA:194,12,0,0
BRDA:194,12,1,0
BRDA:195,13,0,0
BRDA:195,13,1,0
BRDA:196,14,0,0
BRDA:196,14,1,0
BRDA:197,15,0,0
BRDA:197,15,1,0
BRDA:198,16,0,0
BRDA:198,16,1,0
BRDA:224,17,0,1
BRDA:224,17,1,0
BRDA:224,18,0,1
BRDA:224,18,1,0
BRDA:230,19,0,0
BRDA:230,19,1,0
BRDA:242,20,0,0
BRDA:242,20,1,0
BRDA:256,21,0,0
BRDA:256,21,1,0
BRDA:256,22,0,0
BRDA:256,22,1,0
BRDA:268,23,0,0
BRDA:268,23,1,0
BRDA:274,24,0,0
BRDA:274,24,1,0
BRDA:274,25,0,0
BRDA:274,25,1,0
BRDA:310,26,0,0
BRDA:310,26,1,0
BRDA:310,27,0,0
BRDA:310,27,1,0
BRDA:316,28,0,0
BRDA:316,28,1,0
BRDA:318,29,0,0
BRDA:318,29,1,0
BRDA:329,30,0,0
BRDA:329,30,1,0
BRDA:329,31,0,0
BRDA:329,31,1,0
BRDA:334,32,0,0
BRDA:334,32,1,0
BRDA:347,33,0,0
BRDA:347,33,1,0
BRDA:362,34,0,0
BRDA:362,34,1,0
BRDA:370,35,0,0
BRDA:370,35,1,0
BRDA:389,36,0,0
BRDA:389,36,1,0
BRDA:427,37,0,0
BRDA:427,37,1,0
BRDA:437,38,0,0
BRDA:437,38,1,0
BRDA:447,39,0,0
BRDA:447,39,1,0
BRDA:460,40,0,0
BRDA:460,40,1,0
BRDA:484,41,0,1
BRDA:484,41,1,1
BRDA:484,42,0,2
BRDA:484,42,1,1
BRDA:489,43,0,1
BRDA:489,43,1,0
BRDA:495,44,0,0
BRDA:495,44,1,0
BRDA:495,45,0,0
BRDA:495,45,1,0
BRDA:500,46,0,0
BRDA:500,46,1,0
BRDA:502,47,0,0
BRDA:502,47,1,0
BRDA:512,48,0,0
BRDA:512,48,1,0
BRDA:527,49,0,0
BRDA:527,49,1,0
BRDA:527,50,0,0
BRDA:527,50,1,0
BRDA:540,51,0,0
BRDA:540,51,1,0
BRDA:546,52,0,0
BRDA:546,52,1,0
BRDA:585,53,0,1
BRDA:585,53,1,1
BRDA:585,54,0,2
BRDA:585,54,1,1
BRDA:590,55,0,1
BRDA:590,55,1,0
BRDA:596,56,0,0
BRDA:596,56,1,0
BRDA:596,57,0,0
BRDA:596,57,1,0
BRDA:601,58,0,0
BRDA:601,58,1,0
BRDA:603,59,0,0
BRDA:603,59,1,0
BRDA:613,60,0,0
BRDA:613,60,1,0
BRDA:638,61,0,0
BRDA:638,61,1,0
BRDA:644,62,0,0
BRDA:644,62,1,0
BRDA:683,63,0,1
BRDA:683,63,1,3
BRDA:683,64,0,4
BRDA:683,64,1,3
BRDA:688,65,0,1
BRDA:688,65,1,2
BRDA:692,66,0,0
BRDA:692,66,1,2
BRDA:701,67,0,1
BRDA:701,67,1,1
BRDA:724,68,0,0
BRDA:724,68,1,1
BRDA:750,69,0,1
BRDA:750,69,1,1
BRDA:750,70,0,2
BRDA:750,70,1,1
BRDA:761,71,0,0
BRDA:761,71,1,1
BRDA:769,72,0,1
BRDA:769,72,1,0
BRDA:771,73,0,1
BRDA:771,73,1,0
BRDA:772,74,0,1
BRDA:772,74,1,0
BRDA:776,75,0,0
BRDA:776,75,1,1
BRDA:776,76,0,1
BRDA:776,76,1,0
BRDA:777,77,0,0
BRDA:777,77,1,0
BRDA:781,78,0,0
BRDA:781,78,1,1
BRDA:781,79,0,1
BRDA:781,79,1,0
BRDA:782,80,0,0
BRDA:782,80,1,0
BRDA:787,81,0,1
BRDA:787,81,1,0
BRDA:796,82,0,1
BRDA:796,82,1,0
BRDA:817,83,0,0
BRDA:817,83,1,0
BRDA:823,84,0,0
BRDA:823,84,1,0
BRDA:824,85,0,0
BRDA:824,85,1,0
BRDA:825,86,0,0
BRDA:825,86,1,0
BRDA:827,87,0,0
BRDA:827,87,1,0
BRDA:827,88,0,0
BRDA:827,88,1,0
BRDA:827,88,2,0
BRDA:829,89,0,0
BRDA:829,89,1,0
BRDA:829,90,0,0
BRDA:829,90,1,0
BRDA:856,91,0,0
BRDA:856,91,1,0
BRDA:905,92,0,0
BRDA:905,92,1,0
BRDA:909,93,0,0
BRDA:909,93,1,0
BRF:189
BRH:54
end_of_record
TN:
SF:src/modules/user/user.service.ts
FN:7,(anonymous_1)
FN:22,(anonymous_2)
FN:36,(anonymous_3)
FN:47,(anonymous_4)
FN:60,(anonymous_5)
FN:61,(anonymous_6)
FN:76,(anonymous_7)
FN:88,(anonymous_8)
FN:103,(anonymous_9)
FN:114,(anonymous_10)
FN:150,(anonymous_11)
FN:166,(anonymous_12)
FNF:12
FNH:0
FNDA:0,(anonymous_1)
FNDA:0,(anonymous_2)
FNDA:0,(anonymous_3)
FNDA:0,(anonymous_4)
FNDA:0,(anonymous_5)
FNDA:0,(anonymous_6)
FNDA:0,(anonymous_7)
FNDA:0,(anonymous_8)
FNDA:0,(anonymous_9)
FNDA:0,(anonymous_10)
FNDA:0,(anonymous_11)
FNDA:0,(anonymous_12)
DA:1,0
DA:2,0
DA:5,0
DA:8,0
DA:11,0
DA:17,0
DA:22,0
DA:25,0
DA:26,0
DA:28,0
DA:29,0
DA:35,0
DA:36,0
DA:39,0
DA:48,0
DA:51,0
DA:56,0
DA:57,0
DA:60,0
DA:61,0
DA:64,0
DA:65,0
DA:67,0
DA:76,0
DA:81,0
DA:89,0
DA:91,0
DA:98,0
DA:99,0
DA:100,0
DA:103,0
DA:115,0
DA:118,0
DA:124,0
DA:126,0
DA:136,0
DA:151,0
DA:153,0
DA:154,0
DA:155,0
DA:157,0
DA:167,0
DA:169,0
DA:171,0
DA:177,0
DA:178,0
DA:180,0
DA:181,0
DA:182,0
DA:185,0
DA:191,0
DA:192,0
DA:198,0
DA:200,0
DA:203,0
DA:205,0
DA:208,0
DA:217,0
DA:225,0
DA:226,0
LF:60
LH:0
BRDA:22,0,0,0
BRDA:22,0,1,0
BRDA:28,1,0,0
BRDA:28,1,1,0
BRDA:35,2,0,0
BRDA:35,2,1,0
BRDA:36,3,0,0
BRDA:36,3,1,0
BRDA:40,4,0,0
BRDA:40,4,1,0
BRDA:47,5,0,0
BRDA:47,6,0,0
BRDA:56,7,0,0
BRDA:56,7,1,0
BRDA:56,8,0,0
BRDA:56,8,1,0
BRDA:76,9,0,0
BRDA:76,9,1,0
BRDA:83,10,0,0
BRDA:83,10,1,0
BRDA:98,11,0,0
BRDA:98,11,1,0
BRDA:103,12,0,0
BRDA:103,12,1,0
BRDA:124,13,0,0
BRDA:124,13,1,0
BRDA:124,14,0,0
BRDA:124,14,1,0
BRDA:139,15,0,0
BRDA:139,15,1,0
BRDA:140,16,0,0
BRDA:140,16,1,0
BRDA:141,17,0,0
BRDA:141,17,1,0
BRDA:142,18,0,0
BRDA:142,18,1,0
BRDA:143,19,0,0
BRDA:143,19,1,0
BRDA:154,20,0,0
BRDA:154,20,1,0
BRDA:155,21,0,0
BRDA:155,21,1,0
BRDA:166,22,0,0
BRDA:180,23,0,0
BRDA:180,23,1,0
BRDA:181,24,0,0
BRDA:181,24,1,0
BRDA:191,25,0,0
BRDA:191,25,1,0
BRDA:198,26,0,0
BRDA:198,26,1,0
BRDA:198,27,0,0
BRDA:198,27,1,0
BRDA:198,27,2,0
BRF:54
BRH:0
end_of_record
TN:
SF:src/modules/wechat-pay/wechat-pay.service.ts
FN:10,(anonymous_2)
FN:14,(anonymous_3)
FN:44,(anonymous_4)
FN:109,(anonymous_5)
FN:131,(anonymous_6)
FN:150,(anonymous_7)
FN:187,(anonymous_8)
FN:210,(anonymous_9)
FN:229,(anonymous_10)
FNF:9
FNH:0
FNDA:0,(anonymous_2)
FNDA:0,(anonymous_3)
FNDA:0,(anonymous_4)
FNDA:0,(anonymous_5)
FNDA:0,(anonymous_6)
FNDA:0,(anonymous_7)
FNDA:0,(anonymous_8)
FNDA:0,(anonymous_9)
FNDA:0,(anonymous_10)
DA:1,1
DA:2,1
DA:3,1
DA:6,1
DA:7,0
DA:11,0
DA:15,0
DA:17,0
DA:20,0
DA:22,0
DA:23,0
DA:24,0
DA:27,0
DA:34,0
DA:36,0
DA:37,0
DA:50,0
DA:52,0
DA:53,0
DA:66,0
DA:68,0
DA:69,0
DA:70,0
DA:72,0
DA:79,0
DA:92,0
DA:93,0
DA:98,0
DA:99,0
DA:110,0
DA:111,0
DA:115,0
DA:120,0
DA:121,0
DA:132,0
DA:133,0
DA:137,0
DA:139,0
DA:140,0
DA:157,0
DA:159,0
DA:160,0
DA:171,0
DA:176,0
DA:177,0
DA:188,0
DA:189,0
DA:190,0
DA:191,0
DA:192,0
DA:194,0
DA:202,0
DA:203,0
DA:211,0
DA:212,0
DA:219,0
DA:220,0
DA:235,0
DA:237,0
DA:240,0
DA:241,0
DA:242,0
DA:248,0
DA:250,0
DA:252,0
DA:254,0
DA:270,0
DA:271,0
DA:272,0
DA:278,0
DA:279,0
DA:284,0
DA:285,0
LF:73
LH:4
BRDA:20,0,0,0
BRDA:20,0,1,0
BRDA:20,1,0,0
BRDA:20,1,1,0
BRDA:20,1,2,0
BRDA:20,1,3,0
BRDA:31,2,0,0
BRDA:31,2,1,0
BRDA:32,3,0,0
BRDA:32,3,1,0
BRDA:66,4,0,0
BRDA:66,4,1,0
BRDA:66,5,0,0
BRDA:66,5,1,0
BRDA:101,6,0,0
BRDA:101,6,1,0
BRDA:123,7,0,0
BRDA:123,7,1,0
BRDA:142,8,0,0
BRDA:142,8,1,0
BRDA:163,9,0,0
BRDA:163,9,1,0
BRDA:179,10,0,0
BRDA:179,10,1,0
BRDA:240,11,0,0
BRDA:240,11,1,0
BRDA:240,12,0,0
BRDA:240,12,1,0
BRDA:250,13,0,0
BRDA:250,13,1,0
BRDA:270,14,0,0
BRDA:270,14,1,0
BRDA:270,15,0,0
BRDA:270,15,1,0
BRDA:270,15,2,0
BRDA:274,16,0,0
BRDA:274,16,1,0
BRDA:281,17,0,0
BRDA:281,17,1,0
BRDA:287,18,0,0
BRDA:287,18,1,0
BRF:41
BRH:0
end_of_record
TN:
SF:src/modules/withdraw/withdraw.service.ts
FN:9,(anonymous_2)
FN:14,(anonymous_3)
FN:42,(anonymous_4)
FN:55,(anonymous_5)
FN:64,(anonymous_6)
FN:73,(anonymous_7)
FN:86,(anonymous_8)
FN:177,(anonymous_9)
FNF:8
FNH:0
FNDA:0,(anonymous_2)
FNDA:0,(anonymous_3)
FNDA:0,(anonymous_4)
FNDA:0,(anonymous_5)
FNDA:0,(anonymous_6)
FNDA:0,(anonymous_7)
FNDA:0,(anonymous_8)
FNDA:0,(anonymous_9)
DA:1,0
DA:2,0
DA:3,0
DA:6,0
DA:7,0
DA:9,0
DA:15,0
DA:17,0
DA:18,0
DA:20,0
DA:27,0
DA:28,0
DA:29,0
DA:32,0
DA:43,0
DA:46,0
DA:51,0
DA:52,0
DA:55,0
DA:58,0
DA:64,0
DA:67,0
DA:73,0
DA:76,0
DA:77,0
DA:78,0
DA:80,0
DA:91,0
DA:94,0
DA:95,0
DA:96,0
DA:103,0
DA:104,0
DA:110,0
DA:113,0
DA:124,0
DA:125,0
DA:126,0
DA:133,0
DA:140,0
DA:141,0
DA:150,0
DA:152,0
DA:157,0
DA:165,0
DA:167,0
DA:178,0
DA:180,0
DA:186,0
DA:187,0
DA:188,0
DA:191,0
LF:52
LH:0
BRDA:14,0,0,0
BRDA:14,1,0,0
BRDA:27,2,0,0
BRDA:27,2,1,0
BRDA:33,3,0,0
BRDA:33,3,1,0
BRDA:34,4,0,0
BRDA:34,4,1,0
BRDA:51,5,0,0
BRDA:51,5,1,0
BRDA:51,6,0,0
BRDA:51,6,1,0
BRDA:64,7,0,0
BRDA:64,7,1,0
BRDA:73,8,0,0
BRDA:73,8,1,0
BRDA:95,9,0,0
BRDA:95,9,1,0
BRDA:103,10,0,0
BRDA:103,10,1,0
BRDA:124,11,0,0
BRDA:124,11,1,0
BRDA:124,12,0,0
BRDA:124,12,1,0
BRDA:140,13,0,0
BRDA:140,13,1,0
BRDA:186,14,0,0
BRDA:186,14,1,0
BRF:28
BRH:0
end_of_record
